mode: atomic
asher/internal/api/asher_object_walker.go:16.121,22.2 1 0
asher/internal/api/asher_object_walker.go:27.40,32.2 3 0
asher/internal/api/asher_object_walker.go:34.46,35.50 1 0
asher/internal/api/asher_object_walker.go:35.50,37.3 1 0
asher/internal/api/tabbed_unit.go:11.40,12.17 1 0
asher/internal/api/tabbed_unit.go:15.2,15.11 1 0
asher/internal/api/tabbed_unit.go:12.17,14.3 1 0
asher/internal/api/codebuilder/php/core/class.go:22.24,33.2 1 0
asher/internal/api/codebuilder/php/core/class.go:35.33,37.2 1 0
asher/internal/api/codebuilder/php/core/class.go:39.42,41.2 1 0
asher/internal/api/codebuilder/php/core/class.go:43.36,57.2 12 0
asher/internal/api/codebuilder/php/core/class.go:62.76,63.40 1 0
asher/internal/api/codebuilder/php/core/class.go:68.2,68.91 1 0
asher/internal/api/codebuilder/php/core/class.go:63.40,64.36 1 0
asher/internal/api/codebuilder/php/core/class.go:64.36,66.4 1 0
asher/internal/api/codebuilder/php/core/class.go:74.72,75.42 1 0
asher/internal/api/codebuilder/php/core/class.go:80.2,80.93 1 0
asher/internal/api/codebuilder/php/core/class.go:75.42,76.33 1 0
asher/internal/api/codebuilder/php/core/class.go:76.33,78.4 1 0
asher/internal/api/codebuilder/php/core/class.go:86.55,88.2 1 0
asher/internal/api/codebuilder/php/core/class.go:90.61,91.25 1 0
asher/internal/api/codebuilder/php/core/class.go:91.25,93.3 1 0
asher/internal/api/codebuilder/php/core/class.go:96.61,97.28 1 0
asher/internal/api/codebuilder/php/core/class.go:97.28,98.41 1 0
asher/internal/api/codebuilder/php/core/class.go:101.3,101.28 1 0
asher/internal/api/codebuilder/php/core/class.go:98.41,100.4 1 0
asher/internal/api/codebuilder/php/core/class.go:105.61,106.25 1 0
asher/internal/api/codebuilder/php/core/class.go:106.25,108.3 1 0
asher/internal/api/codebuilder/php/core/class.go:111.61,112.28 1 0
asher/internal/api/codebuilder/php/core/class.go:112.28,113.41 1 0
asher/internal/api/codebuilder/php/core/class.go:113.41,116.18 3 0
asher/internal/api/codebuilder/php/core/class.go:116.18,118.5 1 0
asher/internal/api/codebuilder/php/core/class.go:123.68,124.35 1 0
asher/internal/api/codebuilder/php/core/class.go:124.35,126.17 2 0
asher/internal/api/codebuilder/php/core/class.go:126.17,128.4 1 0
asher/internal/api/codebuilder/php/core/class.go:132.63,133.30 1 0
asher/internal/api/codebuilder/php/core/class.go:133.30,134.43 1 0
asher/internal/api/codebuilder/php/core/class.go:134.43,137.4 2 0
asher/internal/api/codebuilder/php/core/var_declaration.go:16.70,22.2 1 0
asher/internal/api/codebuilder/php/core/var_declaration.go:24.47,26.2 1 0
asher/internal/api/codebuilder/php/core/var_declaration.go:28.38,30.2 1 0
asher/internal/api/codebuilder/php/core/var_declaration.go:32.42,37.2 3 0
asher/internal/impl/laravel/5.8/handler/helper/column_datatype.go:10.48,12.2 1 0
asher/internal/impl/laravel/5.8/handler/helper/column_datatype.go:14.40,16.2 1 0
asher/internal/impl/laravel/5.8/handler/helper/column_datatype.go:18.45,20.2 1 0
asher/internal/impl/laravel/5.8/handler/helper/column_datatype.go:22.37,24.2 1 0
asher/internal/impl/laravel/5.8/handler/helper/column_datatype.go:26.49,28.2 1 0
asher/internal/impl/laravel/5.8/handler/helper/column_datatype.go:30.41,32.2 1 0
asher/internal/impl/laravel/5.8/handler/helper/column_datatype.go:34.51,36.2 1 0
asher/internal/impl/laravel/5.8/handler/helper/column_datatype.go:38.43,40.2 1 0
asher/internal/impl/laravel/5.8/handler/helper/column_datatype.go:42.36,44.2 1 0
asher/internal/impl/laravel/5.8/handler/helper/column_datatype.go:46.37,48.2 1 0
asher/internal/impl/laravel/5.8/handler/helper/column_datatype.go:50.34,52.2 1 0
asher/internal/impl/laravel/5.8/handler/helper/column_datatype.go:54.34,56.2 1 0
asher/internal/impl/laravel/5.8/handler/helper/column_datatype.go:58.36,60.2 1 0
asher/internal/impl/laravel/5.8/handler/helper/column_datatype.go:62.35,64.2 1 0
asher/internal/impl/laravel/5.8/handler/helper/column_datatype.go:66.52,68.2 1 0
asher/internal/impl/laravel/5.8/handler/helper/column_datatype.go:70.51,72.2 1 0
asher/internal/impl/laravel/5.8/handler/helper/column_datatype.go:76.61,79.2 2 0
asher/internal/impl/laravel/5.8/handler/helper/relationship_detail.go:17.70,22.2 1 0
asher/internal/impl/laravel/5.8/handler/generator/model.go:28.42,38.2 1 0
asher/internal/impl/laravel/5.8/handler/generator/model.go:50.111,53.2 2 0
asher/internal/impl/laravel/5.8/handler/generator/model.go:65.111,68.2 2 0
asher/internal/impl/laravel/5.8/handler/generator/model.go:79.81,83.2 3 0
asher/internal/impl/laravel/5.8/handler/generator/model.go:94.86,97.2 2 0
asher/internal/impl/laravel/5.8/handler/generator/model.go:108.89,111.2 2 0
asher/internal/impl/laravel/5.8/handler/generator/model.go:120.80,123.2 2 0
asher/internal/impl/laravel/5.8/handler/generator/model.go:133.106,136.2 2 0
asher/internal/impl/laravel/5.8/handler/generator/model.go:144.59,149.39 2 0
asher/internal/impl/laravel/5.8/handler/generator/model.go:155.2,155.36 1 0
asher/internal/impl/laravel/5.8/handler/generator/model.go:161.2,161.31 1 0
asher/internal/impl/laravel/5.8/handler/generator/model.go:166.2,166.51 1 0
asher/internal/impl/laravel/5.8/handler/generator/model.go:172.2,172.51 1 0
asher/internal/impl/laravel/5.8/handler/generator/model.go:178.2,178.49 1 0
asher/internal/impl/laravel/5.8/handler/generator/model.go:184.2,184.47 1 0
asher/internal/impl/laravel/5.8/handler/generator/model.go:149.39,153.3 2 0
asher/internal/impl/laravel/5.8/handler/generator/model.go:155.36,159.3 2 0
asher/internal/impl/laravel/5.8/handler/generator/model.go:161.31,164.3 2 0
asher/internal/impl/laravel/5.8/handler/generator/model.go:166.51,170.3 2 0
asher/internal/impl/laravel/5.8/handler/generator/model.go:172.51,176.3 2 0
asher/internal/impl/laravel/5.8/handler/generator/model.go:178.49,179.63 1 0
asher/internal/impl/laravel/5.8/handler/generator/model.go:179.63,181.4 1 0
asher/internal/impl/laravel/5.8/handler/generator/model.go:192.55,194.2 1 0
asher/internal/impl/laravel/5.8/handler/generator/model.go:206.94,211.2 3 0
asher/internal/impl/laravel/5.8/handler/context/migration.go:12.39,14.2 1 1
asher/internal/impl/laravel/5.8/handler/context/migration.go:19.69,21.2 1 0
asher/internal/impl/laravel/5.8/handler/context/migration.go:27.60,29.2 1 0
asher/internal/api/codebuilder/php/core/function.go:20.30,29.2 1 0
asher/internal/api/codebuilder/php/core/function.go:31.40,33.2 1 0
asher/internal/api/codebuilder/php/core/function.go:35.32,36.18 1 0
asher/internal/api/codebuilder/php/core/function.go:39.2,39.15 1 0
asher/internal/api/codebuilder/php/core/function.go:36.18,38.3 1 0
asher/internal/api/codebuilder/php/core/function.go:42.36,48.38 5 0
asher/internal/api/codebuilder/php/core/function.go:52.2,53.25 2 0
asher/internal/api/codebuilder/php/core/function.go:48.38,51.3 2 0
asher/internal/api/codebuilder/php/core/function.go:59.75,60.39 1 0
asher/internal/api/codebuilder/php/core/function.go:66.2,66.48 1 0
asher/internal/api/codebuilder/php/core/function.go:60.39,62.27 2 0
asher/internal/api/codebuilder/php/core/function.go:62.27,64.4 1 0
asher/internal/api/codebuilder/php/core/function.go:72.65,73.39 1 0
asher/internal/api/codebuilder/php/core/function.go:78.2,78.83 1 0
asher/internal/api/codebuilder/php/core/function.go:73.39,74.29 1 0
asher/internal/api/codebuilder/php/core/function.go:74.29,76.4 1 0
asher/internal/api/codebuilder/php/core/function.go:84.58,86.2 1 0
asher/internal/api/codebuilder/php/core/php_emitter_file.go:17.102,24.2 1 0
asher/internal/api/codebuilder/php/core/php_emitter_file.go:26.44,28.2 1 0
asher/internal/api/codebuilder/php/core/php_emitter_file.go:30.40,32.2 1 0
asher/internal/api/codebuilder/php/core/php_emitter_file.go:34.51,36.2 1 0
asher/internal/api/codebuilder/php/core/php_emitter_file.go:38.41,40.2 1 0
asher/internal/api/codebuilder/php/core/php_emitter_file.go:42.42,47.2 4 0
asher/internal/api/codebuilder/php/core/return_statement.go:15.55,19.2 1 0
asher/internal/api/codebuilder/php/core/return_statement.go:21.48,23.2 1 0
asher/internal/api/codebuilder/php/core/return_statement.go:25.39,27.2 1 0
asher/internal/api/codebuilder/php/core/return_statement.go:29.43,33.2 3 0
asher/internal/impl/laravel/5.8/handler/helper/audit_col_input.go:18.95,22.2 1 0
asher/internal/impl/laravel/5.8/handler/helper/audit_col_input.go:24.50,26.2 1 0
asher/internal/impl/laravel/5.8/handler/helper/audit_col_input.go:28.53,30.2 1 0
asher/internal/impl/laravel/5.8/handler/helper/audit_col_input.go:32.51,34.2 1 0
asher/internal/impl/laravel/5.8/handler/helper/audit_col_input.go:39.57,41.28 2 0
asher/internal/impl/laravel/5.8/handler/helper/audit_col_input.go:44.2,44.30 1 0
asher/internal/impl/laravel/5.8/handler/helper/audit_col_input.go:47.2,47.12 1 0
asher/internal/impl/laravel/5.8/handler/helper/audit_col_input.go:41.28,43.3 1 0
asher/internal/impl/laravel/5.8/handler/helper/audit_col_input.go:44.30,46.3 1 0
asher/internal/impl/laravel/5.8/handler/helper/audit_col_input.go:50.64,52.26 2 0
asher/internal/impl/laravel/5.8/handler/helper/audit_col_input.go:55.2,55.12 1 0
asher/internal/impl/laravel/5.8/handler/helper/audit_col_input.go:52.26,54.3 1 0
asher/internal/impl/laravel/5.8/handler/helper/audit_col_input.go:58.65,60.26 2 0
asher/internal/impl/laravel/5.8/handler/helper/audit_col_input.go:63.2,63.30 1 0
asher/internal/impl/laravel/5.8/handler/helper/audit_col_input.go:67.2,67.12 1 0
asher/internal/impl/laravel/5.8/handler/helper/audit_col_input.go:60.26,62.3 1 0
asher/internal/impl/laravel/5.8/handler/helper/audit_col_input.go:63.30,66.3 1 0
asher/internal/impl/laravel/5.8/handler/helper/audit_col_input.go:77.76,79.14 2 0
asher/internal/impl/laravel/5.8/handler/helper/audit_col_input.go:82.2,82.17 1 0
asher/internal/impl/laravel/5.8/handler/helper/audit_col_input.go:85.2,85.15 1 0
asher/internal/impl/laravel/5.8/handler/helper/audit_col_input.go:88.2,88.16 1 0
asher/internal/impl/laravel/5.8/handler/helper/audit_col_input.go:79.14,81.3 1 0
asher/internal/impl/laravel/5.8/handler/helper/audit_col_input.go:82.17,84.3 1 0
asher/internal/impl/laravel/5.8/handler/helper/audit_col_input.go:85.15,87.3 1 0
asher/internal/api/codebuilder/php/core/parameter.go:11.42,15.2 1 0
asher/internal/api/codebuilder/php/core/parameter.go:17.42,19.2 1 0
asher/internal/api/codebuilder/php/core/parameter.go:21.33,23.2 1 0
asher/internal/api/codebuilder/php/core/parameter.go:25.37,27.2 1 0
asher/internal/api/codebuilder/php/builder/class.go:17.31,21.2 1 0
asher/internal/api/codebuilder/php/builder/class.go:26.56,30.2 1 0
asher/internal/api/codebuilder/php/builder/class.go:35.59,38.2 2 0
asher/internal/api/codebuilder/php/builder/class.go:43.70,45.2 1 0
asher/internal/api/codebuilder/php/builder/class.go:50.74,53.2 2 0
asher/internal/api/codebuilder/php/builder/class.go:58.70,61.2 2 0
asher/internal/api/codebuilder/php/builder/class.go:66.75,69.2 2 0
asher/internal/api/codebuilder/php/builder/class.go:74.66,77.2 2 0
asher/internal/api/codebuilder/php/builder/class.go:82.67,85.2 2 0
asher/internal/api/codebuilder/php/builder/class.go:90.66,92.2 1 0
asher/internal/api/codebuilder/php/builder/class.go:97.61,100.2 2 0
asher/internal/api/codebuilder/php/builder/class.go:102.44,104.2 1 0
asher/internal/api/writer.go:19.56,23.2 1 0
asher/internal/api/writer.go:32.62,34.43 2 0
asher/internal/api/writer.go:53.2,53.15 1 0
asher/internal/api/writer.go:34.43,37.27 2 0
asher/internal/api/writer.go:43.3,48.21 4 0
asher/internal/api/writer.go:37.27,39.9 2 0
asher/internal/api/writer.go:48.21,50.9 2 0
asher/internal/api/codebuilder/php/core/return_array.go:16.64,20.2 1 0
asher/internal/api/codebuilder/php/core/return_array.go:22.48,26.2 1 0
asher/internal/api/codebuilder/php/core/return_array.go:28.44,30.2 1 0
asher/internal/api/codebuilder/php/core/return_array.go:32.35,34.2 1 0
asher/internal/api/codebuilder/php/core/return_array.go:36.39,40.2 3 0
asher/internal/api/codebuilder/php/core/return_array.go:45.53,47.2 1 0
asher/internal/api/codebuilder/php/core/return_array.go:49.78,52.27 3 0
asher/internal/api/codebuilder/php/core/return_array.go:55.2,55.18 1 0
asher/internal/api/codebuilder/php/core/return_array.go:52.27,54.3 1 0
asher/internal/api/codebuilder/php/core/return_array.go:67.60,69.27 2 0
asher/internal/api/codebuilder/php/core/return_array.go:72.2,73.13 2 0
asher/internal/api/codebuilder/php/core/return_array.go:69.27,71.3 1 0
asher/internal/impl/laravel/5.8/handler/generator/migration.go:21.50,25.2 1 0
asher/internal/impl/laravel/5.8/handler/generator/migration.go:36.93,41.2 4 0
asher/internal/impl/laravel/5.8/handler/generator/migration.go:52.106,54.2 1 0
asher/internal/impl/laravel/5.8/handler/generator/migration.go:68.111,71.2 2 0
asher/internal/impl/laravel/5.8/handler/generator/migration.go:78.67,82.53 3 0
asher/internal/impl/laravel/5.8/handler/generator/migration.go:87.2,104.51 7 0
asher/internal/impl/laravel/5.8/handler/generator/migration.go:82.53,85.3 2 0
asher/internal/impl/laravel/5.8/handler/generator/migration.go:112.63,114.2 1 0
asher/internal/impl/laravel/5.8/handler/writer/writer_handler_registry.go:26.56,28.24 1 0
asher/internal/impl/laravel/5.8/handler/writer/writer_handler_registry.go:33.2,33.20 1 0
asher/internal/impl/laravel/5.8/handler/writer/writer_handler_registry.go:28.24,32.3 1 0
asher/internal/impl/laravel/5.8/handler/writer/writer_handler_registry.go:44.91,46.2 1 0
asher/internal/api/codebuilder/php/core/array_assignment.go:17.94,23.2 1 0
asher/internal/api/codebuilder/php/core/array_assignment.go:25.50,27.2 1 0
asher/internal/api/codebuilder/php/core/array_assignment.go:29.41,31.2 1 0
asher/internal/api/codebuilder/php/core/array_assignment.go:33.45,38.2 3 0
asher/internal/api/codebuilder/php/core/var_assignment.go:17.80,24.2 1 0
asher/internal/api/codebuilder/php/core/var_assignment.go:26.46,28.2 1 0
asher/internal/api/codebuilder/php/core/var_assignment.go:30.37,32.2 1 0
asher/internal/api/codebuilder/php/core/var_assignment.go:34.41,39.2 3 0
asher/internal/impl/laravel/5.8/handler/writer/migration.go:12.58,16.2 1 1
asher/internal/impl/laravel/5.8/handler/writer/migration.go:18.86,20.2 1 0
asher/internal/impl/laravel/5.8/handler/writer/migration.go:22.84,24.2 0 0
asher/internal/api/codebuilder/php/core/function_call.go:17.48,22.2 1 0
asher/internal/api/codebuilder/php/core/function_call.go:24.45,26.2 1 0
asher/internal/api/codebuilder/php/core/function_call.go:28.36,30.2 1 0
asher/internal/api/codebuilder/php/core/function_call.go:36.67,39.2 2 0
asher/internal/api/codebuilder/php/core/function_call.go:41.69,42.33 1 0
asher/internal/api/codebuilder/php/core/function_call.go:47.2,47.83 1 0
asher/internal/api/codebuilder/php/core/function_call.go:42.33,43.29 1 0
asher/internal/api/codebuilder/php/core/function_call.go:43.29,45.4 1 0
asher/internal/api/codebuilder/php/core/function_call.go:50.40,54.32 4 0
asher/internal/api/codebuilder/php/core/function_call.go:60.2,61.25 2 0
asher/internal/api/codebuilder/php/core/function_call.go:54.32,56.22 2 0
asher/internal/api/codebuilder/php/core/function_call.go:56.22,58.4 1 0
asher/internal/api/codebuilder/php/core/simple_statement.go:15.66,19.2 1 0
asher/internal/api/codebuilder/php/core/simple_statement.go:21.51,23.2 1 0
asher/internal/api/codebuilder/php/core/simple_statement.go:25.42,27.2 1 0
asher/internal/api/codebuilder/php/core/simple_statement.go:29.46,33.2 3 0
asher/internal/api/codebuilder/php/builder/function.go:17.37,21.2 1 0
asher/internal/api/codebuilder/php/builder/function.go:23.72,27.2 1 0
asher/internal/api/codebuilder/php/builder/function.go:29.61,32.2 2 0
asher/internal/api/codebuilder/php/builder/function.go:34.65,36.2 1 0
asher/internal/api/codebuilder/php/builder/function.go:38.68,41.2 2 0
asher/internal/api/codebuilder/php/builder/function.go:43.80,45.2 1 0
asher/internal/api/codebuilder/php/builder/function.go:47.84,50.2 2 0
asher/internal/api/codebuilder/php/builder/function.go:52.66,55.2 2 0
asher/internal/api/codebuilder/php/builder/function.go:57.49,59.2 1 0
asher/internal/impl/laravel/5.8/handler/context/registry.go:12.46,14.2 1 0
asher/internal/impl/laravel/5.8/handler/context/model.go:12.31,14.2 1 1
asher/internal/impl/laravel/5.8/handler/context/model.go:16.57,18.2 1 0
asher/internal/impl/laravel/5.8/handler/context/model.go:20.48,22.2 1 0
asher/internal/impl/laravel/5.8/handler/column.go:18.40,20.2 1 0
asher/internal/impl/laravel/5.8/handler/column.go:22.111,30.2 4 0
asher/internal/impl/laravel/5.8/handler/column.go:32.112,35.38 2 0
asher/internal/impl/laravel/5.8/handler/column.go:41.2,44.19 4 0
asher/internal/impl/laravel/5.8/handler/column.go:35.38,39.3 3 0
asher/internal/impl/laravel/5.8/handler/column.go:47.115,49.41 2 0
asher/internal/impl/laravel/5.8/handler/column.go:57.2,61.19 5 0
asher/internal/impl/laravel/5.8/handler/column.go:49.41,55.3 1 0
asher/internal/impl/laravel/5.8/handler/column.go:64.132,65.23 1 0
asher/internal/impl/laravel/5.8/handler/column.go:65.23,68.3 2 0
asher/internal/impl/laravel/5.8/handler/column.go:71.118,73.20 1 0
asher/internal/impl/laravel/5.8/handler/column.go:73.20,76.3 1 0
asher/internal/impl/laravel/5.8/handler/column.go:76.8,76.42 1 0
asher/internal/impl/laravel/5.8/handler/column.go:76.42,79.3 1 0
asher/internal/impl/laravel/5.8/handler/column.go:79.8,82.3 1 0
asher/internal/impl/laravel/5.8/handler/column.go:86.123,87.14 1 0
asher/internal/impl/laravel/5.8/handler/column.go:87.14,89.3 1 0
asher/internal/impl/laravel/5.8/handler/column.go:92.125,93.15 1 0
asher/internal/impl/laravel/5.8/handler/column.go:93.15,95.3 1 0
asher/internal/impl/laravel/5.8/handler/column.go:98.122,100.34 2 0
asher/internal/impl/laravel/5.8/handler/column.go:109.2,111.3 1 0
asher/internal/impl/laravel/5.8/handler/column.go:100.34,103.3 2 0
asher/internal/impl/laravel/5.8/handler/column.go:103.8,103.31 1 0
asher/internal/impl/laravel/5.8/handler/column.go:103.31,106.3 1 0
asher/internal/impl/laravel/5.8/handler/column.go:106.8,107.86 1 0
asher/internal/impl/laravel/5.8/handler/column.go:115.93,126.2 8 0
asher/internal/impl/laravel/5.8/handler/column.go:128.143,140.2 5 0
asher/internal/impl/laravel/5.8/handler/column.go:142.72,143.14 1 0
asher/internal/impl/laravel/5.8/handler/column.go:146.2,146.11 1 0
asher/internal/impl/laravel/5.8/handler/column.go:143.14,145.3 1 0
asher/internal/impl/laravel/5.8/handler/column.go:149.82,150.22 1 0
asher/internal/impl/laravel/5.8/handler/column.go:153.2,153.11 1 0
asher/internal/impl/laravel/5.8/handler/column.go:150.22,152.3 1 0
asher/internal/impl/laravel/5.8/handler/column.go:156.70,157.13 1 0
asher/internal/impl/laravel/5.8/handler/column.go:160.2,160.11 1 0
asher/internal/impl/laravel/5.8/handler/column.go:157.13,159.3 1 0
asher/internal/impl/laravel/5.8/handler/column.go:163.76,164.16 1 0
asher/internal/impl/laravel/5.8/handler/column.go:167.2,167.11 1 0
asher/internal/impl/laravel/5.8/handler/column.go:164.16,166.3 1 0
asher/internal/impl/laravel/5.8/handler/column.go:170.90,171.17 1 0
asher/internal/impl/laravel/5.8/handler/column.go:172.17,173.22 1 0
asher/internal/impl/laravel/5.8/handler/column.go:174.23,175.28 1 0
asher/internal/impl/laravel/5.8/handler/column.go:176.22,177.27 1 0
asher/internal/impl/laravel/5.8/handler/column.go:178.21,179.26 1 0
asher/internal/impl/laravel/5.8/handler/column.go:180.20,181.25 1 0
asher/internal/impl/laravel/5.8/handler/column.go:182.10,183.48 1 0
asher/internal/impl/laravel/5.8/handler/column.go:191.110,192.17 1 0
asher/internal/impl/laravel/5.8/handler/column.go:194.28,195.44 1 0
asher/internal/impl/laravel/5.8/handler/column.go:196.20,197.36 1 0
asher/internal/impl/laravel/5.8/handler/column.go:198.25,199.41 1 0
asher/internal/impl/laravel/5.8/handler/column.go:200.17,201.33 1 0
asher/internal/impl/laravel/5.8/handler/column.go:202.29,203.45 1 0
asher/internal/impl/laravel/5.8/handler/column.go:204.21,205.37 1 0
asher/internal/impl/laravel/5.8/handler/column.go:206.31,207.47 1 0
asher/internal/impl/laravel/5.8/handler/column.go:208.23,209.39 1 0
asher/internal/impl/laravel/5.8/handler/column.go:210.16,211.32 1 0
asher/internal/impl/laravel/5.8/handler/column.go:212.17,213.33 1 0
asher/internal/impl/laravel/5.8/handler/column.go:214.14,215.30 1 0
asher/internal/impl/laravel/5.8/handler/column.go:216.14,217.30 1 0
asher/internal/impl/laravel/5.8/handler/column.go:218.16,219.32 1 0
asher/internal/impl/laravel/5.8/handler/column.go:220.15,221.31 1 0
asher/internal/impl/laravel/5.8/handler/column.go:222.14,223.39 1 0
asher/internal/impl/laravel/5.8/handler/column.go:224.13,225.38 1 0
asher/internal/impl/laravel/5.8/handler/column.go:226.10,228.73 1 0
asher/internal/impl/laravel/5.8/handler/context/registry.go:12.46,14.2 1 3
asher/internal/api/tabbed_unit.go:11.40,12.17 1 0
asher/internal/api/tabbed_unit.go:15.2,15.11 1 0
asher/internal/api/tabbed_unit.go:12.17,14.3 1 0
asher/internal/api/codebuilder/php/core/class.go:22.24,33.2 1 2
asher/internal/api/codebuilder/php/core/class.go:35.33,37.2 1 0
asher/internal/api/codebuilder/php/core/class.go:39.42,41.2 1 0
asher/internal/api/codebuilder/php/core/class.go:43.36,57.2 12 0
asher/internal/api/codebuilder/php/core/class.go:62.76,63.40 1 2
asher/internal/api/codebuilder/php/core/class.go:68.2,68.91 1 0
asher/internal/api/codebuilder/php/core/class.go:63.40,64.36 1 3
asher/internal/api/codebuilder/php/core/class.go:64.36,66.4 1 2
asher/internal/api/codebuilder/php/core/class.go:74.72,75.42 1 0
asher/internal/api/codebuilder/php/core/class.go:80.2,80.93 1 0
asher/internal/api/codebuilder/php/core/class.go:75.42,76.33 1 0
asher/internal/api/codebuilder/php/core/class.go:76.33,78.4 1 0
asher/internal/api/codebuilder/php/core/class.go:86.55,88.2 1 0
asher/internal/api/codebuilder/php/core/class.go:90.61,91.25 1 0
asher/internal/api/codebuilder/php/core/class.go:91.25,93.3 1 0
asher/internal/api/codebuilder/php/core/class.go:96.61,97.28 1 0
asher/internal/api/codebuilder/php/core/class.go:97.28,98.41 1 0
asher/internal/api/codebuilder/php/core/class.go:101.3,101.28 1 0
asher/internal/api/codebuilder/php/core/class.go:98.41,100.4 1 0
asher/internal/api/codebuilder/php/core/class.go:105.61,106.25 1 0
asher/internal/api/codebuilder/php/core/class.go:106.25,108.3 1 0
asher/internal/api/codebuilder/php/core/class.go:111.61,112.28 1 0
asher/internal/api/codebuilder/php/core/class.go:112.28,113.41 1 0
asher/internal/api/codebuilder/php/core/class.go:113.41,116.18 3 0
asher/internal/api/codebuilder/php/core/class.go:116.18,118.5 1 0
asher/internal/api/codebuilder/php/core/class.go:123.68,124.35 1 0
asher/internal/api/codebuilder/php/core/class.go:124.35,126.17 2 0
asher/internal/api/codebuilder/php/core/class.go:126.17,128.4 1 0
asher/internal/api/codebuilder/php/core/class.go:132.63,133.30 1 0
asher/internal/api/codebuilder/php/core/class.go:133.30,134.43 1 0
asher/internal/api/codebuilder/php/core/class.go:134.43,137.4 2 0
asher/internal/impl/laravel/5.8/handler/helper/column_datatype.go:10.48,12.2 1 0
asher/internal/impl/laravel/5.8/handler/helper/column_datatype.go:14.40,16.2 1 1
asher/internal/impl/laravel/5.8/handler/helper/column_datatype.go:18.45,20.2 1 0
asher/internal/impl/laravel/5.8/handler/helper/column_datatype.go:22.37,24.2 1 0
asher/internal/impl/laravel/5.8/handler/helper/column_datatype.go:26.49,28.2 1 0
asher/internal/impl/laravel/5.8/handler/helper/column_datatype.go:30.41,32.2 1 0
asher/internal/impl/laravel/5.8/handler/helper/column_datatype.go:34.51,36.2 1 0
asher/internal/impl/laravel/5.8/handler/helper/column_datatype.go:38.43,40.2 1 0
asher/internal/impl/laravel/5.8/handler/helper/column_datatype.go:42.36,44.2 1 2
asher/internal/impl/laravel/5.8/handler/helper/column_datatype.go:46.37,48.2 1 0
asher/internal/impl/laravel/5.8/handler/helper/column_datatype.go:50.34,52.2 1 0
asher/internal/impl/laravel/5.8/handler/helper/column_datatype.go:54.34,56.2 1 0
asher/internal/impl/laravel/5.8/handler/helper/column_datatype.go:58.36,60.2 1 0
asher/internal/impl/laravel/5.8/handler/helper/column_datatype.go:62.35,64.2 1 0
asher/internal/impl/laravel/5.8/handler/helper/column_datatype.go:66.52,68.2 1 1
asher/internal/impl/laravel/5.8/handler/helper/column_datatype.go:70.51,72.2 1 0
asher/internal/impl/laravel/5.8/handler/helper/column_datatype.go:76.61,79.2 2 1
asher/internal/impl/laravel/5.8/handler/helper/audit_col_input.go:18.95,22.2 1 0
asher/internal/impl/laravel/5.8/handler/helper/audit_col_input.go:24.50,26.2 1 0
asher/internal/impl/laravel/5.8/handler/helper/audit_col_input.go:28.53,30.2 1 0
asher/internal/impl/laravel/5.8/handler/helper/audit_col_input.go:32.51,34.2 1 0
asher/internal/impl/laravel/5.8/handler/helper/audit_col_input.go:39.57,41.28 2 0
asher/internal/impl/laravel/5.8/handler/helper/audit_col_input.go:44.2,44.30 1 0
asher/internal/impl/laravel/5.8/handler/helper/audit_col_input.go:47.2,47.12 1 0
asher/internal/impl/laravel/5.8/handler/helper/audit_col_input.go:41.28,43.3 1 0
asher/internal/impl/laravel/5.8/handler/helper/audit_col_input.go:44.30,46.3 1 0
asher/internal/impl/laravel/5.8/handler/helper/audit_col_input.go:50.64,52.26 2 0
asher/internal/impl/laravel/5.8/handler/helper/audit_col_input.go:55.2,55.12 1 0
asher/internal/impl/laravel/5.8/handler/helper/audit_col_input.go:52.26,54.3 1 0
asher/internal/impl/laravel/5.8/handler/helper/audit_col_input.go:58.65,60.26 2 0
asher/internal/impl/laravel/5.8/handler/helper/audit_col_input.go:63.2,63.30 1 0
asher/internal/impl/laravel/5.8/handler/helper/audit_col_input.go:67.2,67.12 1 0
asher/internal/impl/laravel/5.8/handler/helper/audit_col_input.go:60.26,62.3 1 0
asher/internal/impl/laravel/5.8/handler/helper/audit_col_input.go:63.30,66.3 1 0
asher/internal/impl/laravel/5.8/handler/helper/audit_col_input.go:77.76,79.14 2 0
asher/internal/impl/laravel/5.8/handler/helper/audit_col_input.go:82.2,82.17 1 0
asher/internal/impl/laravel/5.8/handler/helper/audit_col_input.go:85.2,85.15 1 0
asher/internal/impl/laravel/5.8/handler/helper/audit_col_input.go:88.2,88.16 1 0
asher/internal/impl/laravel/5.8/handler/helper/audit_col_input.go:79.14,81.3 1 0
asher/internal/impl/laravel/5.8/handler/helper/audit_col_input.go:82.17,84.3 1 0
asher/internal/impl/laravel/5.8/handler/helper/audit_col_input.go:85.15,87.3 1 0
asher/internal/impl/laravel/5.8/handler/generator/model.go:28.42,38.2 1 1
asher/internal/impl/laravel/5.8/handler/generator/model.go:50.111,53.2 2 5
asher/internal/impl/laravel/5.8/handler/generator/model.go:65.111,68.2 2 5
asher/internal/impl/laravel/5.8/handler/generator/model.go:79.81,83.2 3 1
asher/internal/impl/laravel/5.8/handler/generator/model.go:94.86,97.2 2 9
asher/internal/impl/laravel/5.8/handler/generator/model.go:108.89,111.2 2 11
asher/internal/impl/laravel/5.8/handler/generator/model.go:120.80,123.2 2 0
asher/internal/impl/laravel/5.8/handler/generator/model.go:133.106,136.2 2 0
asher/internal/impl/laravel/5.8/handler/generator/model.go:144.59,149.39 2 1
asher/internal/impl/laravel/5.8/handler/generator/model.go:155.2,155.36 1 1
asher/internal/impl/laravel/5.8/handler/generator/model.go:161.2,161.31 1 1
asher/internal/impl/laravel/5.8/handler/generator/model.go:166.2,166.51 1 1
asher/internal/impl/laravel/5.8/handler/generator/model.go:172.2,172.51 1 1
asher/internal/impl/laravel/5.8/handler/generator/model.go:178.2,178.49 1 1
asher/internal/impl/laravel/5.8/handler/generator/model.go:184.2,184.47 1 1
asher/internal/impl/laravel/5.8/handler/generator/model.go:149.39,153.3 2 1
asher/internal/impl/laravel/5.8/handler/generator/model.go:155.36,159.3 2 1
asher/internal/impl/laravel/5.8/handler/generator/model.go:161.31,164.3 2 0
asher/internal/impl/laravel/5.8/handler/generator/model.go:166.51,170.3 2 1
asher/internal/impl/laravel/5.8/handler/generator/model.go:172.51,176.3 2 1
asher/internal/impl/laravel/5.8/handler/generator/model.go:178.49,179.63 1 0
asher/internal/impl/laravel/5.8/handler/generator/model.go:179.63,181.4 1 0
asher/internal/impl/laravel/5.8/handler/generator/model.go:192.55,194.2 1 0
asher/internal/impl/laravel/5.8/handler/generator/model.go:206.94,211.2 3 2
asher/internal/api/writer.go:19.56,23.2 1 0
asher/internal/api/writer.go:32.62,34.43 2 0
asher/internal/api/writer.go:53.2,53.15 1 0
asher/internal/api/writer.go:34.43,37.27 2 0
asher/internal/api/writer.go:43.3,48.21 4 0
asher/internal/api/writer.go:37.27,39.9 2 0
asher/internal/api/writer.go:48.21,50.9 2 0
asher/internal/api/codebuilder/php/core/array_assignment.go:17.94,23.2 1 2
asher/internal/api/codebuilder/php/core/array_assignment.go:25.50,27.2 1 0
asher/internal/api/codebuilder/php/core/array_assignment.go:29.41,31.2 1 3
asher/internal/api/codebuilder/php/core/array_assignment.go:33.45,38.2 3 0
asher/internal/api/codebuilder/php/core/function_call.go:17.48,22.2 1 0
asher/internal/api/codebuilder/php/core/function_call.go:24.45,26.2 1 0
asher/internal/api/codebuilder/php/core/function_call.go:28.36,30.2 1 0
asher/internal/api/codebuilder/php/core/function_call.go:36.67,39.2 2 0
asher/internal/api/codebuilder/php/core/function_call.go:41.69,42.33 1 0
asher/internal/api/codebuilder/php/core/function_call.go:47.2,47.83 1 0
asher/internal/api/codebuilder/php/core/function_call.go:42.33,43.29 1 0
asher/internal/api/codebuilder/php/core/function_call.go:43.29,45.4 1 0
asher/internal/api/codebuilder/php/core/function_call.go:50.40,54.32 4 0
asher/internal/api/codebuilder/php/core/function_call.go:60.2,61.25 2 0
asher/internal/api/codebuilder/php/core/function_call.go:54.32,56.22 2 0
asher/internal/api/codebuilder/php/core/function_call.go:56.22,58.4 1 0
asher/internal/impl/laravel/5.8/handler/context/migration.go:12.39,14.2 1 1
asher/internal/impl/laravel/5.8/handler/context/migration.go:19.69,21.2 1 1
asher/internal/impl/laravel/5.8/handler/context/migration.go:27.60,29.2 1 0
asher/internal/impl/laravel/5.8/handler/writer/migration.go:12.58,16.2 1 1
asher/internal/impl/laravel/5.8/handler/writer/migration.go:18.86,20.2 1 0
asher/internal/impl/laravel/5.8/handler/writer/migration.go:22.84,24.2 0 0
asher/internal/api/codebuilder/php/core/function.go:20.30,29.2 1 2
asher/internal/api/codebuilder/php/core/function.go:31.40,33.2 1 0
asher/internal/api/codebuilder/php/core/function.go:35.32,36.18 1 0
asher/internal/api/codebuilder/php/core/function.go:39.2,39.15 1 0
asher/internal/api/codebuilder/php/core/function.go:36.18,38.3 1 0
asher/internal/api/codebuilder/php/core/function.go:42.36,48.38 5 0
asher/internal/api/codebuilder/php/core/function.go:52.2,53.25 2 0
asher/internal/api/codebuilder/php/core/function.go:48.38,51.3 2 0
asher/internal/api/codebuilder/php/core/function.go:59.75,60.39 1 0
asher/internal/api/codebuilder/php/core/function.go:66.2,66.48 1 0
asher/internal/api/codebuilder/php/core/function.go:60.39,62.27 2 0
asher/internal/api/codebuilder/php/core/function.go:62.27,64.4 1 0
asher/internal/api/codebuilder/php/core/function.go:72.65,73.39 1 0
asher/internal/api/codebuilder/php/core/function.go:78.2,78.83 1 0
asher/internal/api/codebuilder/php/core/function.go:73.39,74.29 1 0
asher/internal/api/codebuilder/php/core/function.go:74.29,76.4 1 0
asher/internal/api/codebuilder/php/core/function.go:84.58,86.2 1 0
asher/internal/api/codebuilder/php/core/return_statement.go:15.55,19.2 1 0
asher/internal/api/codebuilder/php/core/return_statement.go:21.48,23.2 1 0
asher/internal/api/codebuilder/php/core/return_statement.go:25.39,27.2 1 0
asher/internal/api/codebuilder/php/core/return_statement.go:29.43,33.2 3 0
asher/internal/api/codebuilder/php/builder/function.go:17.37,21.2 1 2
asher/internal/api/codebuilder/php/builder/function.go:23.72,27.2 1 0
asher/internal/api/codebuilder/php/builder/function.go:29.61,32.2 2 2
asher/internal/api/codebuilder/php/builder/function.go:34.65,36.2 1 0
asher/internal/api/codebuilder/php/builder/function.go:38.68,41.2 2 0
asher/internal/api/codebuilder/php/builder/function.go:43.80,45.2 1 2
asher/internal/api/codebuilder/php/builder/function.go:47.84,50.2 2 2
asher/internal/api/codebuilder/php/builder/function.go:52.66,55.2 2 2
asher/internal/api/codebuilder/php/builder/function.go:57.49,59.2 1 2
asher/internal/impl/laravel/5.8/handler/helper/relationship_detail.go:17.70,22.2 1 0
asher/internal/impl/laravel/5.8/handler/generator/migration.go:21.50,25.2 1 1
asher/internal/impl/laravel/5.8/handler/generator/migration.go:36.93,41.2 4 1
asher/internal/impl/laravel/5.8/handler/generator/migration.go:52.106,54.2 1 0
asher/internal/impl/laravel/5.8/handler/generator/migration.go:68.111,71.2 2 1
asher/internal/impl/laravel/5.8/handler/generator/migration.go:78.67,82.53 3 0
asher/internal/impl/laravel/5.8/handler/generator/migration.go:87.2,104.51 7 0
asher/internal/impl/laravel/5.8/handler/generator/migration.go:82.53,85.3 2 0
asher/internal/impl/laravel/5.8/handler/generator/migration.go:112.63,114.2 1 0
asher/internal/impl/laravel/5.8/handler/context/model.go:12.31,14.2 1 1
asher/internal/impl/laravel/5.8/handler/context/model.go:16.57,18.2 1 1
asher/internal/impl/laravel/5.8/handler/context/model.go:20.48,22.2 1 1
asher/internal/api/codebuilder/php/core/php_emitter_file.go:17.102,24.2 1 2
asher/internal/api/codebuilder/php/core/php_emitter_file.go:26.44,28.2 1 0
asher/internal/api/codebuilder/php/core/php_emitter_file.go:30.40,32.2 1 0
asher/internal/api/codebuilder/php/core/php_emitter_file.go:34.51,36.2 1 0
asher/internal/api/codebuilder/php/core/php_emitter_file.go:38.41,40.2 1 0
asher/internal/api/codebuilder/php/core/php_emitter_file.go:42.42,47.2 4 0
asher/internal/api/codebuilder/php/core/simple_statement.go:15.66,19.2 1 0
asher/internal/api/codebuilder/php/core/simple_statement.go:21.51,23.2 1 0
asher/internal/api/codebuilder/php/core/simple_statement.go:25.42,27.2 1 0
asher/internal/api/codebuilder/php/core/simple_statement.go:29.46,33.2 3 0
asher/internal/api/codebuilder/php/core/var_assignment.go:17.80,24.2 1 0
asher/internal/api/codebuilder/php/core/var_assignment.go:26.46,28.2 1 0
asher/internal/api/codebuilder/php/core/var_assignment.go:30.37,32.2 1 0
asher/internal/api/codebuilder/php/core/var_assignment.go:34.41,39.2 3 0
asher/internal/api/codebuilder/php/builder/class.go:17.31,21.2 1 2
asher/internal/api/codebuilder/php/builder/class.go:26.56,30.2 1 0
asher/internal/api/codebuilder/php/builder/class.go:35.59,38.2 2 2
asher/internal/api/codebuilder/php/builder/class.go:43.70,45.2 1 2
asher/internal/api/codebuilder/php/builder/class.go:50.74,53.2 2 2
asher/internal/api/codebuilder/php/builder/class.go:58.70,61.2 2 1
asher/internal/api/codebuilder/php/builder/class.go:66.75,69.2 2 2
asher/internal/api/codebuilder/php/builder/class.go:74.66,77.2 2 0
asher/internal/api/codebuilder/php/builder/class.go:82.67,85.2 2 1
asher/internal/api/codebuilder/php/builder/class.go:90.66,92.2 1 0
asher/internal/api/codebuilder/php/builder/class.go:97.61,100.2 2 1
asher/internal/api/codebuilder/php/builder/class.go:102.44,104.2 1 1
asher/internal/api/asher_object_walker.go:16.121,22.2 1 0
asher/internal/api/asher_object_walker.go:27.40,32.2 3 0
asher/internal/api/asher_object_walker.go:34.46,35.50 1 0
asher/internal/api/asher_object_walker.go:35.50,37.3 1 0
asher/internal/api/codebuilder/php/core/return_array.go:16.64,20.2 1 2
asher/internal/api/codebuilder/php/core/return_array.go:22.48,26.2 1 0
asher/internal/api/codebuilder/php/core/return_array.go:28.44,30.2 1 0
asher/internal/api/codebuilder/php/core/return_array.go:32.35,34.2 1 0
asher/internal/api/codebuilder/php/core/return_array.go:36.39,40.2 3 0
asher/internal/api/codebuilder/php/core/return_array.go:45.53,47.2 1 0
asher/internal/api/codebuilder/php/core/return_array.go:49.78,52.27 3 2
asher/internal/api/codebuilder/php/core/return_array.go:55.2,55.18 1 2
asher/internal/api/codebuilder/php/core/return_array.go:52.27,54.3 1 10
asher/internal/api/codebuilder/php/core/return_array.go:67.60,69.27 2 2
asher/internal/api/codebuilder/php/core/return_array.go:72.2,73.13 2 2
asher/internal/api/codebuilder/php/core/return_array.go:69.27,71.3 1 10
asher/internal/api/codebuilder/php/core/var_declaration.go:16.70,22.2 1 0
asher/internal/api/codebuilder/php/core/var_declaration.go:24.47,26.2 1 0
asher/internal/api/codebuilder/php/core/var_declaration.go:28.38,30.2 1 0
asher/internal/api/codebuilder/php/core/var_declaration.go:32.42,37.2 3 0
asher/internal/impl/laravel/5.8/handler/column.go:18.40,20.2 1 1
asher/internal/impl/laravel/5.8/handler/column.go:22.111,30.2 4 1
asher/internal/impl/laravel/5.8/handler/column.go:32.112,35.38 2 1
asher/internal/impl/laravel/5.8/handler/column.go:41.2,44.19 4 1
asher/internal/impl/laravel/5.8/handler/column.go:35.38,39.3 3 13
asher/internal/impl/laravel/5.8/handler/column.go:47.115,49.41 2 1
asher/internal/impl/laravel/5.8/handler/column.go:57.2,61.19 5 1
asher/internal/impl/laravel/5.8/handler/column.go:49.41,55.3 1 13
asher/internal/impl/laravel/5.8/handler/column.go:64.132,65.23 1 13
asher/internal/impl/laravel/5.8/handler/column.go:65.23,68.3 2 5
asher/internal/impl/laravel/5.8/handler/column.go:71.118,73.20 1 13
asher/internal/impl/laravel/5.8/handler/column.go:73.20,76.3 1 6
asher/internal/impl/laravel/5.8/handler/column.go:76.8,76.42 1 7
asher/internal/impl/laravel/5.8/handler/column.go:76.42,79.3 1 3
asher/internal/impl/laravel/5.8/handler/column.go:79.8,82.3 1 4
asher/internal/impl/laravel/5.8/handler/column.go:86.123,87.14 1 13
asher/internal/impl/laravel/5.8/handler/column.go:87.14,89.3 1 11
asher/internal/impl/laravel/5.8/handler/column.go:92.125,93.15 1 13
asher/internal/impl/laravel/5.8/handler/column.go:93.15,95.3 1 9
asher/internal/impl/laravel/5.8/handler/column.go:98.122,100.34 2 6
asher/internal/impl/laravel/5.8/handler/column.go:109.2,111.3 1 6
asher/internal/impl/laravel/5.8/handler/column.go:100.34,103.3 2 5
asher/internal/impl/laravel/5.8/handler/column.go:103.8,103.31 1 1
asher/internal/impl/laravel/5.8/handler/column.go:103.31,106.3 1 1
asher/internal/impl/laravel/5.8/handler/column.go:106.8,107.86 1 0
asher/internal/impl/laravel/5.8/handler/column.go:115.93,126.2 8 4
asher/internal/impl/laravel/5.8/handler/column.go:128.143,140.2 5 3
asher/internal/impl/laravel/5.8/handler/column.go:142.72,143.14 1 4
asher/internal/impl/laravel/5.8/handler/column.go:146.2,146.11 1 1
asher/internal/impl/laravel/5.8/handler/column.go:143.14,145.3 1 3
asher/internal/impl/laravel/5.8/handler/column.go:149.82,150.22 1 4
asher/internal/impl/laravel/5.8/handler/column.go:153.2,153.11 1 2
asher/internal/impl/laravel/5.8/handler/column.go:150.22,152.3 1 2
asher/internal/impl/laravel/5.8/handler/column.go:156.70,157.13 1 4
asher/internal/impl/laravel/5.8/handler/column.go:160.2,160.11 1 3
asher/internal/impl/laravel/5.8/handler/column.go:157.13,159.3 1 1
asher/internal/impl/laravel/5.8/handler/column.go:163.76,164.16 1 7
asher/internal/impl/laravel/5.8/handler/column.go:167.2,167.11 1 3
asher/internal/impl/laravel/5.8/handler/column.go:164.16,166.3 1 4
asher/internal/impl/laravel/5.8/handler/column.go:170.90,171.17 1 5
asher/internal/impl/laravel/5.8/handler/column.go:172.17,173.22 1 1
asher/internal/impl/laravel/5.8/handler/column.go:174.23,175.28 1 1
asher/internal/impl/laravel/5.8/handler/column.go:176.22,177.27 1 1
asher/internal/impl/laravel/5.8/handler/column.go:178.21,179.26 1 1
asher/internal/impl/laravel/5.8/handler/column.go:180.20,181.25 1 1
asher/internal/impl/laravel/5.8/handler/column.go:182.10,183.48 1 0
asher/internal/impl/laravel/5.8/handler/column.go:191.110,192.17 1 4
asher/internal/impl/laravel/5.8/handler/column.go:194.28,195.44 1 0
asher/internal/impl/laravel/5.8/handler/column.go:196.20,197.36 1 1
asher/internal/impl/laravel/5.8/handler/column.go:198.25,199.41 1 0
asher/internal/impl/laravel/5.8/handler/column.go:200.17,201.33 1 0
asher/internal/impl/laravel/5.8/handler/column.go:202.29,203.45 1 0
asher/internal/impl/laravel/5.8/handler/column.go:204.21,205.37 1 0
asher/internal/impl/laravel/5.8/handler/column.go:206.31,207.47 1 0
asher/internal/impl/laravel/5.8/handler/column.go:208.23,209.39 1 0
asher/internal/impl/laravel/5.8/handler/column.go:210.16,211.32 1 2
asher/internal/impl/laravel/5.8/handler/column.go:212.17,213.33 1 0
asher/internal/impl/laravel/5.8/handler/column.go:214.14,215.30 1 0
asher/internal/impl/laravel/5.8/handler/column.go:216.14,217.30 1 0
asher/internal/impl/laravel/5.8/handler/column.go:218.16,219.32 1 0
asher/internal/impl/laravel/5.8/handler/column.go:220.15,221.31 1 0
asher/internal/impl/laravel/5.8/handler/column.go:222.14,223.39 1 1
asher/internal/impl/laravel/5.8/handler/column.go:224.13,225.38 1 0
asher/internal/impl/laravel/5.8/handler/column.go:226.10,228.73 1 0
asher/internal/api/codebuilder/php/core/parameter.go:11.42,15.2 1 0
asher/internal/api/codebuilder/php/core/parameter.go:17.42,19.2 1 0
asher/internal/api/codebuilder/php/core/parameter.go:21.33,23.2 1 0
asher/internal/api/codebuilder/php/core/parameter.go:25.37,27.2 1 0
asher/internal/impl/laravel/5.8/handler/writer/writer_handler_registry.go:26.56,28.24 1 0
asher/internal/impl/laravel/5.8/handler/writer/writer_handler_registry.go:33.2,33.20 1 0
asher/internal/impl/laravel/5.8/handler/writer/writer_handler_registry.go:28.24,32.3 1 0
asher/internal/impl/laravel/5.8/handler/writer/writer_handler_registry.go:44.91,46.2 1 0
asher/internal/impl/laravel/5.8/handler/generator/migration.go:21.50,25.2 1 0
asher/internal/impl/laravel/5.8/handler/generator/migration.go:36.93,41.2 4 0
asher/internal/impl/laravel/5.8/handler/generator/migration.go:52.106,54.2 1 0
asher/internal/impl/laravel/5.8/handler/generator/migration.go:68.111,71.2 2 0
asher/internal/impl/laravel/5.8/handler/generator/migration.go:78.67,82.53 3 0
asher/internal/impl/laravel/5.8/handler/generator/migration.go:87.2,104.51 7 0
asher/internal/impl/laravel/5.8/handler/generator/migration.go:82.53,85.3 2 0
asher/internal/impl/laravel/5.8/handler/generator/migration.go:112.63,114.2 1 0
asher/internal/impl/laravel/5.8/handler/context/registry.go:12.46,14.2 1 0
asher/internal/api/tabbed_unit.go:11.40,12.17 1 3
asher/internal/api/tabbed_unit.go:15.2,15.11 1 3
asher/internal/api/tabbed_unit.go:12.17,14.3 1 0
asher/internal/api/codebuilder/php/core/class.go:22.24,33.2 1 0
asher/internal/api/codebuilder/php/core/class.go:35.33,37.2 1 0
asher/internal/api/codebuilder/php/core/class.go:39.42,41.2 1 0
asher/internal/api/codebuilder/php/core/class.go:43.36,57.2 12 0
asher/internal/api/codebuilder/php/core/class.go:62.76,63.40 1 0
asher/internal/api/codebuilder/php/core/class.go:68.2,68.91 1 0
asher/internal/api/codebuilder/php/core/class.go:63.40,64.36 1 0
asher/internal/api/codebuilder/php/core/class.go:64.36,66.4 1 0
asher/internal/api/codebuilder/php/core/class.go:74.72,75.42 1 0
asher/internal/api/codebuilder/php/core/class.go:80.2,80.93 1 0
asher/internal/api/codebuilder/php/core/class.go:75.42,76.33 1 0
asher/internal/api/codebuilder/php/core/class.go:76.33,78.4 1 0
asher/internal/api/codebuilder/php/core/class.go:86.55,88.2 1 0
asher/internal/api/codebuilder/php/core/class.go:90.61,91.25 1 0
asher/internal/api/codebuilder/php/core/class.go:91.25,93.3 1 0
asher/internal/api/codebuilder/php/core/class.go:96.61,97.28 1 0
asher/internal/api/codebuilder/php/core/class.go:97.28,98.41 1 0
asher/internal/api/codebuilder/php/core/class.go:101.3,101.28 1 0
asher/internal/api/codebuilder/php/core/class.go:98.41,100.4 1 0
asher/internal/api/codebuilder/php/core/class.go:105.61,106.25 1 0
asher/internal/api/codebuilder/php/core/class.go:106.25,108.3 1 0
asher/internal/api/codebuilder/php/core/class.go:111.61,112.28 1 0
asher/internal/api/codebuilder/php/core/class.go:112.28,113.41 1 0
asher/internal/api/codebuilder/php/core/class.go:113.41,116.18 3 0
asher/internal/api/codebuilder/php/core/class.go:116.18,118.5 1 0
asher/internal/api/codebuilder/php/core/class.go:123.68,124.35 1 0
asher/internal/api/codebuilder/php/core/class.go:124.35,126.17 2 0
asher/internal/api/codebuilder/php/core/class.go:126.17,128.4 1 0
asher/internal/api/codebuilder/php/core/class.go:132.63,133.30 1 0
asher/internal/api/codebuilder/php/core/class.go:133.30,134.43 1 0
asher/internal/api/codebuilder/php/core/class.go:134.43,137.4 2 0
asher/internal/api/codebuilder/php/core/function.go:20.30,29.2 1 0
asher/internal/api/codebuilder/php/core/function.go:31.40,33.2 1 0
asher/internal/api/codebuilder/php/core/function.go:35.32,36.18 1 0
asher/internal/api/codebuilder/php/core/function.go:39.2,39.15 1 0
asher/internal/api/codebuilder/php/core/function.go:36.18,38.3 1 0
asher/internal/api/codebuilder/php/core/function.go:42.36,48.38 5 0
asher/internal/api/codebuilder/php/core/function.go:52.2,53.25 2 0
asher/internal/api/codebuilder/php/core/function.go:48.38,51.3 2 0
asher/internal/api/codebuilder/php/core/function.go:59.75,60.39 1 0
asher/internal/api/codebuilder/php/core/function.go:66.2,66.48 1 0
asher/internal/api/codebuilder/php/core/function.go:60.39,62.27 2 0
asher/internal/api/codebuilder/php/core/function.go:62.27,64.4 1 0
asher/internal/api/codebuilder/php/core/function.go:72.65,73.39 1 0
asher/internal/api/codebuilder/php/core/function.go:78.2,78.83 1 0
asher/internal/api/codebuilder/php/core/function.go:73.39,74.29 1 0
asher/internal/api/codebuilder/php/core/function.go:74.29,76.4 1 0
asher/internal/api/codebuilder/php/core/function.go:84.58,86.2 1 0
asher/internal/api/codebuilder/php/core/parameter.go:11.42,15.2 1 0
asher/internal/api/codebuilder/php/core/parameter.go:17.42,19.2 1 0
asher/internal/api/codebuilder/php/core/parameter.go:21.33,23.2 1 0
asher/internal/api/codebuilder/php/core/parameter.go:25.37,27.2 1 0
asher/internal/api/codebuilder/php/core/php_emitter_file.go:17.102,24.2 1 0
asher/internal/api/codebuilder/php/core/php_emitter_file.go:26.44,28.2 1 0
asher/internal/api/codebuilder/php/core/php_emitter_file.go:30.40,32.2 1 0
asher/internal/api/codebuilder/php/core/php_emitter_file.go:34.51,36.2 1 0
asher/internal/api/codebuilder/php/core/php_emitter_file.go:38.41,40.2 1 0
asher/internal/api/codebuilder/php/core/php_emitter_file.go:42.42,47.2 4 0
asher/internal/api/codebuilder/php/builder/function.go:17.37,21.2 1 0
asher/internal/api/codebuilder/php/builder/function.go:23.72,27.2 1 0
asher/internal/api/codebuilder/php/builder/function.go:29.61,32.2 2 0
asher/internal/api/codebuilder/php/builder/function.go:34.65,36.2 1 0
asher/internal/api/codebuilder/php/builder/function.go:38.68,41.2 2 0
asher/internal/api/codebuilder/php/builder/function.go:43.80,45.2 1 0
asher/internal/api/codebuilder/php/builder/function.go:47.84,50.2 2 0
asher/internal/api/codebuilder/php/builder/function.go:52.66,55.2 2 0
asher/internal/api/codebuilder/php/builder/function.go:57.49,59.2 1 0
asher/internal/impl/laravel/5.8/handler/writer/migration.go:12.58,16.2 1 1
asher/internal/impl/laravel/5.8/handler/writer/migration.go:18.86,20.2 1 0
asher/internal/impl/laravel/5.8/handler/writer/migration.go:22.84,24.2 0 0
asher/internal/impl/laravel/5.8/handler/writer/writer_handler_registry.go:26.56,28.24 1 0
asher/internal/impl/laravel/5.8/handler/writer/writer_handler_registry.go:33.2,33.20 1 0
asher/internal/impl/laravel/5.8/handler/writer/writer_handler_registry.go:28.24,32.3 1 0
asher/internal/impl/laravel/5.8/handler/writer/writer_handler_registry.go:44.91,46.2 1 0
asher/internal/api/codebuilder/php/core/function_call.go:17.48,22.2 1 0
asher/internal/api/codebuilder/php/core/function_call.go:24.45,26.2 1 0
asher/internal/api/codebuilder/php/core/function_call.go:28.36,30.2 1 0
asher/internal/api/codebuilder/php/core/function_call.go:36.67,39.2 2 0
asher/internal/api/codebuilder/php/core/function_call.go:41.69,42.33 1 0
asher/internal/api/codebuilder/php/core/function_call.go:47.2,47.83 1 0
asher/internal/api/codebuilder/php/core/function_call.go:42.33,43.29 1 0
asher/internal/api/codebuilder/php/core/function_call.go:43.29,45.4 1 0
asher/internal/api/codebuilder/php/core/function_call.go:50.40,54.32 4 0
asher/internal/api/codebuilder/php/core/function_call.go:60.2,61.25 2 0
asher/internal/api/codebuilder/php/core/function_call.go:54.32,56.22 2 0
asher/internal/api/codebuilder/php/core/function_call.go:56.22,58.4 1 0
asher/internal/api/codebuilder/php/core/simple_statement.go:15.66,19.2 1 0
asher/internal/api/codebuilder/php/core/simple_statement.go:21.51,23.2 1 0
asher/internal/api/codebuilder/php/core/simple_statement.go:25.42,27.2 1 0
asher/internal/api/codebuilder/php/core/simple_statement.go:29.46,33.2 3 0
asher/internal/impl/laravel/5.8/handler/helper/relationship_detail.go:17.70,22.2 1 0
asher/internal/impl/laravel/5.8/handler/column.go:18.40,20.2 1 0
asher/internal/impl/laravel/5.8/handler/column.go:22.111,30.2 4 0
asher/internal/impl/laravel/5.8/handler/column.go:32.112,35.38 2 0
asher/internal/impl/laravel/5.8/handler/column.go:41.2,44.19 4 0
asher/internal/impl/laravel/5.8/handler/column.go:35.38,39.3 3 0
asher/internal/impl/laravel/5.8/handler/column.go:47.115,49.41 2 0
asher/internal/impl/laravel/5.8/handler/column.go:57.2,61.19 5 0
asher/internal/impl/laravel/5.8/handler/column.go:49.41,55.3 1 0
asher/internal/impl/laravel/5.8/handler/column.go:64.132,65.23 1 0
asher/internal/impl/laravel/5.8/handler/column.go:65.23,68.3 2 0
asher/internal/impl/laravel/5.8/handler/column.go:71.118,73.20 1 0
asher/internal/impl/laravel/5.8/handler/column.go:73.20,76.3 1 0
asher/internal/impl/laravel/5.8/handler/column.go:76.8,76.42 1 0
asher/internal/impl/laravel/5.8/handler/column.go:76.42,79.3 1 0
asher/internal/impl/laravel/5.8/handler/column.go:79.8,82.3 1 0
asher/internal/impl/laravel/5.8/handler/column.go:86.123,87.14 1 0
asher/internal/impl/laravel/5.8/handler/column.go:87.14,89.3 1 0
asher/internal/impl/laravel/5.8/handler/column.go:92.125,93.15 1 0
asher/internal/impl/laravel/5.8/handler/column.go:93.15,95.3 1 0
asher/internal/impl/laravel/5.8/handler/column.go:98.122,100.34 2 0
asher/internal/impl/laravel/5.8/handler/column.go:109.2,111.3 1 0
asher/internal/impl/laravel/5.8/handler/column.go:100.34,103.3 2 0
asher/internal/impl/laravel/5.8/handler/column.go:103.8,103.31 1 0
asher/internal/impl/laravel/5.8/handler/column.go:103.31,106.3 1 0
asher/internal/impl/laravel/5.8/handler/column.go:106.8,107.86 1 0
asher/internal/impl/laravel/5.8/handler/column.go:115.93,126.2 8 0
asher/internal/impl/laravel/5.8/handler/column.go:128.143,140.2 5 0
asher/internal/impl/laravel/5.8/handler/column.go:142.72,143.14 1 0
asher/internal/impl/laravel/5.8/handler/column.go:146.2,146.11 1 0
asher/internal/impl/laravel/5.8/handler/column.go:143.14,145.3 1 0
asher/internal/impl/laravel/5.8/handler/column.go:149.82,150.22 1 0
asher/internal/impl/laravel/5.8/handler/column.go:153.2,153.11 1 0
asher/internal/impl/laravel/5.8/handler/column.go:150.22,152.3 1 0
asher/internal/impl/laravel/5.8/handler/column.go:156.70,157.13 1 0
asher/internal/impl/laravel/5.8/handler/column.go:160.2,160.11 1 0
asher/internal/impl/laravel/5.8/handler/column.go:157.13,159.3 1 0
asher/internal/impl/laravel/5.8/handler/column.go:163.76,164.16 1 0
asher/internal/impl/laravel/5.8/handler/column.go:167.2,167.11 1 0
asher/internal/impl/laravel/5.8/handler/column.go:164.16,166.3 1 0
asher/internal/impl/laravel/5.8/handler/column.go:170.90,171.17 1 0
asher/internal/impl/laravel/5.8/handler/column.go:172.17,173.22 1 0
asher/internal/impl/laravel/5.8/handler/column.go:174.23,175.28 1 0
asher/internal/impl/laravel/5.8/handler/column.go:176.22,177.27 1 0
asher/internal/impl/laravel/5.8/handler/column.go:178.21,179.26 1 0
asher/internal/impl/laravel/5.8/handler/column.go:180.20,181.25 1 0
asher/internal/impl/laravel/5.8/handler/column.go:182.10,183.48 1 0
asher/internal/impl/laravel/5.8/handler/column.go:191.110,192.17 1 0
asher/internal/impl/laravel/5.8/handler/column.go:194.28,195.44 1 0
asher/internal/impl/laravel/5.8/handler/column.go:196.20,197.36 1 0
asher/internal/impl/laravel/5.8/handler/column.go:198.25,199.41 1 0
asher/internal/impl/laravel/5.8/handler/column.go:200.17,201.33 1 0
asher/internal/impl/laravel/5.8/handler/column.go:202.29,203.45 1 0
asher/internal/impl/laravel/5.8/handler/column.go:204.21,205.37 1 0
asher/internal/impl/laravel/5.8/handler/column.go:206.31,207.47 1 0
asher/internal/impl/laravel/5.8/handler/column.go:208.23,209.39 1 0
asher/internal/impl/laravel/5.8/handler/column.go:210.16,211.32 1 0
asher/internal/impl/laravel/5.8/handler/column.go:212.17,213.33 1 0
asher/internal/impl/laravel/5.8/handler/column.go:214.14,215.30 1 0
asher/internal/impl/laravel/5.8/handler/column.go:216.14,217.30 1 0
asher/internal/impl/laravel/5.8/handler/column.go:218.16,219.32 1 0
asher/internal/impl/laravel/5.8/handler/column.go:220.15,221.31 1 0
asher/internal/impl/laravel/5.8/handler/column.go:222.14,223.39 1 0
asher/internal/impl/laravel/5.8/handler/column.go:224.13,225.38 1 0
asher/internal/impl/laravel/5.8/handler/column.go:226.10,228.73 1 0
asher/internal/api/codebuilder/php/builder/class.go:17.31,21.2 1 0
asher/internal/api/codebuilder/php/builder/class.go:26.56,30.2 1 0
asher/internal/api/codebuilder/php/builder/class.go:35.59,38.2 2 0
asher/internal/api/codebuilder/php/builder/class.go:43.70,45.2 1 0
asher/internal/api/codebuilder/php/builder/class.go:50.74,53.2 2 0
asher/internal/api/codebuilder/php/builder/class.go:58.70,61.2 2 0
asher/internal/api/codebuilder/php/builder/class.go:66.75,69.2 2 0
asher/internal/api/codebuilder/php/builder/class.go:74.66,77.2 2 0
asher/internal/api/codebuilder/php/builder/class.go:82.67,85.2 2 0
asher/internal/api/codebuilder/php/builder/class.go:90.66,92.2 1 0
asher/internal/api/codebuilder/php/builder/class.go:97.61,100.2 2 0
asher/internal/api/codebuilder/php/builder/class.go:102.44,104.2 1 0
asher/internal/impl/laravel/5.8/handler/helper/audit_col_input.go:18.95,22.2 1 0
asher/internal/impl/laravel/5.8/handler/helper/audit_col_input.go:24.50,26.2 1 0
asher/internal/impl/laravel/5.8/handler/helper/audit_col_input.go:28.53,30.2 1 0
asher/internal/impl/laravel/5.8/handler/helper/audit_col_input.go:32.51,34.2 1 0
asher/internal/impl/laravel/5.8/handler/helper/audit_col_input.go:39.57,41.28 2 0
asher/internal/impl/laravel/5.8/handler/helper/audit_col_input.go:44.2,44.30 1 0
asher/internal/impl/laravel/5.8/handler/helper/audit_col_input.go:47.2,47.12 1 0
asher/internal/impl/laravel/5.8/handler/helper/audit_col_input.go:41.28,43.3 1 0
asher/internal/impl/laravel/5.8/handler/helper/audit_col_input.go:44.30,46.3 1 0
asher/internal/impl/laravel/5.8/handler/helper/audit_col_input.go:50.64,52.26 2 0
asher/internal/impl/laravel/5.8/handler/helper/audit_col_input.go:55.2,55.12 1 0
asher/internal/impl/laravel/5.8/handler/helper/audit_col_input.go:52.26,54.3 1 0
asher/internal/impl/laravel/5.8/handler/helper/audit_col_input.go:58.65,60.26 2 0
asher/internal/impl/laravel/5.8/handler/helper/audit_col_input.go:63.2,63.30 1 0
asher/internal/impl/laravel/5.8/handler/helper/audit_col_input.go:67.2,67.12 1 0
asher/internal/impl/laravel/5.8/handler/helper/audit_col_input.go:60.26,62.3 1 0
asher/internal/impl/laravel/5.8/handler/helper/audit_col_input.go:63.30,66.3 1 0
asher/internal/impl/laravel/5.8/handler/helper/audit_col_input.go:77.76,79.14 2 0
asher/internal/impl/laravel/5.8/handler/helper/audit_col_input.go:82.2,82.17 1 0
asher/internal/impl/laravel/5.8/handler/helper/audit_col_input.go:85.2,85.15 1 0
asher/internal/impl/laravel/5.8/handler/helper/audit_col_input.go:88.2,88.16 1 0
asher/internal/impl/laravel/5.8/handler/helper/audit_col_input.go:79.14,81.3 1 0
asher/internal/impl/laravel/5.8/handler/helper/audit_col_input.go:82.17,84.3 1 0
asher/internal/impl/laravel/5.8/handler/helper/audit_col_input.go:85.15,87.3 1 0
asher/internal/impl/laravel/5.8/handler/helper/column_datatype.go:10.48,12.2 1 0
asher/internal/impl/laravel/5.8/handler/helper/column_datatype.go:14.40,16.2 1 0
asher/internal/impl/laravel/5.8/handler/helper/column_datatype.go:18.45,20.2 1 0
asher/internal/impl/laravel/5.8/handler/helper/column_datatype.go:22.37,24.2 1 0
asher/internal/impl/laravel/5.8/handler/helper/column_datatype.go:26.49,28.2 1 0
asher/internal/impl/laravel/5.8/handler/helper/column_datatype.go:30.41,32.2 1 0
asher/internal/impl/laravel/5.8/handler/helper/column_datatype.go:34.51,36.2 1 0
asher/internal/impl/laravel/5.8/handler/helper/column_datatype.go:38.43,40.2 1 0
asher/internal/impl/laravel/5.8/handler/helper/column_datatype.go:42.36,44.2 1 0
asher/internal/impl/laravel/5.8/handler/helper/column_datatype.go:46.37,48.2 1 0
asher/internal/impl/laravel/5.8/handler/helper/column_datatype.go:50.34,52.2 1 0
asher/internal/impl/laravel/5.8/handler/helper/column_datatype.go:54.34,56.2 1 0
asher/internal/impl/laravel/5.8/handler/helper/column_datatype.go:58.36,60.2 1 0
asher/internal/impl/laravel/5.8/handler/helper/column_datatype.go:62.35,64.2 1 0
asher/internal/impl/laravel/5.8/handler/helper/column_datatype.go:66.52,68.2 1 0
asher/internal/impl/laravel/5.8/handler/helper/column_datatype.go:70.51,72.2 1 0
asher/internal/impl/laravel/5.8/handler/helper/column_datatype.go:76.61,79.2 2 0
asher/internal/impl/laravel/5.8/handler/generator/model.go:28.42,38.2 1 0
asher/internal/impl/laravel/5.8/handler/generator/model.go:50.111,53.2 2 0
asher/internal/impl/laravel/5.8/handler/generator/model.go:65.111,68.2 2 0
asher/internal/impl/laravel/5.8/handler/generator/model.go:79.81,83.2 3 0
asher/internal/impl/laravel/5.8/handler/generator/model.go:94.86,97.2 2 0
asher/internal/impl/laravel/5.8/handler/generator/model.go:108.89,111.2 2 0
asher/internal/impl/laravel/5.8/handler/generator/model.go:120.80,123.2 2 0
asher/internal/impl/laravel/5.8/handler/generator/model.go:133.106,136.2 2 0
asher/internal/impl/laravel/5.8/handler/generator/model.go:144.59,149.39 2 0
asher/internal/impl/laravel/5.8/handler/generator/model.go:155.2,155.36 1 0
asher/internal/impl/laravel/5.8/handler/generator/model.go:161.2,161.31 1 0
asher/internal/impl/laravel/5.8/handler/generator/model.go:166.2,166.51 1 0
asher/internal/impl/laravel/5.8/handler/generator/model.go:172.2,172.51 1 0
asher/internal/impl/laravel/5.8/handler/generator/model.go:178.2,178.49 1 0
asher/internal/impl/laravel/5.8/handler/generator/model.go:184.2,184.47 1 0
asher/internal/impl/laravel/5.8/handler/generator/model.go:149.39,153.3 2 0
asher/internal/impl/laravel/5.8/handler/generator/model.go:155.36,159.3 2 0
asher/internal/impl/laravel/5.8/handler/generator/model.go:161.31,164.3 2 0
asher/internal/impl/laravel/5.8/handler/generator/model.go:166.51,170.3 2 0
asher/internal/impl/laravel/5.8/handler/generator/model.go:172.51,176.3 2 0
asher/internal/impl/laravel/5.8/handler/generator/model.go:178.49,179.63 1 0
asher/internal/impl/laravel/5.8/handler/generator/model.go:179.63,181.4 1 0
asher/internal/impl/laravel/5.8/handler/generator/model.go:192.55,194.2 1 0
asher/internal/impl/laravel/5.8/handler/generator/model.go:206.94,211.2 3 0
asher/internal/api/codebuilder/php/core/array_assignment.go:17.94,23.2 1 3
asher/internal/api/codebuilder/php/core/array_assignment.go:25.50,27.2 1 0
asher/internal/api/codebuilder/php/core/array_assignment.go:29.41,31.2 1 0
asher/internal/api/codebuilder/php/core/array_assignment.go:33.45,38.2 3 3
asher/internal/impl/laravel/5.8/handler/context/model.go:12.31,14.2 1 1
asher/internal/impl/laravel/5.8/handler/context/model.go:16.57,18.2 1 0
asher/internal/impl/laravel/5.8/handler/context/model.go:20.48,22.2 1 0
asher/internal/api/codebuilder/php/core/return_statement.go:15.55,19.2 1 0
asher/internal/api/codebuilder/php/core/return_statement.go:21.48,23.2 1 0
asher/internal/api/codebuilder/php/core/return_statement.go:25.39,27.2 1 0
asher/internal/api/codebuilder/php/core/return_statement.go:29.43,33.2 3 0
asher/internal/api/codebuilder/php/core/var_assignment.go:17.80,24.2 1 0
asher/internal/api/codebuilder/php/core/var_assignment.go:26.46,28.2 1 0
asher/internal/api/codebuilder/php/core/var_assignment.go:30.37,32.2 1 0
asher/internal/api/codebuilder/php/core/var_assignment.go:34.41,39.2 3 0
asher/internal/impl/laravel/5.8/handler/context/migration.go:12.39,14.2 1 1
asher/internal/impl/laravel/5.8/handler/context/migration.go:19.69,21.2 1 0
asher/internal/impl/laravel/5.8/handler/context/migration.go:27.60,29.2 1 0
asher/internal/api/asher_object_walker.go:16.121,22.2 1 0
asher/internal/api/asher_object_walker.go:27.40,32.2 3 0
asher/internal/api/asher_object_walker.go:34.46,35.50 1 0
asher/internal/api/asher_object_walker.go:35.50,37.3 1 0
asher/internal/api/writer.go:19.56,23.2 1 0
asher/internal/api/writer.go:32.62,34.43 2 0
asher/internal/api/writer.go:53.2,53.15 1 0
asher/internal/api/writer.go:34.43,37.27 2 0
asher/internal/api/writer.go:43.3,48.21 4 0
asher/internal/api/writer.go:37.27,39.9 2 0
asher/internal/api/writer.go:48.21,50.9 2 0
asher/internal/api/codebuilder/php/core/return_array.go:16.64,20.2 1 0
asher/internal/api/codebuilder/php/core/return_array.go:22.48,26.2 1 0
asher/internal/api/codebuilder/php/core/return_array.go:28.44,30.2 1 0
asher/internal/api/codebuilder/php/core/return_array.go:32.35,34.2 1 0
asher/internal/api/codebuilder/php/core/return_array.go:36.39,40.2 3 0
asher/internal/api/codebuilder/php/core/return_array.go:45.53,47.2 1 0
asher/internal/api/codebuilder/php/core/return_array.go:49.78,52.27 3 0
asher/internal/api/codebuilder/php/core/return_array.go:55.2,55.18 1 0
asher/internal/api/codebuilder/php/core/return_array.go:52.27,54.3 1 0
asher/internal/api/codebuilder/php/core/return_array.go:67.60,69.27 2 0
asher/internal/api/codebuilder/php/core/return_array.go:72.2,73.13 2 0
asher/internal/api/codebuilder/php/core/return_array.go:69.27,71.3 1 0
asher/internal/api/codebuilder/php/core/var_declaration.go:16.70,22.2 1 0
asher/internal/api/codebuilder/php/core/var_declaration.go:24.47,26.2 1 0
asher/internal/api/codebuilder/php/core/var_declaration.go:28.38,30.2 1 0
asher/internal/api/codebuilder/php/core/var_declaration.go:32.42,37.2 3 0
asher/internal/impl/laravel/5.8/handler/helper/relationship_detail.go:17.70,22.2 1 0
asher/internal/api/codebuilder/php/core/class.go:22.24,33.2 1 0
asher/internal/api/codebuilder/php/core/class.go:35.33,37.2 1 0
asher/internal/api/codebuilder/php/core/class.go:39.42,41.2 1 0
asher/internal/api/codebuilder/php/core/class.go:43.36,57.2 12 0
asher/internal/api/codebuilder/php/core/class.go:62.76,63.40 1 0
asher/internal/api/codebuilder/php/core/class.go:68.2,68.91 1 0
asher/internal/api/codebuilder/php/core/class.go:63.40,64.36 1 0
asher/internal/api/codebuilder/php/core/class.go:64.36,66.4 1 0
asher/internal/api/codebuilder/php/core/class.go:74.72,75.42 1 0
asher/internal/api/codebuilder/php/core/class.go:80.2,80.93 1 0
asher/internal/api/codebuilder/php/core/class.go:75.42,76.33 1 0
asher/internal/api/codebuilder/php/core/class.go:76.33,78.4 1 0
asher/internal/api/codebuilder/php/core/class.go:86.55,88.2 1 0
asher/internal/api/codebuilder/php/core/class.go:90.61,91.25 1 0
asher/internal/api/codebuilder/php/core/class.go:91.25,93.3 1 0
asher/internal/api/codebuilder/php/core/class.go:96.61,97.28 1 0
asher/internal/api/codebuilder/php/core/class.go:97.28,98.41 1 0
asher/internal/api/codebuilder/php/core/class.go:101.3,101.28 1 0
asher/internal/api/codebuilder/php/core/class.go:98.41,100.4 1 0
asher/internal/api/codebuilder/php/core/class.go:105.61,106.25 1 0
asher/internal/api/codebuilder/php/core/class.go:106.25,108.3 1 0
asher/internal/api/codebuilder/php/core/class.go:111.61,112.28 1 0
asher/internal/api/codebuilder/php/core/class.go:112.28,113.41 1 0
asher/internal/api/codebuilder/php/core/class.go:113.41,116.18 3 0
asher/internal/api/codebuilder/php/core/class.go:116.18,118.5 1 0
asher/internal/api/codebuilder/php/core/class.go:123.68,124.35 1 0
asher/internal/api/codebuilder/php/core/class.go:124.35,126.17 2 0
asher/internal/api/codebuilder/php/core/class.go:126.17,128.4 1 0
asher/internal/api/codebuilder/php/core/class.go:132.63,133.30 1 0
asher/internal/api/codebuilder/php/core/class.go:133.30,134.43 1 0
asher/internal/api/codebuilder/php/core/class.go:134.43,137.4 2 0
asher/internal/api/codebuilder/php/core/parameter.go:11.42,15.2 1 0
asher/internal/api/codebuilder/php/core/parameter.go:17.42,19.2 1 0
asher/internal/api/codebuilder/php/core/parameter.go:21.33,23.2 1 0
asher/internal/api/codebuilder/php/core/parameter.go:25.37,27.2 1 0
asher/internal/api/codebuilder/php/core/simple_statement.go:15.66,19.2 1 0
asher/internal/api/codebuilder/php/core/simple_statement.go:21.51,23.2 1 0
asher/internal/api/codebuilder/php/core/simple_statement.go:25.42,27.2 1 0
asher/internal/api/codebuilder/php/core/simple_statement.go:29.46,33.2 3 0
asher/internal/impl/laravel/5.8/handler/generator/migration.go:21.50,25.2 1 0
asher/internal/impl/laravel/5.8/handler/generator/migration.go:36.93,41.2 4 0
asher/internal/impl/laravel/5.8/handler/generator/migration.go:52.106,54.2 1 0
asher/internal/impl/laravel/5.8/handler/generator/migration.go:68.111,71.2 2 0
asher/internal/impl/laravel/5.8/handler/generator/migration.go:78.67,82.53 3 0
asher/internal/impl/laravel/5.8/handler/generator/migration.go:87.2,104.51 7 0
asher/internal/impl/laravel/5.8/handler/generator/migration.go:82.53,85.3 2 0
asher/internal/impl/laravel/5.8/handler/generator/migration.go:112.63,114.2 1 0
asher/internal/api/codebuilder/php/core/return_array.go:16.64,20.2 1 0
asher/internal/api/codebuilder/php/core/return_array.go:22.48,26.2 1 0
asher/internal/api/codebuilder/php/core/return_array.go:28.44,30.2 1 0
asher/internal/api/codebuilder/php/core/return_array.go:32.35,34.2 1 0
asher/internal/api/codebuilder/php/core/return_array.go:36.39,40.2 3 0
asher/internal/api/codebuilder/php/core/return_array.go:45.53,47.2 1 0
asher/internal/api/codebuilder/php/core/return_array.go:49.78,52.27 3 0
asher/internal/api/codebuilder/php/core/return_array.go:55.2,55.18 1 0
asher/internal/api/codebuilder/php/core/return_array.go:52.27,54.3 1 0
asher/internal/api/codebuilder/php/core/return_array.go:67.60,69.27 2 0
asher/internal/api/codebuilder/php/core/return_array.go:72.2,73.13 2 0
asher/internal/api/codebuilder/php/core/return_array.go:69.27,71.3 1 0
asher/internal/impl/laravel/5.8/handler/writer/migration.go:12.58,16.2 1 2
asher/internal/impl/laravel/5.8/handler/writer/migration.go:18.86,20.2 1 0
asher/internal/impl/laravel/5.8/handler/writer/migration.go:22.84,24.2 0 0
asher/internal/api/asher_object_walker.go:16.121,22.2 1 0
asher/internal/api/asher_object_walker.go:27.40,32.2 3 0
asher/internal/api/asher_object_walker.go:34.46,35.50 1 0
asher/internal/api/asher_object_walker.go:35.50,37.3 1 0
asher/internal/api/tabbed_unit.go:11.40,12.17 1 0
asher/internal/api/tabbed_unit.go:15.2,15.11 1 0
asher/internal/api/tabbed_unit.go:12.17,14.3 1 0
asher/internal/api/writer.go:19.56,23.2 1 0
asher/internal/api/writer.go:32.62,34.43 2 0
asher/internal/api/writer.go:53.2,53.15 1 0
asher/internal/api/writer.go:34.43,37.27 2 0
asher/internal/api/writer.go:43.3,48.21 4 0
asher/internal/api/writer.go:37.27,39.9 2 0
asher/internal/api/writer.go:48.21,50.9 2 0
asher/internal/api/codebuilder/php/core/function_call.go:17.48,22.2 1 0
asher/internal/api/codebuilder/php/core/function_call.go:24.45,26.2 1 0
asher/internal/api/codebuilder/php/core/function_call.go:28.36,30.2 1 0
asher/internal/api/codebuilder/php/core/function_call.go:36.67,39.2 2 0
asher/internal/api/codebuilder/php/core/function_call.go:41.69,42.33 1 0
asher/internal/api/codebuilder/php/core/function_call.go:47.2,47.83 1 0
asher/internal/api/codebuilder/php/core/function_call.go:42.33,43.29 1 0
asher/internal/api/codebuilder/php/core/function_call.go:43.29,45.4 1 0
asher/internal/api/codebuilder/php/core/function_call.go:50.40,54.32 4 0
asher/internal/api/codebuilder/php/core/function_call.go:60.2,61.25 2 0
asher/internal/api/codebuilder/php/core/function_call.go:54.32,56.22 2 0
asher/internal/api/codebuilder/php/core/function_call.go:56.22,58.4 1 0
asher/internal/impl/laravel/5.8/handler/helper/column_datatype.go:10.48,12.2 1 0
asher/internal/impl/laravel/5.8/handler/helper/column_datatype.go:14.40,16.2 1 0
asher/internal/impl/laravel/5.8/handler/helper/column_datatype.go:18.45,20.2 1 0
asher/internal/impl/laravel/5.8/handler/helper/column_datatype.go:22.37,24.2 1 0
asher/internal/impl/laravel/5.8/handler/helper/column_datatype.go:26.49,28.2 1 0
asher/internal/impl/laravel/5.8/handler/helper/column_datatype.go:30.41,32.2 1 0
asher/internal/impl/laravel/5.8/handler/helper/column_datatype.go:34.51,36.2 1 0
asher/internal/impl/laravel/5.8/handler/helper/column_datatype.go:38.43,40.2 1 0
asher/internal/impl/laravel/5.8/handler/helper/column_datatype.go:42.36,44.2 1 0
asher/internal/impl/laravel/5.8/handler/helper/column_datatype.go:46.37,48.2 1 0
asher/internal/impl/laravel/5.8/handler/helper/column_datatype.go:50.34,52.2 1 0
asher/internal/impl/laravel/5.8/handler/helper/column_datatype.go:54.34,56.2 1 0
asher/internal/impl/laravel/5.8/handler/helper/column_datatype.go:58.36,60.2 1 0
asher/internal/impl/laravel/5.8/handler/helper/column_datatype.go:62.35,64.2 1 0
asher/internal/impl/laravel/5.8/handler/helper/column_datatype.go:66.52,68.2 1 0
asher/internal/impl/laravel/5.8/handler/helper/column_datatype.go:70.51,72.2 1 0
asher/internal/impl/laravel/5.8/handler/helper/column_datatype.go:76.61,79.2 2 0
asher/internal/impl/laravel/5.8/handler/column.go:18.40,20.2 1 0
asher/internal/impl/laravel/5.8/handler/column.go:22.111,30.2 4 0
asher/internal/impl/laravel/5.8/handler/column.go:32.112,35.38 2 0
asher/internal/impl/laravel/5.8/handler/column.go:41.2,44.19 4 0
asher/internal/impl/laravel/5.8/handler/column.go:35.38,39.3 3 0
asher/internal/impl/laravel/5.8/handler/column.go:47.115,49.41 2 0
asher/internal/impl/laravel/5.8/handler/column.go:57.2,61.19 5 0
asher/internal/impl/laravel/5.8/handler/column.go:49.41,55.3 1 0
asher/internal/impl/laravel/5.8/handler/column.go:64.132,65.23 1 0
asher/internal/impl/laravel/5.8/handler/column.go:65.23,68.3 2 0
asher/internal/impl/laravel/5.8/handler/column.go:71.118,73.20 1 0
asher/internal/impl/laravel/5.8/handler/column.go:73.20,76.3 1 0
asher/internal/impl/laravel/5.8/handler/column.go:76.8,76.42 1 0
asher/internal/impl/laravel/5.8/handler/column.go:76.42,79.3 1 0
asher/internal/impl/laravel/5.8/handler/column.go:79.8,82.3 1 0
asher/internal/impl/laravel/5.8/handler/column.go:86.123,87.14 1 0
asher/internal/impl/laravel/5.8/handler/column.go:87.14,89.3 1 0
asher/internal/impl/laravel/5.8/handler/column.go:92.125,93.15 1 0
asher/internal/impl/laravel/5.8/handler/column.go:93.15,95.3 1 0
asher/internal/impl/laravel/5.8/handler/column.go:98.122,100.34 2 0
asher/internal/impl/laravel/5.8/handler/column.go:109.2,111.3 1 0
asher/internal/impl/laravel/5.8/handler/column.go:100.34,103.3 2 0
asher/internal/impl/laravel/5.8/handler/column.go:103.8,103.31 1 0
asher/internal/impl/laravel/5.8/handler/column.go:103.31,106.3 1 0
asher/internal/impl/laravel/5.8/handler/column.go:106.8,107.86 1 0
asher/internal/impl/laravel/5.8/handler/column.go:115.93,126.2 8 0
asher/internal/impl/laravel/5.8/handler/column.go:128.143,140.2 5 0
asher/internal/impl/laravel/5.8/handler/column.go:142.72,143.14 1 0
asher/internal/impl/laravel/5.8/handler/column.go:146.2,146.11 1 0
asher/internal/impl/laravel/5.8/handler/column.go:143.14,145.3 1 0
asher/internal/impl/laravel/5.8/handler/column.go:149.82,150.22 1 0
asher/internal/impl/laravel/5.8/handler/column.go:153.2,153.11 1 0
asher/internal/impl/laravel/5.8/handler/column.go:150.22,152.3 1 0
asher/internal/impl/laravel/5.8/handler/column.go:156.70,157.13 1 0
asher/internal/impl/laravel/5.8/handler/column.go:160.2,160.11 1 0
asher/internal/impl/laravel/5.8/handler/column.go:157.13,159.3 1 0
asher/internal/impl/laravel/5.8/handler/column.go:163.76,164.16 1 0
asher/internal/impl/laravel/5.8/handler/column.go:167.2,167.11 1 0
asher/internal/impl/laravel/5.8/handler/column.go:164.16,166.3 1 0
asher/internal/impl/laravel/5.8/handler/column.go:170.90,171.17 1 0
asher/internal/impl/laravel/5.8/handler/column.go:172.17,173.22 1 0
asher/internal/impl/laravel/5.8/handler/column.go:174.23,175.28 1 0
asher/internal/impl/laravel/5.8/handler/column.go:176.22,177.27 1 0
asher/internal/impl/laravel/5.8/handler/column.go:178.21,179.26 1 0
asher/internal/impl/laravel/5.8/handler/column.go:180.20,181.25 1 0
asher/internal/impl/laravel/5.8/handler/column.go:182.10,183.48 1 0
asher/internal/impl/laravel/5.8/handler/column.go:191.110,192.17 1 0
asher/internal/impl/laravel/5.8/handler/column.go:194.28,195.44 1 0
asher/internal/impl/laravel/5.8/handler/column.go:196.20,197.36 1 0
asher/internal/impl/laravel/5.8/handler/column.go:198.25,199.41 1 0
asher/internal/impl/laravel/5.8/handler/column.go:200.17,201.33 1 0
asher/internal/impl/laravel/5.8/handler/column.go:202.29,203.45 1 0
asher/internal/impl/laravel/5.8/handler/column.go:204.21,205.37 1 0
asher/internal/impl/laravel/5.8/handler/column.go:206.31,207.47 1 0
asher/internal/impl/laravel/5.8/handler/column.go:208.23,209.39 1 0
asher/internal/impl/laravel/5.8/handler/column.go:210.16,211.32 1 0
asher/internal/impl/laravel/5.8/handler/column.go:212.17,213.33 1 0
asher/internal/impl/laravel/5.8/handler/column.go:214.14,215.30 1 0
asher/internal/impl/laravel/5.8/handler/column.go:216.14,217.30 1 0
asher/internal/impl/laravel/5.8/handler/column.go:218.16,219.32 1 0
asher/internal/impl/laravel/5.8/handler/column.go:220.15,221.31 1 0
asher/internal/impl/laravel/5.8/handler/column.go:222.14,223.39 1 0
asher/internal/impl/laravel/5.8/handler/column.go:224.13,225.38 1 0
asher/internal/impl/laravel/5.8/handler/column.go:226.10,228.73 1 0
asher/internal/api/codebuilder/php/core/return_statement.go:15.55,19.2 1 0
asher/internal/api/codebuilder/php/core/return_statement.go:21.48,23.2 1 0
asher/internal/api/codebuilder/php/core/return_statement.go:25.39,27.2 1 0
asher/internal/api/codebuilder/php/core/return_statement.go:29.43,33.2 3 0
asher/internal/api/codebuilder/php/core/var_declaration.go:16.70,22.2 1 0
asher/internal/api/codebuilder/php/core/var_declaration.go:24.47,26.2 1 0
asher/internal/api/codebuilder/php/core/var_declaration.go:28.38,30.2 1 0
asher/internal/api/codebuilder/php/core/var_declaration.go:32.42,37.2 3 0
asher/internal/impl/laravel/5.8/handler/context/registry.go:12.46,14.2 1 0
asher/internal/api/codebuilder/php/core/array_assignment.go:17.94,23.2 1 0
asher/internal/api/codebuilder/php/core/array_assignment.go:25.50,27.2 1 0
asher/internal/api/codebuilder/php/core/array_assignment.go:29.41,31.2 1 0
asher/internal/api/codebuilder/php/core/array_assignment.go:33.45,38.2 3 0
asher/internal/impl/laravel/5.8/handler/helper/audit_col_input.go:18.95,22.2 1 0
asher/internal/impl/laravel/5.8/handler/helper/audit_col_input.go:24.50,26.2 1 0
asher/internal/impl/laravel/5.8/handler/helper/audit_col_input.go:28.53,30.2 1 0
asher/internal/impl/laravel/5.8/handler/helper/audit_col_input.go:32.51,34.2 1 0
asher/internal/impl/laravel/5.8/handler/helper/audit_col_input.go:39.57,41.28 2 0
asher/internal/impl/laravel/5.8/handler/helper/audit_col_input.go:44.2,44.30 1 0
asher/internal/impl/laravel/5.8/handler/helper/audit_col_input.go:47.2,47.12 1 0
asher/internal/impl/laravel/5.8/handler/helper/audit_col_input.go:41.28,43.3 1 0
asher/internal/impl/laravel/5.8/handler/helper/audit_col_input.go:44.30,46.3 1 0
asher/internal/impl/laravel/5.8/handler/helper/audit_col_input.go:50.64,52.26 2 0
asher/internal/impl/laravel/5.8/handler/helper/audit_col_input.go:55.2,55.12 1 0
asher/internal/impl/laravel/5.8/handler/helper/audit_col_input.go:52.26,54.3 1 0
asher/internal/impl/laravel/5.8/handler/helper/audit_col_input.go:58.65,60.26 2 0
asher/internal/impl/laravel/5.8/handler/helper/audit_col_input.go:63.2,63.30 1 0
asher/internal/impl/laravel/5.8/handler/helper/audit_col_input.go:67.2,67.12 1 0
asher/internal/impl/laravel/5.8/handler/helper/audit_col_input.go:60.26,62.3 1 0
asher/internal/impl/laravel/5.8/handler/helper/audit_col_input.go:63.30,66.3 1 0
asher/internal/impl/laravel/5.8/handler/helper/audit_col_input.go:77.76,79.14 2 0
asher/internal/impl/laravel/5.8/handler/helper/audit_col_input.go:82.2,82.17 1 0
asher/internal/impl/laravel/5.8/handler/helper/audit_col_input.go:85.2,85.15 1 0
asher/internal/impl/laravel/5.8/handler/helper/audit_col_input.go:88.2,88.16 1 0
asher/internal/impl/laravel/5.8/handler/helper/audit_col_input.go:79.14,81.3 1 0
asher/internal/impl/laravel/5.8/handler/helper/audit_col_input.go:82.17,84.3 1 0
asher/internal/impl/laravel/5.8/handler/helper/audit_col_input.go:85.15,87.3 1 0
asher/internal/api/codebuilder/php/core/function.go:20.30,29.2 1 0
asher/internal/api/codebuilder/php/core/function.go:31.40,33.2 1 0
asher/internal/api/codebuilder/php/core/function.go:35.32,36.18 1 0
asher/internal/api/codebuilder/php/core/function.go:39.2,39.15 1 0
asher/internal/api/codebuilder/php/core/function.go:36.18,38.3 1 0
asher/internal/api/codebuilder/php/core/function.go:42.36,48.38 5 0
asher/internal/api/codebuilder/php/core/function.go:52.2,53.25 2 0
asher/internal/api/codebuilder/php/core/function.go:48.38,51.3 2 0
asher/internal/api/codebuilder/php/core/function.go:59.75,60.39 1 0
asher/internal/api/codebuilder/php/core/function.go:66.2,66.48 1 0
asher/internal/api/codebuilder/php/core/function.go:60.39,62.27 2 0
asher/internal/api/codebuilder/php/core/function.go:62.27,64.4 1 0
asher/internal/api/codebuilder/php/core/function.go:72.65,73.39 1 0
asher/internal/api/codebuilder/php/core/function.go:78.2,78.83 1 0
asher/internal/api/codebuilder/php/core/function.go:73.39,74.29 1 0
asher/internal/api/codebuilder/php/core/function.go:74.29,76.4 1 0
asher/internal/api/codebuilder/php/core/function.go:84.58,86.2 1 0
asher/internal/api/codebuilder/php/core/var_assignment.go:17.80,24.2 1 0
asher/internal/api/codebuilder/php/core/var_assignment.go:26.46,28.2 1 0
asher/internal/api/codebuilder/php/core/var_assignment.go:30.37,32.2 1 0
asher/internal/api/codebuilder/php/core/var_assignment.go:34.41,39.2 3 0
asher/internal/api/codebuilder/php/builder/function.go:17.37,21.2 1 0
asher/internal/api/codebuilder/php/builder/function.go:23.72,27.2 1 0
asher/internal/api/codebuilder/php/builder/function.go:29.61,32.2 2 0
asher/internal/api/codebuilder/php/builder/function.go:34.65,36.2 1 0
asher/internal/api/codebuilder/php/builder/function.go:38.68,41.2 2 0
asher/internal/api/codebuilder/php/builder/function.go:43.80,45.2 1 0
asher/internal/api/codebuilder/php/builder/function.go:47.84,50.2 2 0
asher/internal/api/codebuilder/php/builder/function.go:52.66,55.2 2 0
asher/internal/api/codebuilder/php/builder/function.go:57.49,59.2 1 0
asher/internal/impl/laravel/5.8/handler/context/migration.go:12.39,14.2 1 1
asher/internal/impl/laravel/5.8/handler/context/migration.go:19.69,21.2 1 0
asher/internal/impl/laravel/5.8/handler/context/migration.go:27.60,29.2 1 0
asher/internal/impl/laravel/5.8/handler/context/model.go:12.31,14.2 1 1
asher/internal/impl/laravel/5.8/handler/context/model.go:16.57,18.2 1 0
asher/internal/impl/laravel/5.8/handler/context/model.go:20.48,22.2 1 0
asher/internal/impl/laravel/5.8/handler/writer/writer_handler_registry.go:26.56,28.24 1 0
asher/internal/impl/laravel/5.8/handler/writer/writer_handler_registry.go:33.2,33.20 1 0
asher/internal/impl/laravel/5.8/handler/writer/writer_handler_registry.go:28.24,32.3 1 0
asher/internal/impl/laravel/5.8/handler/writer/writer_handler_registry.go:44.91,46.2 1 0
asher/internal/api/codebuilder/php/core/php_emitter_file.go:17.102,24.2 1 0
asher/internal/api/codebuilder/php/core/php_emitter_file.go:26.44,28.2 1 0
asher/internal/api/codebuilder/php/core/php_emitter_file.go:30.40,32.2 1 0
asher/internal/api/codebuilder/php/core/php_emitter_file.go:34.51,36.2 1 0
asher/internal/api/codebuilder/php/core/php_emitter_file.go:38.41,40.2 1 0
asher/internal/api/codebuilder/php/core/php_emitter_file.go:42.42,47.2 4 0
asher/internal/api/codebuilder/php/builder/class.go:17.31,21.2 1 0
asher/internal/api/codebuilder/php/builder/class.go:26.56,30.2 1 0
asher/internal/api/codebuilder/php/builder/class.go:35.59,38.2 2 0
asher/internal/api/codebuilder/php/builder/class.go:43.70,45.2 1 0
asher/internal/api/codebuilder/php/builder/class.go:50.74,53.2 2 0
asher/internal/api/codebuilder/php/builder/class.go:58.70,61.2 2 0
asher/internal/api/codebuilder/php/builder/class.go:66.75,69.2 2 0
asher/internal/api/codebuilder/php/builder/class.go:74.66,77.2 2 0
asher/internal/api/codebuilder/php/builder/class.go:82.67,85.2 2 0
asher/internal/api/codebuilder/php/builder/class.go:90.66,92.2 1 0
[...]
asher/internal/api/codebuilder/php/core/php_emitter_file.go:34.51,36.2 1 0
asher/internal/api/codebuilder/php/core/php_emitter_file.go:38.41,40.2 1 0
asher/internal/api/codebuilder/php/core/php_emitter_file.go:42.42,47.2 4 0
asher/internal/api/codebuilder/php/core/var_declaration.go:16.70,22.2 1 0
asher/internal/api/codebuilder/php/core/var_declaration.go:24.47,26.2 1 0
asher/internal/api/codebuilder/php/core/var_declaration.go:28.38,30.2 1 0
asher/internal/api/codebuilder/php/core/var_declaration.go:32.42,37.2 3 0
asher/internal/api/codebuilder/php/builder/class.go:17.31,21.2 1 0
asher/internal/api/codebuilder/php/builder/class.go:26.56,30.2 1 0
asher/internal/api/codebuilder/php/builder/class.go:35.59,38.2 2 0
asher/internal/api/codebuilder/php/builder/class.go:43.70,45.2 1 0
asher/internal/api/codebuilder/php/builder/class.go:50.74,53.2 2 0
asher/internal/api/codebuilder/php/builder/class.go:58.70,61.2 2 0
asher/internal/api/codebuilder/php/builder/class.go:66.75,69.2 2 0
asher/internal/api/codebuilder/php/builder/class.go:74.66,77.2 2 0
asher/internal/api/codebuilder/php/builder/class.go:82.67,85.2 2 0
asher/internal/api/codebuilder/php/builder/class.go:90.66,92.2 1 0
asher/internal/api/codebuilder/php/builder/class.go:97.61,100.2 2 0
asher/internal/api/codebuilder/php/builder/class.go:102.44,104.2 1 0
asher/internal/impl/laravel/5.8/handler/helper/column_datatype.go:10.48,12.2 1 0
asher/internal/impl/laravel/5.8/handler/helper/column_datatype.go:14.40,16.2 1 0
asher/internal/impl/laravel/5.8/handler/helper/column_datatype.go:18.45,20.2 1 0
asher/internal/impl/laravel/5.8/handler/helper/column_datatype.go:22.37,24.2 1 0
asher/internal/impl/laravel/5.8/handler/helper/column_datatype.go:26.49,28.2 1 0
asher/internal/impl/laravel/5.8/handler/helper/column_datatype.go:30.41,32.2 1 0
asher/internal/impl/laravel/5.8/handler/helper/column_datatype.go:34.51,36.2 1 0
asher/internal/impl/laravel/5.8/handler/helper/column_datatype.go:38.43,40.2 1 0
asher/internal/impl/laravel/5.8/handler/helper/column_datatype.go:42.36,44.2 1 0
asher/internal/impl/laravel/5.8/handler/helper/column_datatype.go:46.37,48.2 1 0
asher/internal/impl/laravel/5.8/handler/helper/column_datatype.go:50.34,52.2 1 0
asher/internal/impl/laravel/5.8/handler/helper/column_datatype.go:54.34,56.2 1 0
asher/internal/impl/laravel/5.8/handler/helper/column_datatype.go:58.36,60.2 1 0
asher/internal/impl/laravel/5.8/handler/helper/column_datatype.go:62.35,64.2 1 0
asher/internal/impl/laravel/5.8/handler/helper/column_datatype.go:66.52,68.2 1 0
asher/internal/impl/laravel/5.8/handler/helper/column_datatype.go:70.51,72.2 1 0
asher/internal/impl/laravel/5.8/handler/helper/column_datatype.go:76.61,79.2 2 0
asher/internal/impl/laravel/5.8/handler/helper/relationship_detail.go:17.70,22.2 1 0
asher/internal/api/codebuilder/php/core/function.go:20.30,29.2 1 0
asher/internal/api/codebuilder/php/core/function.go:31.40,33.2 1 0
asher/internal/api/codebuilder/php/core/function.go:35.32,36.18 1 0
asher/internal/api/codebuilder/php/core/function.go:39.2,39.15 1 0
asher/internal/api/codebuilder/php/core/function.go:36.18,38.3 1 0
asher/internal/api/codebuilder/php/core/function.go:42.36,48.38 5 0
asher/internal/api/codebuilder/php/core/function.go:52.2,53.25 2 0
asher/internal/api/codebuilder/php/core/function.go:48.38,51.3 2 0
asher/internal/api/codebuilder/php/core/function.go:59.75,60.39 1 0
asher/internal/api/codebuilder/php/core/function.go:66.2,66.48 1 0
asher/internal/api/codebuilder/php/core/function.go:60.39,62.27 2 0
asher/internal/api/codebuilder/php/core/function.go:62.27,64.4 1 0
asher/internal/api/codebuilder/php/core/function.go:72.65,73.39 1 0
asher/internal/api/codebuilder/php/core/function.go:78.2,78.83 1 0
asher/internal/api/codebuilder/php/core/function.go:73.39,74.29 1 0
asher/internal/api/codebuilder/php/core/function.go:74.29,76.4 1 0
asher/internal/api/codebuilder/php/core/function.go:84.58,86.2 1 0
asher/internal/api/codebuilder/php/core/parameter.go:11.42,15.2 1 0
asher/internal/api/codebuilder/php/core/parameter.go:17.42,19.2 1 0
asher/internal/api/codebuilder/php/core/parameter.go:21.33,23.2 1 0
asher/internal/api/codebuilder/php/core/parameter.go:25.37,27.2 1 0
asher/internal/api/codebuilder/php/core/simple_statement.go:15.66,19.2 1 0
asher/internal/api/codebuilder/php/core/simple_statement.go:21.51,23.2 1 0
asher/internal/api/codebuilder/php/core/simple_statement.go:25.42,27.2 1 0
asher/internal/api/codebuilder/php/core/simple_statement.go:29.46,33.2 3 0
asher/internal/api/asher_object_walker.go:16.121,22.2 1 0
asher/internal/api/asher_object_walker.go:27.40,32.2 3 0
asher/internal/api/asher_object_walker.go:34.46,35.50 1 0
asher/internal/api/asher_object_walker.go:35.50,37.3 1 0
asher/internal/api/codebuilder/php/core/return_array.go:16.64,20.2 1 0
asher/internal/api/codebuilder/php/core/return_array.go:22.48,26.2 1 0
asher/internal/api/codebuilder/php/core/return_array.go:28.44,30.2 1 0
asher/internal/api/codebuilder/php/core/return_array.go:32.35,34.2 1 0
asher/internal/api/codebuilder/php/core/return_array.go:36.39,40.2 3 0
asher/internal/api/codebuilder/php/core/return_array.go:45.53,47.2 1 0
asher/internal/api/codebuilder/php/core/return_array.go:49.78,52.27 3 0
asher/internal/api/codebuilder/php/core/return_array.go:55.2,55.18 1 0
asher/internal/api/codebuilder/php/core/return_array.go:52.27,54.3 1 0
asher/internal/api/codebuilder/php/core/return_array.go:67.60,69.27 2 0
asher/internal/api/codebuilder/php/core/return_array.go:72.2,73.13 2 0
asher/internal/api/codebuilder/php/core/return_array.go:69.27,71.3 1 0
asher/internal/api/codebuilder/php/core/var_assignment.go:17.80,24.2 1 0
asher/internal/api/codebuilder/php/core/var_assignment.go:26.46,28.2 1 0
asher/internal/api/codebuilder/php/core/var_assignment.go:30.37,32.2 1 0
asher/internal/api/codebuilder/php/core/var_assignment.go:34.41,39.2 3 0
asher/internal/impl/laravel/5.8/handler/context/migration.go:12.39,14.2 1 1
asher/internal/impl/laravel/5.8/handler/context/migration.go:19.69,21.2 1 0
asher/internal/impl/laravel/5.8/handler/context/migration.go:27.60,29.2 1 0
asher/internal/impl/laravel/5.8/handler/writer/writer_handler_registry.go:26.56,28.24 1 0
asher/internal/impl/laravel/5.8/handler/writer/writer_handler_registry.go:33.2,33.20 1 0
asher/internal/impl/laravel/5.8/handler/writer/writer_handler_registry.go:28.24,32.3 1 0
asher/internal/impl/laravel/5.8/handler/writer/writer_handler_registry.go:44.91,46.2 1 0
asher/internal/api/codebuilder/php/core/array_assignment.go:17.94,23.2 1 0
asher/internal/api/codebuilder/php/core/array_assignment.go:25.50,27.2 1 0
asher/internal/api/codebuilder/php/core/array_assignment.go:29.41,31.2 1 0
asher/internal/api/codebuilder/php/core/array_assignment.go:33.45,38.2 3 0
asher/internal/api/tabbed_unit.go:11.40,12.17 1 0
asher/internal/api/tabbed_unit.go:15.2,15.11 1 0
asher/internal/api/tabbed_unit.go:12.17,14.3 1 0
asher/internal/api/codebuilder/php/builder/function.go:17.37,21.2 1 0
asher/internal/api/codebuilder/php/builder/function.go:23.72,27.2 1 0
asher/internal/api/codebuilder/php/builder/function.go:29.61,32.2 2 0
asher/internal/api/codebuilder/php/builder/function.go:34.65,36.2 1 0
asher/internal/api/codebuilder/php/builder/function.go:38.68,41.2 2 0
asher/internal/api/codebuilder/php/builder/function.go:43.80,45.2 1 0
asher/internal/api/codebuilder/php/builder/function.go:47.84,50.2 2 0
asher/internal/api/codebuilder/php/builder/function.go:52.66,55.2 2 0
asher/internal/api/codebuilder/php/builder/function.go:57.49,59.2 1 0
asher/internal/impl/laravel/5.8/handler/context/registry.go:12.46,14.2 1 0
asher/internal/impl/laravel/5.8/handler/helper/audit_col_input.go:18.95,22.2 1 0
asher/internal/impl/laravel/5.8/handler/helper/audit_col_input.go:24.50,26.2 1 0
asher/internal/impl/laravel/5.8/handler/helper/audit_col_input.go:28.53,30.2 1 0
asher/internal/impl/laravel/5.8/handler/helper/audit_col_input.go:32.51,34.2 1 0
asher/internal/impl/laravel/5.8/handler/helper/audit_col_input.go:39.57,41.28 2 0
asher/internal/impl/laravel/5.8/handler/helper/audit_col_input.go:44.2,44.30 1 0
asher/internal/impl/laravel/5.8/handler/helper/audit_col_input.go:47.2,47.12 1 0
asher/internal/impl/laravel/5.8/handler/helper/audit_col_input.go:41.28,43.3 1 0
asher/internal/impl/laravel/5.8/handler/helper/audit_col_input.go:44.30,46.3 1 0
asher/internal/impl/laravel/5.8/handler/helper/audit_col_input.go:50.64,52.26 2 0
asher/internal/impl/laravel/5.8/handler/helper/audit_col_input.go:55.2,55.12 1 0
asher/internal/impl/laravel/5.8/handler/helper/audit_col_input.go:52.26,54.3 1 0
asher/internal/impl/laravel/5.8/handler/helper/audit_col_input.go:58.65,60.26 2 0
asher/internal/impl/laravel/5.8/handler/helper/audit_col_input.go:63.2,63.30 1 0
asher/internal/impl/laravel/5.8/handler/helper/audit_col_input.go:67.2,67.12 1 0
asher/internal/impl/laravel/5.8/handler/helper/audit_col_input.go:60.26,62.3 1 0
asher/internal/impl/laravel/5.8/handler/helper/audit_col_input.go:63.30,66.3 1 0
asher/internal/impl/laravel/5.8/handler/helper/audit_col_input.go:77.76,79.14 2 0
asher/internal/impl/laravel/5.8/handler/helper/audit_col_input.go:82.2,82.17 1 0
asher/internal/impl/laravel/5.8/handler/helper/audit_col_input.go:85.2,85.15 1 0
asher/internal/impl/laravel/5.8/handler/helper/audit_col_input.go:88.2,88.16 1 0
asher/internal/impl/laravel/5.8/handler/helper/audit_col_input.go:79.14,81.3 1 0
asher/internal/impl/laravel/5.8/handler/helper/audit_col_input.go:82.17,84.3 1 0
asher/internal/impl/laravel/5.8/handler/helper/audit_col_input.go:85.15,87.3 1 0
asher/internal/impl/laravel/5.8/handler/generator/model.go:28.42,38.2 1 0
asher/internal/impl/laravel/5.8/handler/generator/model.go:50.111,53.2 2 0
asher/internal/impl/laravel/5.8/handler/generator/model.go:65.111,68.2 2 0
asher/internal/impl/laravel/5.8/handler/generator/model.go:79.81,83.2 3 0
asher/internal/impl/laravel/5.8/handler/generator/model.go:94.86,97.2 2 0
asher/internal/impl/laravel/5.8/handler/generator/model.go:108.89,111.2 2 0
asher/internal/impl/laravel/5.8/handler/generator/model.go:120.80,123.2 2 0
asher/internal/impl/laravel/5.8/handler/generator/model.go:133.106,136.2 2 0
asher/internal/impl/laravel/5.8/handler/generator/model.go:144.59,149.39 2 0
asher/internal/impl/laravel/5.8/handler/generator/model.go:155.2,155.36 1 0
asher/internal/impl/laravel/5.8/handler/generator/model.go:161.2,161.31 1 0
asher/internal/impl/laravel/5.8/handler/generator/model.go:166.2,166.51 1 0
asher/internal/impl/laravel/5.8/handler/generator/model.go:172.2,172.51 1 0
asher/internal/impl/laravel/5.8/handler/generator/model.go:178.2,178.49 1 0
asher/internal/impl/laravel/5.8/handler/generator/model.go:184.2,184.47 1 0
asher/internal/impl/laravel/5.8/handler/generator/model.go:149.39,153.3 2 0
asher/internal/impl/laravel/5.8/handler/generator/model.go:155.36,159.3 2 0
asher/internal/impl/laravel/5.8/handler/generator/model.go:161.31,164.3 2 0
asher/internal/impl/laravel/5.8/handler/generator/model.go:166.51,170.3 2 0
asher/internal/impl/laravel/5.8/handler/generator/model.go:172.51,176.3 2 0
asher/internal/impl/laravel/5.8/handler/generator/model.go:178.49,179.63 1 0
asher/internal/impl/laravel/5.8/handler/generator/model.go:179.63,181.4 1 0
asher/internal/impl/laravel/5.8/handler/generator/model.go:192.55,194.2 1 0
asher/internal/impl/laravel/5.8/handler/generator/model.go:206.94,211.2 3 0
asher/internal/impl/laravel/5.8/handler/context/model.go:12.31,14.2 1 1
asher/internal/impl/laravel/5.8/handler/context/model.go:16.57,18.2 1 0
asher/internal/impl/laravel/5.8/handler/context/model.go:20.48,22.2 1 0
asher/internal/api/codebuilder/php/core/class.go:22.24,33.2 1 0
asher/internal/api/codebuilder/php/core/class.go:35.33,37.2 1 0
asher/internal/api/codebuilder/php/core/class.go:39.42,41.2 1 0
asher/internal/api/codebuilder/php/core/class.go:43.36,57.2 12 0
asher/internal/api/codebuilder/php/core/class.go:62.76,63.40 1 0
asher/internal/api/codebuilder/php/core/class.go:68.2,68.91 1 0
asher/internal/api/codebuilder/php/core/class.go:63.40,64.36 1 0
asher/internal/api/codebuilder/php/core/class.go:64.36,66.4 1 0
asher/internal/api/codebuilder/php/core/class.go:74.72,75.42 1 0
asher/internal/api/codebuilder/php/core/class.go:80.2,80.93 1 0
asher/internal/api/codebuilder/php/core/class.go:75.42,76.33 1 0
asher/internal/api/codebuilder/php/core/class.go:76.33,78.4 1 0
asher/internal/api/codebuilder/php/core/class.go:86.55,88.2 1 0
asher/internal/api/codebuilder/php/core/class.go:90.61,91.25 1 0
asher/internal/api/codebuilder/php/core/class.go:91.25,93.3 1 0
asher/internal/api/codebuilder/php/core/class.go:96.61,97.28 1 0
asher/internal/api/codebuilder/php/core/class.go:97.28,98.41 1 0
asher/internal/api/codebuilder/php/core/class.go:101.3,101.28 1 0
asher/internal/api/codebuilder/php/core/class.go:98.41,100.4 1 0
asher/internal/api/codebuilder/php/core/class.go:105.61,106.25 1 0
asher/internal/api/codebuilder/php/core/class.go:106.25,108.3 1 0
asher/internal/api/codebuilder/php/core/class.go:111.61,112.28 1 0
asher/internal/api/codebuilder/php/core/class.go:112.28,113.41 1 0
asher/internal/api/codebuilder/php/core/class.go:113.41,116.18 3 0
asher/internal/api/codebuilder/php/core/class.go:116.18,118.5 1 0
asher/internal/api/codebuilder/php/core/class.go:123.68,124.35 1 0
asher/internal/api/codebuilder/php/core/class.go:124.35,126.17 2 0
asher/internal/api/codebuilder/php/core/class.go:126.17,128.4 1 0
asher/internal/api/codebuilder/php/core/class.go:132.63,133.30 1 0
asher/internal/api/codebuilder/php/core/class.go:133.30,134.43 1 0
asher/internal/api/codebuilder/php/core/class.go:134.43,137.4 2 0
asher/internal/impl/laravel/5.8/handler/generator/migration.go:21.50,25.2 1 0
asher/internal/impl/laravel/5.8/handler/generator/migration.go:36.93,41.2 4 0
asher/internal/impl/laravel/5.8/handler/generator/migration.go:52.106,54.2 1 0
asher/internal/impl/laravel/5.8/handler/generator/migration.go:68.111,71.2 2 0
asher/internal/impl/laravel/5.8/handler/generator/migration.go:78.67,82.53 3 0
asher/internal/impl/laravel/5.8/handler/generator/migration.go:87.2,104.51 7 0
asher/internal/impl/laravel/5.8/handler/generator/migration.go:82.53,85.3 2 0
asher/internal/impl/laravel/5.8/handler/generator/migration.go:112.63,114.2 1 0
asher/internal/api/codebuilder/php/core/function_call.go:17.48,22.2 1 0
asher/internal/api/codebuilder/php/core/function_call.go:24.45,26.2 1 0
asher/internal/api/codebuilder/php/core/function_call.go:28.36,30.2 1 0
asher/internal/api/codebuilder/php/core/function_call.go:36.67,39.2 2 0
asher/internal/api/codebuilder/php/core/function_call.go:41.69,42.33 1 0
asher/internal/api/codebuilder/php/core/function_call.go:47.2,47.83 1 0
asher/internal/api/codebuilder/php/core/function_call.go:42.33,43.29 1 0
asher/internal/api/codebuilder/php/core/function_call.go:43.29,45.4 1 0
asher/internal/api/codebuilder/php/core/function_call.go:50.40,54.32 4 0
asher/internal/api/codebuilder/php/core/function_call.go:60.2,61.25 2 0
asher/internal/api/codebuilder/php/core/function_call.go:54.32,56.22 2 0
asher/internal/api/codebuilder/php/core/function_call.go:56.22,58.4 1 0
asher/internal/api/codebuilder/php/core/return_statement.go:15.55,19.2 1 0
asher/internal/api/codebuilder/php/core/return_statement.go:21.48,23.2 1 0
asher/internal/api/codebuilder/php/core/return_statement.go:25.39,27.2 1 0
asher/internal/api/codebuilder/php/core/return_statement.go:29.43,33.2 3 0
asher/internal/impl/laravel/5.8/handler/column.go:18.40,20.2 1 0
asher/internal/impl/laravel/5.8/handler/column.go:22.111,30.2 4 0
asher/internal/impl/laravel/5.8/handler/column.go:32.112,35.38 2 0
asher/internal/impl/laravel/5.8/handler/column.go:41.2,44.19 4 0
asher/internal/impl/laravel/5.8/handler/column.go:35.38,39.3 3 0
asher/internal/impl/laravel/5.8/handler/column.go:47.115,49.41 2 0
asher/internal/impl/laravel/5.8/handler/column.go:57.2,61.19 5 0
asher/internal/impl/laravel/5.8/handler/column.go:49.41,55.3 1 0
asher/internal/impl/laravel/5.8/handler/column.go:64.132,65.23 1 0
asher/internal/impl/laravel/5.8/handler/column.go:65.23,68.3 2 0
asher/internal/impl/laravel/5.8/handler/column.go:71.118,73.20 1 0
asher/internal/impl/laravel/5.8/handler/column.go:73.20,76.3 1 0
asher/internal/impl/laravel/5.8/handler/column.go:76.8,76.42 1 0
asher/internal/impl/laravel/5.8/handler/column.go:76.42,79.3 1 0
asher/internal/impl/laravel/5.8/handler/column.go:79.8,82.3 1 0
asher/internal/impl/laravel/5.8/handler/column.go:86.123,87.14 1 0
asher/internal/impl/laravel/5.8/handler/column.go:87.14,89.3 1 0
asher/internal/impl/laravel/5.8/handler/column.go:92.125,93.15 1 0
asher/internal/impl/laravel/5.8/handler/column.go:93.15,95.3 1 0
asher/internal/impl/laravel/5.8/handler/column.go:98.122,100.34 2 0
asher/internal/impl/laravel/5.8/handler/column.go:109.2,111.3 1 0
asher/internal/impl/laravel/5.8/handler/column.go:100.34,103.3 2 0
asher/internal/impl/laravel/5.8/handler/column.go:103.8,103.31 1 0
asher/internal/impl/laravel/5.8/handler/column.go:103.31,106.3 1 0
asher/internal/impl/laravel/5.8/handler/column.go:106.8,107.86 1 0
asher/internal/impl/laravel/5.8/handler/column.go:115.93,126.2 8 0
asher/internal/impl/laravel/5.8/handler/column.go:128.143,140.2 5 0
asher/internal/impl/laravel/5.8/handler/column.go:142.72,143.14 1 0
asher/internal/impl/laravel/5.8/handler/column.go:146.2,146.11 1 0
asher/internal/impl/laravel/5.8/handler/column.go:143.14,145.3 1 0
asher/internal/impl/laravel/5.8/handler/column.go:149.82,150.22 1 0
asher/internal/impl/laravel/5.8/handler/column.go:153.2,153.11 1 0
asher/internal/impl/laravel/5.8/handler/column.go:150.22,152.3 1 0
asher/internal/impl/laravel/5.8/handler/column.go:156.70,157.13 1 0
asher/internal/impl/laravel/5.8/handler/column.go:160.2,160.11 1 0
asher/internal/impl/laravel/5.8/handler/column.go:157.13,159.3 1 0
asher/internal/impl/laravel/5.8/handler/column.go:163.76,164.16 1 0
asher/internal/impl/laravel/5.8/handler/column.go:167.2,167.11 1 0
asher/internal/impl/laravel/5.8/handler/column.go:164.16,166.3 1 0
asher/internal/impl/laravel/5.8/handler/column.go:170.90,171.17 1 0
asher/internal/impl/laravel/5.8/handler/column.go:172.17,173.22 1 0
asher/internal/impl/laravel/5.8/handler/column.go:174.23,175.28 1 0
asher/internal/impl/laravel/5.8/handler/column.go:176.22,177.27 1 0
asher/internal/impl/laravel/5.8/handler/column.go:178.21,179.26 1 0
asher/internal/impl/laravel/5.8/handler/column.go:180.20,181.25 1 0
asher/internal/impl/laravel/5.8/handler/column.go:182.10,183.48 1 0
asher/internal/impl/laravel/5.8/handler/column.go:191.110,192.17 1 0
asher/internal/impl/laravel/5.8/handler/column.go:194.28,195.44 1 0
asher/internal/impl/laravel/5.8/handler/column.go:196.20,197.36 1 0
asher/internal/impl/laravel/5.8/handler/column.go:198.25,199.41 1 0
asher/internal/impl/laravel/5.8/handler/column.go:200.17,201.33 1 0
asher/internal/impl/laravel/5.8/handler/column.go:202.29,203.45 1 0
asher/internal/impl/laravel/5.8/handler/column.go:204.21,205.37 1 0
asher/internal/impl/laravel/5.8/handler/column.go:206.31,207.47 1 0
asher/internal/impl/laravel/5.8/handler/column.go:208.23,209.39 1 0
asher/internal/impl/laravel/5.8/handler/column.go:210.16,211.32 1 0
asher/internal/impl/laravel/5.8/handler/column.go:212.17,213.33 1 0
asher/internal/impl/laravel/5.8/handler/column.go:214.14,215.30 1 0
asher/internal/impl/laravel/5.8/handler/column.go:216.14,217.30 1 0
asher/internal/impl/laravel/5.8/handler/column.go:218.16,219.32 1 0
asher/internal/impl/laravel/5.8/handler/column.go:220.15,221.31 1 0
asher/internal/impl/laravel/5.8/handler/column.go:222.14,223.39 1 0
asher/internal/impl/laravel/5.8/handler/column.go:224.13,225.38 1 0
asher/internal/impl/laravel/5.8/handler/column.go:226.10,228.73 1 0
asher/internal/impl/laravel/5.8/handler/writer/migration.go:12.58,16.2 1 1
asher/internal/impl/laravel/5.8/handler/writer/migration.go:18.86,20.2 1 0
asher/internal/impl/laravel/5.8/handler/writer/migration.go:22.84,24.2 0 0
