mode: atomic
asher/internal/api/codebuilder/php/builder/class.go:17.31,21.2 1 2
asher/internal/api/codebuilder/php/builder/class.go:26.56,30.2 1 0
asher/internal/api/codebuilder/php/builder/class.go:35.59,38.2 2 2
asher/internal/api/codebuilder/php/builder/class.go:43.70,45.2 1 0
asher/internal/api/codebuilder/php/builder/class.go:50.74,53.2 2 0
asher/internal/api/codebuilder/php/builder/class.go:58.70,61.2 2 0
asher/internal/api/codebuilder/php/builder/class.go:66.75,69.2 2 0
asher/internal/api/codebuilder/php/builder/class.go:74.66,77.2 2 0
asher/internal/api/codebuilder/php/builder/class.go:82.67,85.2 2 0
asher/internal/api/codebuilder/php/builder/class.go:90.66,92.2 1 0
asher/internal/api/codebuilder/php/builder/class.go:97.61,100.2 2 0
asher/internal/api/codebuilder/php/builder/class.go:102.44,104.2 1 2
asher/internal/api/codebuilder/php/builder/function.go:17.37,21.2 1 0
asher/internal/api/codebuilder/php/builder/function.go:23.72,27.2 1 0
asher/internal/api/codebuilder/php/builder/function.go:29.61,32.2 2 0
asher/internal/api/codebuilder/php/builder/function.go:34.65,36.2 1 0
asher/internal/api/codebuilder/php/builder/function.go:38.68,41.2 2 0
asher/internal/api/codebuilder/php/builder/function.go:43.80,45.2 1 0
asher/internal/api/codebuilder/php/builder/function.go:47.84,50.2 2 0
asher/internal/api/codebuilder/php/builder/function.go:52.66,55.2 2 0
asher/internal/api/codebuilder/php/builder/function.go:57.49,59.2 1 0
asher/internal/api/codebuilder/php/core/array_assignment.go:17.94,23.2 1 0
asher/internal/api/codebuilder/php/core/array_assignment.go:25.50,27.2 1 0
asher/internal/api/codebuilder/php/core/array_assignment.go:29.41,31.2 1 0
asher/internal/api/codebuilder/php/core/array_assignment.go:33.45,38.2 3 0
asher/internal/api/codebuilder/php/core/class.go:22.24,33.2 1 2
asher/internal/api/codebuilder/php/core/class.go:35.33,37.2 1 0
asher/internal/api/codebuilder/php/core/class.go:39.42,41.2 1 0
asher/internal/api/codebuilder/php/core/class.go:43.36,57.2 12 0
asher/internal/api/codebuilder/php/core/class.go:62.76,63.40 1 0
asher/internal/api/codebuilder/php/core/class.go:68.2,68.91 1 0
asher/internal/api/codebuilder/php/core/class.go:63.40,64.36 1 0
asher/internal/api/codebuilder/php/core/class.go:64.36,66.4 1 0
asher/internal/api/codebuilder/php/core/class.go:74.72,75.42 1 0
asher/internal/api/codebuilder/php/core/class.go:80.2,80.93 1 0
asher/internal/api/codebuilder/php/core/class.go:75.42,76.33 1 0
asher/internal/api/codebuilder/php/core/class.go:76.33,78.4 1 0
asher/internal/api/codebuilder/php/core/class.go:86.55,88.2 1 0
asher/internal/api/codebuilder/php/core/class.go:90.61,91.25 1 0
asher/internal/api/codebuilder/php/core/class.go:91.25,93.3 1 0
asher/internal/api/codebuilder/php/core/class.go:96.61,97.28 1 0
asher/internal/api/codebuilder/php/core/class.go:97.28,98.41 1 0
asher/internal/api/codebuilder/php/core/class.go:101.3,101.28 1 0
asher/internal/api/codebuilder/php/core/class.go:98.41,100.4 1 0
asher/internal/api/codebuilder/php/core/class.go:105.61,106.25 1 0
asher/internal/api/codebuilder/php/core/class.go:106.25,108.3 1 0
asher/internal/api/codebuilder/php/core/class.go:111.61,112.28 1 0
asher/internal/api/codebuilder/php/core/class.go:112.28,113.41 1 0
asher/internal/api/codebuilder/php/core/class.go:113.41,116.18 3 0
asher/internal/api/codebuilder/php/core/class.go:116.18,118.5 1 0
asher/internal/api/codebuilder/php/core/class.go:123.68,124.35 1 0
asher/internal/api/codebuilder/php/core/class.go:124.35,126.17 2 0
asher/internal/api/codebuilder/php/core/class.go:126.17,128.4 1 0
asher/internal/api/codebuilder/php/core/class.go:132.63,133.30 1 0
asher/internal/api/codebuilder/php/core/class.go:133.30,134.43 1 0
asher/internal/api/codebuilder/php/core/class.go:134.43,137.4 2 0
asher/internal/api/codebuilder/php/core/php_emitter_file.go:17.105,24.2 1 2
asher/internal/api/codebuilder/php/core/php_emitter_file.go:26.44,28.2 1 0
asher/internal/api/codebuilder/php/core/php_emitter_file.go:30.40,32.2 1 0
asher/internal/api/codebuilder/php/core/php_emitter_file.go:34.54,36.2 1 2
asher/internal/api/codebuilder/php/core/php_emitter_file.go:38.41,40.2 1 2
asher/internal/api/codebuilder/php/core/php_emitter_file.go:42.42,45.35 3 0
asher/internal/api/codebuilder/php/core/php_emitter_file.go:48.2,48.25 1 0
asher/internal/api/codebuilder/php/core/php_emitter_file.go:45.35,47.3 1 0
asher/internal/impl/laravel/5.8/handler/helper/audit_col_input.go:18.95,22.2 1 0
asher/internal/impl/laravel/5.8/handler/helper/audit_col_input.go:24.50,26.2 1 0
asher/internal/impl/laravel/5.8/handler/helper/audit_col_input.go:28.53,30.2 1 0
asher/internal/impl/laravel/5.8/handler/helper/audit_col_input.go:32.51,34.2 1 0
asher/internal/impl/laravel/5.8/handler/helper/audit_col_input.go:39.57,41.28 2 0
asher/internal/impl/laravel/5.8/handler/helper/audit_col_input.go:44.2,44.30 1 0
asher/internal/impl/laravel/5.8/handler/helper/audit_col_input.go:47.2,47.12 1 0
asher/internal/impl/laravel/5.8/handler/helper/audit_col_input.go:41.28,43.3 1 0
asher/internal/impl/laravel/5.8/handler/helper/audit_col_input.go:44.30,46.3 1 0
asher/internal/impl/laravel/5.8/handler/helper/audit_col_input.go:50.64,52.26 2 0
asher/internal/impl/laravel/5.8/handler/helper/audit_col_input.go:55.2,55.12 1 0
asher/internal/impl/laravel/5.8/handler/helper/audit_col_input.go:52.26,54.3 1 0
asher/internal/impl/laravel/5.8/handler/helper/audit_col_input.go:58.65,60.26 2 0
asher/internal/impl/laravel/5.8/handler/helper/audit_col_input.go:63.2,63.30 1 0
asher/internal/impl/laravel/5.8/handler/helper/audit_col_input.go:67.2,67.12 1 0
asher/internal/impl/laravel/5.8/handler/helper/audit_col_input.go:60.26,62.3 1 0
asher/internal/impl/laravel/5.8/handler/helper/audit_col_input.go:63.30,66.3 1 0
asher/internal/impl/laravel/5.8/handler/helper/audit_col_input.go:77.76,79.14 2 0
asher/internal/impl/laravel/5.8/handler/helper/audit_col_input.go:82.2,82.17 1 0
asher/internal/impl/laravel/5.8/handler/helper/audit_col_input.go:85.2,85.15 1 0
asher/internal/impl/laravel/5.8/handler/helper/audit_col_input.go:88.2,88.16 1 0
asher/internal/impl/laravel/5.8/handler/helper/audit_col_input.go:79.14,81.3 1 0
asher/internal/impl/laravel/5.8/handler/helper/audit_col_input.go:82.17,84.3 1 0
asher/internal/impl/laravel/5.8/handler/helper/audit_col_input.go:85.15,87.3 1 0
asher/internal/api/codebuilder/php/core/simple_statement.go:15.66,19.2 1 0
asher/internal/api/codebuilder/php/core/simple_statement.go:21.51,23.2 1 0
asher/internal/api/codebuilder/php/core/simple_statement.go:25.42,27.2 1 0
asher/internal/api/codebuilder/php/core/simple_statement.go:29.46,33.2 3 0
asher/internal/api/codebuilder/php/core/var_declaration.go:16.70,22.2 1 0
asher/internal/api/codebuilder/php/core/var_declaration.go:24.47,26.2 1 0
asher/internal/api/codebuilder/php/core/var_declaration.go:28.38,30.2 1 0
asher/internal/api/codebuilder/php/core/var_declaration.go:32.42,37.2 3 0
asher/internal/api/tabbed_unit.go:11.40,12.17 1 0
asher/internal/api/tabbed_unit.go:15.2,15.11 1 0
asher/internal/api/tabbed_unit.go:12.17,14.3 1 0
asher/internal/api/asher_object_walker.go:15.89,17.2 1 2
asher/internal/api/asher_object_walker.go:22.40,27.2 2 2
asher/internal/api/asher_object_walker.go:29.46,30.50 1 2
asher/internal/api/asher_object_walker.go:30.50,32.3 1 2
asher/internal/api/codebuilder/php/core/function.go:20.30,29.2 1 0
asher/internal/api/codebuilder/php/core/function.go:31.40,33.2 1 0
asher/internal/api/codebuilder/php/core/function.go:35.32,36.18 1 0
asher/internal/api/codebuilder/php/core/function.go:39.2,39.15 1 0
asher/internal/api/codebuilder/php/core/function.go:36.18,38.3 1 0
asher/internal/api/codebuilder/php/core/function.go:42.36,48.38 5 0
asher/internal/api/codebuilder/php/core/function.go:52.2,53.25 2 0
asher/internal/api/codebuilder/php/core/function.go:48.38,51.3 2 0
asher/internal/api/codebuilder/php/core/function.go:59.75,60.39 1 0
asher/internal/api/codebuilder/php/core/function.go:66.2,66.48 1 0
asher/internal/api/codebuilder/php/core/function.go:60.39,62.27 2 0
asher/internal/api/codebuilder/php/core/function.go:62.27,64.4 1 0
asher/internal/api/codebuilder/php/core/function.go:72.65,73.39 1 0
asher/internal/api/codebuilder/php/core/function.go:78.2,78.83 1 0
asher/internal/api/codebuilder/php/core/function.go:73.39,74.29 1 0
asher/internal/api/codebuilder/php/core/function.go:74.29,76.4 1 0
asher/internal/api/codebuilder/php/core/function.go:84.58,86.2 1 0
asher/internal/impl/laravel/5.8/handler/context/migration.go:17.51,19.2 1 0
asher/internal/impl/laravel/5.8/handler/context/migration.go:21.39,23.2 1 1
asher/internal/impl/laravel/5.8/handler/context/migration.go:28.69,30.2 1 0
asher/internal/impl/laravel/5.8/handler/context/migration.go:36.60,38.2 1 0
asher/internal/api/codebuilder/php/core/return_array.go:15.48,19.2 1 0
asher/internal/api/codebuilder/php/core/return_array.go:21.44,23.2 1 0
asher/internal/api/codebuilder/php/core/return_array.go:25.35,27.2 1 0
asher/internal/api/codebuilder/php/core/return_array.go:29.39,33.2 3 0
asher/internal/api/codebuilder/php/core/return_array.go:38.53,40.2 1 0
asher/internal/api/codebuilder/php/core/parameter.go:11.42,15.2 1 0
asher/internal/api/codebuilder/php/core/parameter.go:17.42,19.2 1 0
asher/internal/api/codebuilder/php/core/parameter.go:21.33,23.2 1 0
asher/internal/api/codebuilder/php/core/parameter.go:25.37,27.2 1 0
asher/internal/api/codebuilder/php/core/return_statement.go:15.55,19.2 1 0
asher/internal/api/codebuilder/php/core/return_statement.go:21.48,23.2 1 0
asher/internal/api/codebuilder/php/core/return_statement.go:25.39,27.2 1 0
asher/internal/api/codebuilder/php/core/return_statement.go:29.43,33.2 3 0
asher/internal/impl/laravel/5.8/handler/context/registry.go:12.46,14.2 1 0
asher/internal/api/codebuilder/php/core/function_call.go:17.48,22.2 1 0
asher/internal/api/codebuilder/php/core/function_call.go:24.45,26.2 1 0
asher/internal/api/codebuilder/php/core/function_call.go:28.36,30.2 1 0
asher/internal/api/codebuilder/php/core/function_call.go:36.67,39.2 2 0
asher/internal/api/codebuilder/php/core/function_call.go:41.69,42.33 1 0
asher/internal/api/codebuilder/php/core/function_call.go:47.2,47.83 1 0
asher/internal/api/codebuilder/php/core/function_call.go:42.33,43.29 1 0
asher/internal/api/codebuilder/php/core/function_call.go:43.29,45.4 1 0
asher/internal/api/codebuilder/php/core/function_call.go:50.40,54.32 4 0
asher/internal/api/codebuilder/php/core/function_call.go:62.2,63.25 2 0
asher/internal/api/codebuilder/php/core/function_call.go:54.32,57.22 3 0
asher/internal/api/codebuilder/php/core/function_call.go:60.3,60.30 1 0
asher/internal/api/codebuilder/php/core/function_call.go:57.22,59.4 1 0
asher/internal/api/codebuilder/php/core/var_assignment.go:17.80,24.2 1 0
asher/internal/api/codebuilder/php/core/var_assignment.go:26.46,28.2 1 0
asher/internal/api/codebuilder/php/core/var_assignment.go:30.37,32.2 1 0
asher/internal/api/codebuilder/php/core/var_assignment.go:34.41,39.2 3 0
asher/internal/impl/laravel/5.8/handler/context/model.go:10.31,12.2 1 1
asher/internal/impl/laravel/5.8/handler/context/model.go:14.57,16.2 1 0
asher/internal/impl/laravel/5.8/handler/context/model.go:18.48,20.2 1 0
asher/internal/impl/laravel/5.8/handler/audit_col.go:26.37,28.2 1 0
asher/internal/impl/laravel/5.8/handler/audit_col.go:30.107,36.2 4 0
asher/internal/impl/laravel/5.8/handler/audit_col.go:41.100,43.23 2 0
asher/internal/impl/laravel/5.8/handler/audit_col.go:51.2,51.72 1 0
asher/internal/impl/laravel/5.8/handler/audit_col.go:43.23,50.3 6 0
asher/internal/impl/laravel/5.8/handler/audit_col.go:54.95,56.20 1 0
asher/internal/impl/laravel/5.8/handler/audit_col.go:56.20,59.3 2 0
asher/internal/impl/laravel/5.8/handler/audit_col.go:62.98,64.21 1 0
asher/internal/impl/laravel/5.8/handler/audit_col.go:64.21,67.3 2 0
asher/internal/impl/laravel/5.8/handler/audit_col.go:70.103,72.16 2 0
asher/internal/impl/laravel/5.8/handler/audit_col.go:75.2,77.12 3 0
asher/internal/impl/laravel/5.8/handler/audit_col.go:72.16,74.3 1 0
asher/internal/impl/laravel/5.8/handler/audit_col.go:80.131,84.16 2 0
asher/internal/impl/laravel/5.8/handler/audit_col.go:89.2,90.16 2 0
asher/internal/impl/laravel/5.8/handler/audit_col.go:94.2,96.12 3 0
asher/internal/impl/laravel/5.8/handler/audit_col.go:84.16,86.3 1 0
asher/internal/impl/laravel/5.8/handler/audit_col.go:90.16,92.3 1 0
asher/internal/impl/laravel/5.8/handler/audit_col.go:99.104,102.26 3 0
asher/internal/impl/laravel/5.8/handler/audit_col.go:122.2,122.72 1 0
asher/internal/impl/laravel/5.8/handler/audit_col.go:102.26,107.17 3 0
asher/internal/impl/laravel/5.8/handler/audit_col.go:110.3,110.28 1 0
asher/internal/impl/laravel/5.8/handler/audit_col.go:114.3,114.31 1 0
asher/internal/impl/laravel/5.8/handler/audit_col.go:117.3,117.29 1 0
asher/internal/impl/laravel/5.8/handler/audit_col.go:107.17,109.4 1 0
asher/internal/impl/laravel/5.8/handler/audit_col.go:110.28,113.4 2 0
asher/internal/impl/laravel/5.8/handler/audit_col.go:114.31,116.4 1 0
asher/internal/impl/laravel/5.8/handler/audit_col.go:117.29,119.4 1 0
asher/internal/impl/laravel/5.8/handler/audit_col.go:126.96,128.16 2 0
asher/internal/impl/laravel/5.8/handler/audit_col.go:128.16,133.3 3 0
asher/internal/impl/laravel/5.8/handler/audit_col.go:136.71,138.66 2 0
asher/internal/impl/laravel/5.8/handler/audit_col.go:142.2,142.45 1 0
asher/internal/impl/laravel/5.8/handler/audit_col.go:138.66,141.3 1 0
asher/internal/impl/laravel/5.8/handler/audit_col.go:146.90,149.16 3 0
asher/internal/impl/laravel/5.8/handler/audit_col.go:154.2,155.16 2 0
asher/internal/impl/laravel/5.8/handler/audit_col.go:158.2,159.16 2 0
asher/internal/impl/laravel/5.8/handler/audit_col.go:162.2,162.39 1 0
asher/internal/impl/laravel/5.8/handler/audit_col.go:149.16,151.3 1 0
asher/internal/impl/laravel/5.8/handler/audit_col.go:155.16,157.3 1 0
asher/internal/impl/laravel/5.8/handler/audit_col.go:159.16,161.3 1 0
asher/internal/impl/laravel/5.8/handler/audit_col.go:165.57,167.23 1 0
asher/internal/impl/laravel/5.8/handler/audit_col.go:173.2,173.29 1 0
asher/internal/impl/laravel/5.8/handler/audit_col.go:168.28,169.30 1 0
asher/internal/impl/laravel/5.8/handler/audit_col.go:170.20,171.22 1 0
asher/internal/api/codebuilder/php/core/return_statement.go:15.55,19.2 1 0
asher/internal/api/codebuilder/php/core/return_statement.go:21.48,23.2 1 0
asher/internal/api/codebuilder/php/core/return_statement.go:25.39,27.2 1 0
asher/internal/api/codebuilder/php/core/return_statement.go:29.43,33.2 3 0
asher/internal/api/codebuilder/php/core/class.go:22.24,33.2 1 0
asher/internal/api/codebuilder/php/core/class.go:35.33,37.2 1 0
asher/internal/api/codebuilder/php/core/class.go:39.42,41.2 1 0
asher/internal/api/codebuilder/php/core/class.go:43.36,57.2 12 0
asher/internal/api/codebuilder/php/core/class.go:62.76,63.40 1 0
asher/internal/api/codebuilder/php/core/class.go:68.2,68.91 1 0
asher/internal/api/codebuilder/php/core/class.go:63.40,64.36 1 0
asher/internal/api/codebuilder/php/core/class.go:64.36,66.4 1 0
asher/internal/api/codebuilder/php/core/class.go:74.72,75.42 1 0
asher/internal/api/codebuilder/php/core/class.go:80.2,80.93 1 0
asher/internal/api/codebuilder/php/core/class.go:75.42,76.33 1 0
asher/internal/api/codebuilder/php/core/class.go:76.33,78.4 1 0
asher/internal/api/codebuilder/php/core/class.go:86.55,88.2 1 0
asher/internal/api/codebuilder/php/core/class.go:90.61,91.25 1 0
asher/internal/api/codebuilder/php/core/class.go:91.25,93.3 1 0
asher/internal/api/codebuilder/php/core/class.go:96.61,97.28 1 0
asher/internal/api/codebuilder/php/core/class.go:97.28,98.41 1 0
asher/internal/api/codebuilder/php/core/class.go:101.3,101.28 1 0
asher/internal/api/codebuilder/php/core/class.go:98.41,100.4 1 0
asher/internal/api/codebuilder/php/core/class.go:105.61,106.25 1 0
asher/internal/api/codebuilder/php/core/class.go:106.25,108.3 1 0
asher/internal/api/codebuilder/php/core/class.go:111.61,112.28 1 0
asher/internal/api/codebuilder/php/core/class.go:112.28,113.41 1 0
asher/internal/api/codebuilder/php/core/class.go:113.41,116.18 3 0
asher/internal/api/codebuilder/php/core/class.go:116.18,118.5 1 0
asher/internal/api/codebuilder/php/core/class.go:123.68,124.35 1 0
asher/internal/api/codebuilder/php/core/class.go:124.35,126.17 2 0
asher/internal/api/codebuilder/php/core/class.go:126.17,128.4 1 0
asher/internal/api/codebuilder/php/core/class.go:132.63,133.30 1 0
asher/internal/api/codebuilder/php/core/class.go:133.30,134.43 1 0
asher/internal/api/codebuilder/php/core/class.go:134.43,137.4 2 0
asher/internal/api/codebuilder/php/core/var_assignment.go:17.80,24.2 1 0
asher/internal/api/codebuilder/php/core/var_assignment.go:26.46,28.2 1 0
asher/internal/api/codebuilder/php/core/var_assignment.go:30.37,32.2 1 0
asher/internal/api/codebuilder/php/core/var_assignment.go:34.41,39.2 3 0
asher/internal/api/codebuilder/php/builder/function.go:17.37,21.2 1 0
asher/internal/api/codebuilder/php/builder/function.go:23.72,27.2 1 0
asher/internal/api/codebuilder/php/builder/function.go:29.61,32.2 2 0
asher/internal/api/codebuilder/php/builder/function.go:34.65,36.2 1 0
asher/internal/api/codebuilder/php/builder/function.go:38.68,41.2 2 0
asher/internal/api/codebuilder/php/builder/function.go:43.80,45.2 1 0
asher/internal/api/codebuilder/php/builder/function.go:47.84,50.2 2 0
asher/internal/api/codebuilder/php/builder/function.go:52.66,55.2 2 0
asher/internal/api/codebuilder/php/builder/function.go:57.49,59.2 1 0
asher/internal/impl/laravel/5.8/handler/context/model.go:10.31,12.2 1 1
asher/internal/impl/laravel/5.8/handler/context/model.go:14.57,16.2 1 0
asher/internal/impl/laravel/5.8/handler/context/model.go:18.48,20.2 1 0
asher/internal/impl/laravel/5.8/handler/context/registry.go:12.46,14.2 1 0
asher/internal/impl/laravel/5.8/handler/audit_col.go:26.37,28.2 1 0
asher/internal/impl/laravel/5.8/handler/audit_col.go:30.107,36.2 4 0
asher/internal/impl/laravel/5.8/handler/audit_col.go:41.100,43.23 2 0
asher/internal/impl/laravel/5.8/handler/audit_col.go:51.2,51.72 1 0
asher/internal/impl/laravel/5.8/handler/audit_col.go:43.23,50.3 6 0
asher/internal/impl/laravel/5.8/handler/audit_col.go:54.95,56.20 1 0
asher/internal/impl/laravel/5.8/handler/audit_col.go:56.20,59.3 2 0
asher/internal/impl/laravel/5.8/handler/audit_col.go:62.98,64.21 1 0
asher/internal/impl/laravel/5.8/handler/audit_col.go:64.21,67.3 2 0
asher/internal/impl/laravel/5.8/handler/audit_col.go:70.103,72.16 2 0
asher/internal/impl/laravel/5.8/handler/audit_col.go:75.2,77.12 3 0
asher/internal/impl/laravel/5.8/handler/audit_col.go:72.16,74.3 1 0
asher/internal/impl/laravel/5.8/handler/audit_col.go:80.131,84.16 2 0
asher/internal/impl/laravel/5.8/handler/audit_col.go:89.2,90.16 2 0
asher/internal/impl/laravel/5.8/handler/audit_col.go:94.2,96.12 3 0
asher/internal/impl/laravel/5.8/handler/audit_col.go:84.16,86.3 1 0
asher/internal/impl/laravel/5.8/handler/audit_col.go:90.16,92.3 1 0
asher/internal/impl/laravel/5.8/handler/audit_col.go:99.104,102.26 3 0
asher/internal/impl/laravel/5.8/handler/audit_col.go:122.2,122.72 1 0
asher/internal/impl/laravel/5.8/handler/audit_col.go:102.26,107.17 3 0
asher/internal/impl/laravel/5.8/handler/audit_col.go:110.3,110.28 1 0
asher/internal/impl/laravel/5.8/handler/audit_col.go:114.3,114.31 1 0
asher/internal/impl/laravel/5.8/handler/audit_col.go:117.3,117.29 1 0
asher/internal/impl/laravel/5.8/handler/audit_col.go:107.17,109.4 1 0
asher/internal/impl/laravel/5.8/handler/audit_col.go:110.28,113.4 2 0
asher/internal/impl/laravel/5.8/handler/audit_col.go:114.31,116.4 1 0
asher/internal/impl/laravel/5.8/handler/audit_col.go:117.29,119.4 1 0
asher/internal/impl/laravel/5.8/handler/audit_col.go:126.96,128.16 2 0
asher/internal/impl/laravel/5.8/handler/audit_col.go:128.16,133.3 3 0
asher/internal/impl/laravel/5.8/handler/audit_col.go:136.71,138.66 2 0
asher/internal/impl/laravel/5.8/handler/audit_col.go:142.2,142.45 1 0
asher/internal/impl/laravel/5.8/handler/audit_col.go:138.66,141.3 1 0
asher/internal/impl/laravel/5.8/handler/audit_col.go:146.90,149.16 3 0
asher/internal/impl/laravel/5.8/handler/audit_col.go:154.2,155.16 2 0
asher/internal/impl/laravel/5.8/handler/audit_col.go:158.2,159.16 2 0
asher/internal/impl/laravel/5.8/handler/audit_col.go:162.2,162.39 1 0
asher/internal/impl/laravel/5.8/handler/audit_col.go:149.16,151.3 1 0
asher/internal/impl/laravel/5.8/handler/audit_col.go:155.16,157.3 1 0
asher/internal/impl/laravel/5.8/handler/audit_col.go:159.16,161.3 1 0
asher/internal/impl/laravel/5.8/handler/audit_col.go:165.57,167.23 1 0
asher/internal/impl/laravel/5.8/handler/audit_col.go:173.2,173.29 1 0
asher/internal/impl/laravel/5.8/handler/audit_col.go:168.28,169.30 1 0
asher/internal/impl/laravel/5.8/handler/audit_col.go:170.20,171.22 1 0
asher/internal/api/asher_object_walker.go:15.89,17.2 1 0
asher/internal/api/asher_object_walker.go:22.40,27.2 2 0
asher/internal/api/asher_object_walker.go:29.46,30.50 1 0
asher/internal/api/asher_object_walker.go:30.50,32.3 1 0
asher/internal/api/codebuilder/php/core/array_assignment.go:17.94,23.2 1 3
asher/internal/api/codebuilder/php/core/array_assignment.go:25.50,27.2 1 0
asher/internal/api/codebuilder/php/core/array_assignment.go:29.41,31.2 1 0
asher/internal/api/codebuilder/php/core/array_assignment.go:33.45,38.2 3 3
asher/internal/api/codebuilder/php/builder/class.go:17.31,21.2 1 0
asher/internal/api/codebuilder/php/builder/class.go:26.56,30.2 1 0
asher/internal/api/codebuilder/php/builder/class.go:35.59,38.2 2 0
asher/internal/api/codebuilder/php/builder/class.go:43.70,45.2 1 0
asher/internal/api/codebuilder/php/builder/class.go:50.74,53.2 2 0
asher/internal/api/codebuilder/php/builder/class.go:58.70,61.2 2 0
asher/internal/api/codebuilder/php/builder/class.go:66.75,69.2 2 0
asher/internal/api/codebuilder/php/builder/class.go:74.66,77.2 2 0
asher/internal/api/codebuilder/php/builder/class.go:82.67,85.2 2 0
asher/internal/api/codebuilder/php/builder/class.go:90.66,92.2 1 0
asher/internal/api/codebuilder/php/builder/class.go:97.61,100.2 2 0
asher/internal/api/codebuilder/php/builder/class.go:102.44,104.2 1 0
asher/internal/api/tabbed_unit.go:11.40,12.17 1 3
asher/internal/api/tabbed_unit.go:15.2,15.11 1 3
asher/internal/api/tabbed_unit.go:12.17,14.3 1 0
asher/internal/api/codebuilder/php/core/function_call.go:17.48,22.2 1 0
asher/internal/api/codebuilder/php/core/function_call.go:24.45,26.2 1 0
asher/internal/api/codebuilder/php/core/function_call.go:28.36,30.2 1 0
asher/internal/api/codebuilder/php/core/function_call.go:36.67,39.2 2 0
asher/internal/api/codebuilder/php/core/function_call.go:41.69,42.33 1 0
asher/internal/api/codebuilder/php/core/function_call.go:47.2,47.83 1 0
asher/internal/api/codebuilder/php/core/function_call.go:42.33,43.29 1 0
asher/internal/api/codebuilder/php/core/function_call.go:43.29,45.4 1 0
asher/internal/api/codebuilder/php/core/function_call.go:50.40,54.32 4 0
asher/internal/api/codebuilder/php/core/function_call.go:62.2,63.25 2 0
asher/internal/api/codebuilder/php/core/function_call.go:54.32,57.22 3 0
asher/internal/api/codebuilder/php/core/function_call.go:60.3,60.30 1 0
asher/internal/api/codebuilder/php/core/function_call.go:57.22,59.4 1 0
asher/internal/api/codebuilder/php/core/parameter.go:11.42,15.2 1 0
asher/internal/api/codebuilder/php/core/parameter.go:17.42,19.2 1 0
asher/internal/api/codebuilder/php/core/parameter.go:21.33,23.2 1 0
asher/internal/api/codebuilder/php/core/parameter.go:25.37,27.2 1 0
asher/internal/api/codebuilder/php/core/return_array.go:15.48,19.2 1 0
asher/internal/api/codebuilder/php/core/return_array.go:21.44,23.2 1 0
asher/internal/api/codebuilder/php/core/return_array.go:25.35,27.2 1 0
asher/internal/api/codebuilder/php/core/return_array.go:29.39,33.2 3 0
asher/internal/api/codebuilder/php/core/return_array.go:38.53,40.2 1 0
asher/internal/api/codebuilder/php/core/simple_statement.go:15.66,19.2 1 0
asher/internal/api/codebuilder/php/core/simple_statement.go:21.51,23.2 1 0
asher/internal/api/codebuilder/php/core/simple_statement.go:25.42,27.2 1 0
asher/internal/api/codebuilder/php/core/simple_statement.go:29.46,33.2 3 0
asher/internal/api/codebuilder/php/core/function.go:20.30,29.2 1 0
asher/internal/api/codebuilder/php/core/function.go:31.40,33.2 1 0
asher/internal/api/codebuilder/php/core/function.go:35.32,36.18 1 0
asher/internal/api/codebuilder/php/core/function.go:39.2,39.15 1 0
asher/internal/api/codebuilder/php/core/function.go:36.18,38.3 1 0
asher/internal/api/codebuilder/php/core/function.go:42.36,48.38 5 0
asher/internal/api/codebuilder/php/core/function.go:52.2,53.25 2 0
asher/internal/api/codebuilder/php/core/function.go:48.38,51.3 2 0
asher/internal/api/codebuilder/php/core/function.go:59.75,60.39 1 0
asher/internal/api/codebuilder/php/core/function.go:66.2,66.48 1 0
asher/internal/api/codebuilder/php/core/function.go:60.39,62.27 2 0
asher/internal/api/codebuilder/php/core/function.go:62.27,64.4 1 0
asher/internal/api/codebuilder/php/core/function.go:72.65,73.39 1 0
asher/internal/api/codebuilder/php/core/function.go:78.2,78.83 1 0
asher/internal/api/codebuilder/php/core/function.go:73.39,74.29 1 0
asher/internal/api/codebuilder/php/core/function.go:74.29,76.4 1 0
asher/internal/api/codebuilder/php/core/function.go:84.58,86.2 1 0
asher/internal/api/codebuilder/php/core/php_emitter_file.go:17.105,24.2 1 0
asher/internal/api/codebuilder/php/core/php_emitter_file.go:26.44,28.2 1 0
asher/internal/api/codebuilder/php/core/php_emitter_file.go:30.40,32.2 1 0
asher/internal/api/codebuilder/php/core/php_emitter_file.go:34.54,36.2 1 0
asher/internal/api/codebuilder/php/core/php_emitter_file.go:38.41,40.2 1 0
asher/internal/api/codebuilder/php/core/php_emitter_file.go:42.42,45.35 3 0
asher/internal/api/codebuilder/php/core/php_emitter_file.go:48.2,48.25 1 0
asher/internal/api/codebuilder/php/core/php_emitter_file.go:45.35,47.3 1 0
asher/internal/api/codebuilder/php/core/var_declaration.go:16.70,22.2 1 0
asher/internal/api/codebuilder/php/core/var_declaration.go:24.47,26.2 1 0
asher/internal/api/codebuilder/php/core/var_declaration.go:28.38,30.2 1 0
asher/internal/api/codebuilder/php/core/var_declaration.go:32.42,37.2 3 0
asher/internal/impl/laravel/5.8/handler/context/migration.go:17.51,19.2 1 0
asher/internal/impl/laravel/5.8/handler/context/migration.go:21.39,23.2 1 1
asher/internal/impl/laravel/5.8/handler/context/migration.go:28.69,30.2 1 0
asher/internal/impl/laravel/5.8/handler/context/migration.go:36.60,38.2 1 0
asher/internal/impl/laravel/5.8/handler/helper/audit_col_input.go:18.95,22.2 1 0
asher/internal/impl/laravel/5.8/handler/helper/audit_col_input.go:24.50,26.2 1 0
asher/internal/impl/laravel/5.8/handler/helper/audit_col_input.go:28.53,30.2 1 0
asher/internal/impl/laravel/5.8/handler/helper/audit_col_input.go:32.51,34.2 1 0
asher/internal/impl/laravel/5.8/handler/helper/audit_col_input.go:39.57,41.28 2 0
asher/internal/impl/laravel/5.8/handler/helper/audit_col_input.go:44.2,44.30 1 0
asher/internal/impl/laravel/5.8/handler/helper/audit_col_input.go:47.2,47.12 1 0
asher/internal/impl/laravel/5.8/handler/helper/audit_col_input.go:41.28,43.3 1 0
asher/internal/impl/laravel/5.8/handler/helper/audit_col_input.go:44.30,46.3 1 0
asher/internal/impl/laravel/5.8/handler/helper/audit_col_input.go:50.64,52.26 2 0
asher/internal/impl/laravel/5.8/handler/helper/audit_col_input.go:55.2,55.12 1 0
asher/internal/impl/laravel/5.8/handler/helper/audit_col_input.go:52.26,54.3 1 0
asher/internal/impl/laravel/5.8/handler/helper/audit_col_input.go:58.65,60.26 2 0
asher/internal/impl/laravel/5.8/handler/helper/audit_col_input.go:63.2,63.30 1 0
asher/internal/impl/laravel/5.8/handler/helper/audit_col_input.go:67.2,67.12 1 0
asher/internal/impl/laravel/5.8/handler/helper/audit_col_input.go:60.26,62.3 1 0
asher/internal/impl/laravel/5.8/handler/helper/audit_col_input.go:63.30,66.3 1 0
asher/internal/impl/laravel/5.8/handler/helper/audit_col_input.go:77.76,79.14 2 0
asher/internal/impl/laravel/5.8/handler/helper/audit_col_input.go:82.2,82.17 1 0
asher/internal/impl/laravel/5.8/handler/helper/audit_col_input.go:85.2,85.15 1 0
asher/internal/impl/laravel/5.8/handler/helper/audit_col_input.go:88.2,88.16 1 0
asher/internal/impl/laravel/5.8/handler/helper/audit_col_input.go:79.14,81.3 1 0
asher/internal/impl/laravel/5.8/handler/helper/audit_col_input.go:82.17,84.3 1 0
asher/internal/impl/laravel/5.8/handler/helper/audit_col_input.go:85.15,87.3 1 0
asher/internal/api/codebuilder/php/core/function_call.go:17.48,22.2 1 0
asher/internal/api/codebuilder/php/core/function_call.go:24.45,26.2 1 0
asher/internal/api/codebuilder/php/core/function_call.go:28.36,30.2 1 0
asher/internal/api/codebuilder/php/core/function_call.go:36.67,39.2 2 0
asher/internal/api/codebuilder/php/core/function_call.go:41.69,42.33 1 0
asher/internal/api/codebuilder/php/core/function_call.go:47.2,47.83 1 0
asher/internal/api/codebuilder/php/core/function_call.go:42.33,43.29 1 0
asher/internal/api/codebuilder/php/core/function_call.go:43.29,45.4 1 0
asher/internal/api/codebuilder/php/core/function_call.go:50.40,54.32 4 0
asher/internal/api/codebuilder/php/core/function_call.go:62.2,63.25 2 0
asher/internal/api/codebuilder/php/core/function_call.go:54.32,57.22 3 0
asher/internal/api/codebuilder/php/core/function_call.go:60.3,60.30 1 0
asher/internal/api/codebuilder/php/core/function_call.go:57.22,59.4 1 0
asher/internal/api/codebuilder/php/builder/class.go:17.31,21.2 1 0
asher/internal/api/codebuilder/php/builder/class.go:26.56,30.2 1 0
asher/internal/api/codebuilder/php/builder/class.go:35.59,38.2 2 0
asher/internal/api/codebuilder/php/builder/class.go:43.70,45.2 1 0
asher/internal/api/codebuilder/php/builder/class.go:50.74,53.2 2 0
asher/internal/api/codebuilder/php/builder/class.go:58.70,61.2 2 0
asher/internal/api/codebuilder/php/builder/class.go:66.75,69.2 2 0
asher/internal/api/codebuilder/php/builder/class.go:74.66,77.2 2 0
asher/internal/api/codebuilder/php/builder/class.go:82.67,85.2 2 0
asher/internal/api/codebuilder/php/builder/class.go:90.66,92.2 1 0
asher/internal/api/codebuilder/php/builder/class.go:97.61,100.2 2 0
asher/internal/api/codebuilder/php/builder/class.go:102.44,104.2 1 0
asher/internal/api/codebuilder/php/builder/function.go:17.37,21.2 1 0
asher/internal/api/codebuilder/php/builder/function.go:23.72,27.2 1 0
asher/internal/api/codebuilder/php/builder/function.go:29.61,32.2 2 0
asher/internal/api/codebuilder/php/builder/function.go:34.65,36.2 1 0
asher/internal/api/codebuilder/php/builder/function.go:38.68,41.2 2 0
asher/internal/api/codebuilder/php/builder/function.go:43.80,45.2 1 0
asher/internal/api/codebuilder/php/builder/function.go:47.84,50.2 2 0
asher/internal/api/codebuilder/php/builder/function.go:52.66,55.2 2 0
asher/internal/api/codebuilder/php/builder/function.go:57.49,59.2 1 0
asher/internal/impl/laravel/5.8/handler/helper/audit_col_input.go:18.95,22.2 1 0
asher/internal/impl/laravel/5.8/handler/helper/audit_col_input.go:24.50,26.2 1 0
asher/internal/impl/laravel/5.8/handler/helper/audit_col_input.go:28.53,30.2 1 0
asher/internal/impl/laravel/5.8/handler/helper/audit_col_input.go:32.51,34.2 1 0
asher/internal/impl/laravel/5.8/handler/helper/audit_col_input.go:39.57,41.28 2 0
asher/internal/impl/laravel/5.8/handler/helper/audit_col_input.go:44.2,44.30 1 0
asher/internal/impl/laravel/5.8/handler/helper/audit_col_input.go:47.2,47.12 1 0
asher/internal/impl/laravel/5.8/handler/helper/audit_col_input.go:41.28,43.3 1 0
asher/internal/impl/laravel/5.8/handler/helper/audit_col_input.go:44.30,46.3 1 0
asher/internal/impl/laravel/5.8/handler/helper/audit_col_input.go:50.64,52.26 2 0
asher/internal/impl/laravel/5.8/handler/helper/audit_col_input.go:55.2,55.12 1 0
asher/internal/impl/laravel/5.8/handler/helper/audit_col_input.go:52.26,54.3 1 0
asher/internal/impl/laravel/5.8/handler/helper/audit_col_input.go:58.65,60.26 2 0
asher/internal/impl/laravel/5.8/handler/helper/audit_col_input.go:63.2,63.30 1 0
asher/internal/impl/laravel/5.8/handler/helper/audit_col_input.go:67.2,67.12 1 0
asher/internal/impl/laravel/5.8/handler/helper/audit_col_input.go:60.26,62.3 1 0
asher/internal/impl/laravel/5.8/handler/helper/audit_col_input.go:63.30,66.3 1 0
asher/internal/impl/laravel/5.8/handler/helper/audit_col_input.go:77.76,79.14 2 0
asher/internal/impl/laravel/5.8/handler/helper/audit_col_input.go:82.2,82.17 1 0
asher/internal/impl/laravel/5.8/handler/helper/audit_col_input.go:85.2,85.15 1 0
asher/internal/impl/laravel/5.8/handler/helper/audit_col_input.go:88.2,88.16 1 0
asher/internal/impl/laravel/5.8/handler/helper/audit_col_input.go:79.14,81.3 1 0
asher/internal/impl/laravel/5.8/handler/helper/audit_col_input.go:82.17,84.3 1 0
asher/internal/impl/laravel/5.8/handler/helper/audit_col_input.go:85.15,87.3 1 0
asher/internal/api/codebuilder/php/core/parameter.go:11.42,15.2 1 0
asher/internal/api/codebuilder/php/core/parameter.go:17.42,19.2 1 0
asher/internal/api/codebuilder/php/core/parameter.go:21.33,23.2 1 0
asher/internal/api/codebuilder/php/core/parameter.go:25.37,27.2 1 0
asher/internal/api/codebuilder/php/core/simple_statement.go:15.66,19.2 1 0
asher/internal/api/codebuilder/php/core/simple_statement.go:21.51,23.2 1 0
asher/internal/api/codebuilder/php/core/simple_statement.go:25.42,27.2 1 0
asher/internal/api/codebuilder/php/core/simple_statement.go:29.46,33.2 3 0
asher/internal/api/codebuilder/php/core/var_declaration.go:16.70,22.2 1 0
asher/internal/api/codebuilder/php/core/var_declaration.go:24.47,26.2 1 0
asher/internal/api/codebuilder/php/core/var_declaration.go:28.38,30.2 1 0
asher/internal/api/codebuilder/php/core/var_declaration.go:32.42,37.2 3 0
asher/internal/api/asher_object_walker.go:15.89,17.2 1 0
asher/internal/api/asher_object_walker.go:22.40,27.2 2 0
asher/internal/api/asher_object_walker.go:29.46,30.50 1 0
asher/internal/api/asher_object_walker.go:30.50,32.3 1 0
asher/internal/api/tabbed_unit.go:11.40,12.17 1 0
asher/internal/api/tabbed_unit.go:15.2,15.11 1 0
asher/internal/api/tabbed_unit.go:12.17,14.3 1 0
asher/internal/api/codebuilder/php/core/return_array.go:15.48,19.2 1 0
asher/internal/api/codebuilder/php/core/return_array.go:21.44,23.2 1 0
asher/internal/api/codebuilder/php/core/return_array.go:25.35,27.2 1 0
asher/internal/api/codebuilder/php/core/return_array.go:29.39,33.2 3 0
asher/internal/api/codebuilder/php/core/return_array.go:38.53,40.2 1 0
asher/internal/api/codebuilder/php/core/var_assignment.go:17.80,24.2 1 0
asher/internal/api/codebuilder/php/core/var_assignment.go:26.46,28.2 1 0
asher/internal/api/codebuilder/php/core/var_assignment.go:30.37,32.2 1 0
asher/internal/api/codebuilder/php/core/var_assignment.go:34.41,39.2 3 0
asher/internal/impl/laravel/5.8/handler/context/migration.go:17.51,19.2 1 0
asher/internal/impl/laravel/5.8/handler/context/migration.go:21.39,23.2 1 1
asher/internal/impl/laravel/5.8/handler/context/migration.go:28.69,30.2 1 0
asher/internal/impl/laravel/5.8/handler/context/migration.go:36.60,38.2 1 0
asher/internal/api/codebuilder/php/core/class.go:22.24,33.2 1 0
asher/internal/api/codebuilder/php/core/class.go:35.33,37.2 1 0
asher/internal/api/codebuilder/php/core/class.go:39.42,41.2 1 0
asher/internal/api/codebuilder/php/core/class.go:43.36,57.2 12 0
asher/internal/api/codebuilder/php/core/class.go:62.76,63.40 1 0
asher/internal/api/codebuilder/php/core/class.go:68.2,68.91 1 0
asher/internal/api/codebuilder/php/core/class.go:63.40,64.36 1 0
asher/internal/api/codebuilder/php/core/class.go:64.36,66.4 1 0
asher/internal/api/codebuilder/php/core/class.go:74.72,75.42 1 0
asher/internal/api/codebuilder/php/core/class.go:80.2,80.93 1 0
asher/internal/api/codebuilder/php/core/class.go:75.42,76.33 1 0
asher/internal/api/codebuilder/php/core/class.go:76.33,78.4 1 0
asher/internal/api/codebuilder/php/core/class.go:86.55,88.2 1 0
asher/internal/api/codebuilder/php/core/class.go:90.61,91.25 1 0
asher/internal/api/codebuilder/php/core/class.go:91.25,93.3 1 0
asher/internal/api/codebuilder/php/core/class.go:96.61,97.28 1 0
asher/internal/api/codebuilder/php/core/class.go:97.28,98.41 1 0
asher/internal/api/codebuilder/php/core/class.go:101.3,101.28 1 0
asher/internal/api/codebuilder/php/core/class.go:98.41,100.4 1 0
asher/internal/api/codebuilder/php/core/class.go:105.61,106.25 1 0
asher/internal/api/codebuilder/php/core/class.go:106.25,108.3 1 0
asher/internal/api/codebuilder/php/core/class.go:111.61,112.28 1 0
asher/internal/api/codebuilder/php/core/class.go:112.28,113.41 1 0
asher/internal/api/codebuilder/php/core/class.go:113.41,116.18 3 0
asher/internal/api/codebuilder/php/core/class.go:116.18,118.5 1 0
asher/internal/api/codebuilder/php/core/class.go:123.68,124.35 1 0
asher/internal/api/codebuilder/php/core/class.go:124.35,126.17 2 0
asher/internal/api/codebuilder/php/core/class.go:126.17,128.4 1 0
asher/internal/api/codebuilder/php/core/class.go:132.63,133.30 1 0
asher/internal/api/codebuilder/php/core/class.go:133.30,134.43 1 0
asher/internal/api/codebuilder/php/core/class.go:134.43,137.4 2 0
asher/internal/api/codebuilder/php/core/array_assignment.go:17.94,23.2 1 0
asher/internal/api/codebuilder/php/core/array_assignment.go:25.50,27.2 1 0
asher/internal/api/codebuilder/php/core/array_assignment.go:29.41,31.2 1 0
asher/internal/api/codebuilder/php/core/array_assignment.go:33.45,38.2 3 0
asher/internal/api/codebuilder/php/core/php_emitter_file.go:17.105,24.2 1 0
asher/internal/api/codebuilder/php/core/php_emitter_file.go:26.44,28.2 1 0
asher/internal/api/codebuilder/php/core/php_emitter_file.go:30.40,32.2 1 0
asher/internal/api/codebuilder/php/core/php_emitter_file.go:34.54,36.2 1 0
asher/internal/api/codebuilder/php/core/php_emitter_file.go:38.41,40.2 1 0
asher/internal/api/codebuilder/php/core/php_emitter_file.go:42.42,45.35 3 0
asher/internal/api/codebuilder/php/core/php_emitter_file.go:48.2,48.25 1 0
asher/internal/api/codebuilder/php/core/php_emitter_file.go:45.35,47.3 1 0
asher/internal/impl/laravel/5.8/handler/context/model.go:10.31,12.2 1 1
asher/internal/impl/laravel/5.8/handler/context/model.go:14.57,16.2 1 0
asher/internal/impl/laravel/5.8/handler/context/model.go:18.48,20.2 1 0
asher/internal/api/codebuilder/php/core/function.go:20.30,29.2 1 0
asher/internal/api/codebuilder/php/core/function.go:31.40,33.2 1 0
asher/internal/api/codebuilder/php/core/function.go:35.32,36.18 1 0
asher/internal/api/codebuilder/php/core/function.go:39.2,39.15 1 0
asher/internal/api/codebuilder/php/core/function.go:36.18,38.3 1 0
asher/internal/api/codebuilder/php/core/function.go:42.36,48.38 5 0
asher/internal/api/codebuilder/php/core/function.go:52.2,53.25 2 0
asher/internal/api/codebuilder/php/core/function.go:48.38,51.3 2 0
asher/internal/api/codebuilder/php/core/function.go:59.75,60.39 1 0
asher/internal/api/codebuilder/php/core/function.go:66.2,66.48 1 0
asher/internal/api/codebuilder/php/core/function.go:60.39,62.27 2 0
asher/internal/api/codebuilder/php/core/function.go:62.27,64.4 1 0
asher/internal/api/codebuilder/php/core/function.go:72.65,73.39 1 0
asher/internal/api/codebuilder/php/core/function.go:78.2,78.83 1 0
asher/internal/api/codebuilder/php/core/function.go:73.39,74.29 1 0
asher/internal/api/codebuilder/php/core/function.go:74.29,76.4 1 0
asher/internal/api/codebuilder/php/core/function.go:84.58,86.2 1 0
asher/internal/api/codebuilder/php/core/return_statement.go:15.55,19.2 1 0
asher/internal/api/codebuilder/php/core/return_statement.go:21.48,23.2 1 0
asher/internal/api/codebuilder/php/core/return_statement.go:25.39,27.2 1 0
asher/internal/api/codebuilder/php/core/return_statement.go:29.43,33.2 3 0
asher/internal/impl/laravel/5.8/handler/context/registry.go:12.46,14.2 1 0
asher/internal/impl/laravel/5.8/handler/audit_col.go:26.37,28.2 1 0
asher/internal/impl/laravel/5.8/handler/audit_col.go:30.107,36.2 4 0
asher/internal/impl/laravel/5.8/handler/audit_col.go:41.100,43.23 2 0
asher/internal/impl/laravel/5.8/handler/audit_col.go:51.2,51.72 1 0
asher/internal/impl/laravel/5.8/handler/audit_col.go:43.23,50.3 6 0
asher/internal/impl/laravel/5.8/handler/audit_col.go:54.95,56.20 1 0
asher/internal/impl/laravel/5.8/handler/audit_col.go:56.20,59.3 2 0
asher/internal/impl/laravel/5.8/handler/audit_col.go:62.98,64.21 1 0
asher/internal/impl/laravel/5.8/handler/audit_col.go:64.21,67.3 2 0
asher/internal/impl/laravel/5.8/handler/audit_col.go:70.103,72.16 2 0
asher/internal/impl/laravel/5.8/handler/audit_col.go:75.2,77.12 3 0
asher/internal/impl/laravel/5.8/handler/audit_col.go:72.16,74.3 1 0
asher/internal/impl/laravel/5.8/handler/audit_col.go:80.131,84.16 2 0
asher/internal/impl/laravel/5.8/handler/audit_col.go:89.2,90.16 2 0
asher/internal/impl/laravel/5.8/handler/audit_col.go:94.2,96.12 3 0
asher/internal/impl/laravel/5.8/handler/audit_col.go:84.16,86.3 1 0
asher/internal/impl/laravel/5.8/handler/audit_col.go:90.16,92.3 1 0
asher/internal/impl/laravel/5.8/handler/audit_col.go:99.104,102.26 3 0
asher/internal/impl/laravel/5.8/handler/audit_col.go:122.2,122.72 1 0
asher/internal/impl/laravel/5.8/handler/audit_col.go:102.26,107.17 3 0
asher/internal/impl/laravel/5.8/handler/audit_col.go:110.3,110.28 1 0
asher/internal/impl/laravel/5.8/handler/audit_col.go:114.3,114.31 1 0
asher/internal/impl/laravel/5.8/handler/audit_col.go:117.3,117.29 1 0
asher/internal/impl/laravel/5.8/handler/audit_col.go:107.17,109.4 1 0
asher/internal/impl/laravel/5.8/handler/audit_col.go:110.28,113.4 2 0
asher/internal/impl/laravel/5.8/handler/audit_col.go:114.31,116.4 1 0
asher/internal/impl/laravel/5.8/handler/audit_col.go:117.29,119.4 1 0
asher/internal/impl/laravel/5.8/handler/audit_col.go:126.96,128.16 2 0
asher/internal/impl/laravel/5.8/handler/audit_col.go:128.16,133.3 3 0
asher/internal/impl/laravel/5.8/handler/audit_col.go:136.71,138.66 2 0
asher/internal/impl/laravel/5.8/handler/audit_col.go:142.2,142.45 1 0
asher/internal/impl/laravel/5.8/handler/audit_col.go:138.66,141.3 1 0
asher/internal/impl/laravel/5.8/handler/audit_col.go:146.90,149.16 3 0
asher/internal/impl/laravel/5.8/handler/audit_col.go:154.2,155.16 2 0
asher/internal/impl/laravel/5.8/handler/audit_col.go:158.2,159.16 2 0
asher/internal/impl/laravel/5.8/handler/audit_col.go:162.2,162.39 1 0
asher/internal/impl/laravel/5.8/handler/audit_col.go:149.16,151.3 1 0
asher/internal/impl/laravel/5.8/handler/audit_col.go:155.16,157.3 1 0
asher/internal/impl/laravel/5.8/handler/audit_col.go:159.16,161.3 1 0
asher/internal/impl/laravel/5.8/handler/audit_col.go:165.57,167.23 1 0
asher/internal/impl/laravel/5.8/handler/audit_col.go:173.2,173.29 1 0
asher/internal/impl/laravel/5.8/handler/audit_col.go:168.28,169.30 1 0
asher/internal/impl/laravel/5.8/handler/audit_col.go:170.20,171.22 1 0
asher/internal/impl/laravel/5.8/handler/helper/audit_col_input.go:18.95,22.2 1 0
asher/internal/impl/laravel/5.8/handler/helper/audit_col_input.go:24.50,26.2 1 0
asher/internal/impl/laravel/5.8/handler/helper/audit_col_input.go:28.53,30.2 1 0
asher/internal/impl/laravel/5.8/handler/helper/audit_col_input.go:32.51,34.2 1 0
asher/internal/impl/laravel/5.8/handler/helper/audit_col_input.go:39.57,41.28 2 0
asher/internal/impl/laravel/5.8/handler/helper/audit_col_input.go:44.2,44.30 1 0
asher/internal/impl/laravel/5.8/handler/helper/audit_col_input.go:47.2,47.12 1 0
asher/internal/impl/laravel/5.8/handler/helper/audit_col_input.go:41.28,43.3 1 0
asher/internal/impl/laravel/5.8/handler/helper/audit_col_input.go:44.30,46.3 1 0
asher/internal/impl/laravel/5.8/handler/helper/audit_col_input.go:50.64,52.26 2 0
asher/internal/impl/laravel/5.8/handler/helper/audit_col_input.go:55.2,55.12 1 0
asher/internal/impl/laravel/5.8/handler/helper/audit_col_input.go:52.26,54.3 1 0
asher/internal/impl/laravel/5.8/handler/helper/audit_col_input.go:58.65,60.26 2 0
asher/internal/impl/laravel/5.8/handler/helper/audit_col_input.go:63.2,63.30 1 0
asher/internal/impl/laravel/5.8/handler/helper/audit_col_input.go:67.2,67.12 1 0
asher/internal/impl/laravel/5.8/handler/helper/audit_col_input.go:60.26,62.3 1 0
asher/internal/impl/laravel/5.8/handler/helper/audit_col_input.go:63.30,66.3 1 0
asher/internal/impl/laravel/5.8/handler/helper/audit_col_input.go:77.76,79.14 2 0
asher/internal/impl/laravel/5.8/handler/helper/audit_col_input.go:82.2,82.17 1 0
asher/internal/impl/laravel/5.8/handler/helper/audit_col_input.go:85.2,85.15 1 0
asher/internal/impl/laravel/5.8/handler/helper/audit_col_input.go:88.2,88.16 1 0
asher/internal/impl/laravel/5.8/handler/helper/audit_col_input.go:79.14,81.3 1 0
asher/internal/impl/laravel/5.8/handler/helper/audit_col_input.go:82.17,84.3 1 0
asher/internal/impl/laravel/5.8/handler/helper/audit_col_input.go:85.15,87.3 1 0
asher/internal/api/codebuilder/php/core/return_array.go:15.48,19.2 1 0
asher/internal/api/codebuilder/php/core/return_array.go:21.44,23.2 1 0
asher/internal/api/codebuilder/php/core/return_array.go:25.35,27.2 1 0
asher/internal/api/codebuilder/php/core/return_array.go:29.39,33.2 3 0
asher/internal/api/codebuilder/php/core/return_array.go:38.53,40.2 1 0
asher/internal/impl/laravel/5.8/handler/context/migration.go:17.51,19.2 1 0
asher/internal/impl/laravel/5.8/handler/context/migration.go:21.39,23.2 1 1
asher/internal/impl/laravel/5.8/handler/context/migration.go:28.69,30.2 1 2
asher/internal/impl/laravel/5.8/handler/context/migration.go:36.60,38.2 1 2
asher/internal/impl/laravel/5.8/handler/context/registry.go:12.46,14.2 1 1
asher/internal/api/codebuilder/php/core/function_call.go:17.48,22.2 1 0
asher/internal/api/codebuilder/php/core/function_call.go:24.45,26.2 1 0
asher/internal/api/codebuilder/php/core/function_call.go:28.36,30.2 1 0
asher/internal/api/codebuilder/php/core/function_call.go:36.67,39.2 2 0
asher/internal/api/codebuilder/php/core/function_call.go:41.69,42.33 1 0
asher/internal/api/codebuilder/php/core/function_call.go:47.2,47.83 1 0
asher/internal/api/codebuilder/php/core/function_call.go:42.33,43.29 1 0
asher/internal/api/codebuilder/php/core/function_call.go:43.29,45.4 1 0
asher/internal/api/codebuilder/php/core/function_call.go:50.40,54.32 4 0
asher/internal/api/codebuilder/php/core/function_call.go:62.2,63.25 2 0
asher/internal/api/codebuilder/php/core/function_call.go:54.32,57.22 3 0
asher/internal/api/codebuilder/php/core/function_call.go:60.3,60.30 1 0
asher/internal/api/codebuilder/php/core/function_call.go:57.22,59.4 1 0
asher/internal/api/codebuilder/php/core/return_statement.go:15.55,19.2 1 0
asher/internal/api/codebuilder/php/core/return_statement.go:21.48,23.2 1 0
asher/internal/api/codebuilder/php/core/return_statement.go:25.39,27.2 1 0
asher/internal/api/codebuilder/php/core/return_statement.go:29.43,33.2 3 0
asher/internal/api/codebuilder/php/core/simple_statement.go:15.66,19.2 1 0
asher/internal/api/codebuilder/php/core/simple_statement.go:21.51,23.2 1 0
asher/internal/api/codebuilder/php/core/simple_statement.go:25.42,27.2 1 0
asher/internal/api/codebuilder/php/core/simple_statement.go:29.46,33.2 3 0
asher/internal/api/codebuilder/php/builder/function.go:17.37,21.2 1 0
asher/internal/api/codebuilder/php/builder/function.go:23.72,27.2 1 0
asher/internal/api/codebuilder/php/builder/function.go:29.61,32.2 2 0
asher/internal/api/codebuilder/php/builder/function.go:34.65,36.2 1 0
asher/internal/api/codebuilder/php/builder/function.go:38.68,41.2 2 0
asher/internal/api/codebuilder/php/builder/function.go:43.80,45.2 1 0
asher/internal/api/codebuilder/php/builder/function.go:47.84,50.2 2 0
asher/internal/api/codebuilder/php/builder/function.go:52.66,55.2 2 0
asher/internal/api/codebuilder/php/builder/function.go:57.49,59.2 1 0
asher/internal/api/codebuilder/php/core/parameter.go:11.42,15.2 1 0
asher/internal/api/codebuilder/php/core/parameter.go:17.42,19.2 1 0
asher/internal/api/codebuilder/php/core/parameter.go:21.33,23.2 1 0
asher/internal/api/codebuilder/php/core/parameter.go:25.37,27.2 1 0
asher/internal/api/codebuilder/php/core/var_declaration.go:16.70,22.2 1 0
asher/internal/api/codebuilder/php/core/var_declaration.go:24.47,26.2 1 0
asher/internal/api/codebuilder/php/core/var_declaration.go:28.38,30.2 1 0
asher/internal/api/codebuilder/php/core/var_declaration.go:32.42,37.2 3 0
asher/internal/impl/laravel/5.8/handler/context/model.go:10.31,12.2 1 1
asher/internal/impl/laravel/5.8/handler/context/model.go:14.57,16.2 1 0
asher/internal/impl/laravel/5.8/handler/context/model.go:18.48,20.2 1 0
asher/internal/api/codebuilder/php/core/array_assignment.go:17.94,23.2 1 0
asher/internal/api/codebuilder/php/core/array_assignment.go:25.50,27.2 1 0
asher/internal/api/codebuilder/php/core/array_assignment.go:29.41,31.2 1 0
asher/internal/api/codebuilder/php/core/array_assignment.go:33.45,38.2 3 0
asher/internal/api/codebuilder/php/builder/class.go:17.31,21.2 1 0
asher/internal/api/codebuilder/php/builder/class.go:26.56,30.2 1 0
asher/internal/api/codebuilder/php/builder/class.go:35.59,38.2 2 0
asher/internal/api/codebuilder/php/builder/class.go:43.70,45.2 1 0
asher/internal/api/codebuilder/php/builder/class.go:50.74,53.2 2 0
asher/internal/api/codebuilder/php/builder/class.go:58.70,61.2 2 0
asher/internal/api/codebuilder/php/builder/class.go:66.75,69.2 2 0
asher/internal/api/codebuilder/php/builder/class.go:74.66,77.2 2 0
asher/internal/api/codebuilder/php/builder/class.go:82.67,85.2 2 0
asher/internal/api/codebuilder/php/builder/class.go:90.66,92.2 1 0
asher/internal/api/codebuilder/php/builder/class.go:97.61,100.2 2 0
asher/internal/api/codebuilder/php/builder/class.go:102.44,104.2 1 0
asher/internal/api/asher_object_walker.go:15.89,17.2 1 0
asher/internal/api/asher_object_walker.go:22.40,27.2 2 0
asher/internal/api/asher_object_walker.go:29.46,30.50 1 0
asher/internal/api/asher_object_walker.go:30.50,32.3 1 0
asher/internal/api/codebuilder/php/core/class.go:22.24,33.2 1 0
asher/internal/api/codebuilder/php/core/class.go:35.33,37.2 1 0
asher/internal/api/codebuilder/php/core/class.go:39.42,41.2 1 0
asher/internal/api/codebuilder/php/core/class.go:43.36,57.2 12 0
asher/internal/api/codebuilder/php/core/class.go:62.76,63.40 1 0
asher/internal/api/codebuilder/php/core/class.go:68.2,68.91 1 0
asher/internal/api/codebuilder/php/core/class.go:63.40,64.36 1 0
asher/internal/api/codebuilder/php/core/class.go:64.36,66.4 1 0
asher/internal/api/codebuilder/php/core/class.go:74.72,75.42 1 0
asher/internal/api/codebuilder/php/core/class.go:80.2,80.93 1 0
asher/internal/api/codebuilder/php/core/class.go:75.42,76.33 1 0
asher/internal/api/codebuilder/php/core/class.go:76.33,78.4 1 0
asher/internal/api/codebuilder/php/core/class.go:86.55,88.2 1 0
asher/internal/api/codebuilder/php/core/class.go:90.61,91.25 1 0
asher/internal/api/codebuilder/php/core/class.go:91.25,93.3 1 0
asher/internal/api/codebuilder/php/core/class.go:96.61,97.28 1 0
asher/internal/api/codebuilder/php/core/class.go:97.28,98.41 1 0
asher/internal/api/codebuilder/php/core/class.go:101.3,101.28 1 0
asher/internal/api/codebuilder/php/core/class.go:98.41,100.4 1 0
asher/internal/api/codebuilder/php/core/class.go:105.61,106.25 1 0
asher/internal/api/codebuilder/php/core/class.go:106.25,108.3 1 0
asher/internal/api/codebuilder/php/core/class.go:111.61,112.28 1 0
asher/internal/api/codebuilder/php/core/class.go:112.28,113.41 1 0
asher/internal/api/codebuilder/php/core/class.go:113.41,116.18 3 0
asher/internal/api/codebuilder/php/core/class.go:116.18,118.5 1 0
asher/internal/api/codebuilder/php/core/class.go:123.68,124.35 1 0
asher/internal/api/codebuilder/php/core/class.go:124.35,126.17 2 0
asher/internal/api/codebuilder/php/core/class.go:126.17,128.4 1 0
asher/internal/api/codebuilder/php/core/class.go:132.63,133.30 1 0
asher/internal/api/codebuilder/php/core/class.go:133.30,134.43 1 0
asher/internal/api/codebuilder/php/core/class.go:134.43,137.4 2 0
asher/internal/api/codebuilder/php/core/php_emitter_file.go:17.105,24.2 1 0
asher/internal/api/codebuilder/php/core/php_emitter_file.go:26.44,28.2 1 0
asher/internal/api/codebuilder/php/core/php_emitter_file.go:30.40,32.2 1 0
asher/internal/api/codebuilder/php/core/php_emitter_file.go:34.54,36.2 1 0
asher/internal/api/codebuilder/php/core/php_emitter_file.go:38.41,40.2 1 0
asher/internal/api/codebuilder/php/core/php_emitter_file.go:42.42,45.35 3 0
asher/internal/api/codebuilder/php/core/php_emitter_file.go:48.2,48.25 1 0
asher/internal/api/codebuilder/php/core/php_emitter_file.go:45.35,47.3 1 0
asher/internal/impl/laravel/5.8/handler/audit_col.go:26.37,28.2 1 0
asher/internal/impl/laravel/5.8/handler/audit_col.go:30.107,36.2 4 0
asher/internal/impl/laravel/5.8/handler/audit_col.go:41.100,43.23 2 0
asher/internal/impl/laravel/5.8/handler/audit_col.go:51.2,51.72 1 0
asher/internal/impl/laravel/5.8/handler/audit_col.go:43.23,50.3 6 0
asher/internal/impl/laravel/5.8/handler/audit_col.go:54.95,56.20 1 0
asher/internal/impl/laravel/5.8/handler/audit_col.go:56.20,59.3 2 0
asher/internal/impl/laravel/5.8/handler/audit_col.go:62.98,64.21 1 0
asher/internal/impl/laravel/5.8/handler/audit_col.go:64.21,67.3 2 0
asher/internal/impl/laravel/5.8/handler/audit_col.go:70.103,72.16 2 0
asher/internal/impl/laravel/5.8/handler/audit_col.go:75.2,77.12 3 0
asher/internal/impl/laravel/5.8/handler/audit_col.go:72.16,74.3 1 0
asher/internal/impl/laravel/5.8/handler/audit_col.go:80.131,84.16 2 0
asher/internal/impl/laravel/5.8/handler/audit_col.go:89.2,90.16 2 0
asher/internal/impl/laravel/5.8/handler/audit_col.go:94.2,96.12 3 0
asher/internal/impl/laravel/5.8/handler/audit_col.go:84.16,86.3 1 0
asher/internal/impl/laravel/5.8/handler/audit_col.go:90.16,92.3 1 0
asher/internal/impl/laravel/5.8/handler/audit_col.go:99.104,102.26 3 0
asher/internal/impl/laravel/5.8/handler/audit_col.go:122.2,122.72 1 0
asher/internal/impl/laravel/5.8/handler/audit_col.go:102.26,107.17 3 0
asher/internal/impl/laravel/5.8/handler/audit_col.go:110.3,110.28 1 0
asher/internal/impl/laravel/5.8/handler/audit_col.go:114.3,114.31 1 0
asher/internal/impl/laravel/5.8/handler/audit_col.go:117.3,117.29 1 0
asher/internal/impl/laravel/5.8/handler/audit_col.go:107.17,109.4 1 0
asher/internal/impl/laravel/5.8/handler/audit_col.go:110.28,113.4 2 0
asher/internal/impl/laravel/5.8/handler/audit_col.go:114.31,116.4 1 0
asher/internal/impl/laravel/5.8/handler/audit_col.go:117.29,119.4 1 0
asher/internal/impl/laravel/5.8/handler/audit_col.go:126.96,128.16 2 0
asher/internal/impl/laravel/5.8/handler/audit_col.go:128.16,133.3 3 0
asher/internal/impl/laravel/5.8/handler/audit_col.go:136.71,138.66 2 0
asher/internal/impl/laravel/5.8/handler/audit_col.go:142.2,142.45 1 0
asher/internal/impl/laravel/5.8/handler/audit_col.go:138.66,141.3 1 0
asher/internal/impl/laravel/5.8/handler/audit_col.go:146.90,149.16 3 0
asher/internal/impl/laravel/5.8/handler/audit_col.go:154.2,155.16 2 0
asher/internal/impl/laravel/5.8/handler/audit_col.go:158.2,159.16 2 0
asher/internal/impl/laravel/5.8/handler/audit_col.go:162.2,162.39 1 0
asher/internal/impl/laravel/5.8/handler/audit_col.go:149.16,151.3 1 0
asher/internal/impl/laravel/5.8/handler/audit_col.go:155.16,157.3 1 0
asher/internal/impl/laravel/5.8/handler/audit_col.go:159.16,161.3 1 0
asher/internal/impl/laravel/5.8/handler/audit_col.go:165.57,167.23 1 0
asher/internal/impl/laravel/5.8/handler/audit_col.go:173.2,173.29 1 0
asher/internal/impl/laravel/5.8/handler/audit_col.go:168.28,169.30 1 0
asher/internal/impl/laravel/5.8/handler/audit_col.go:170.20,171.22 1 0
asher/internal/api/codebuilder/php/core/var_assignment.go:17.80,24.2 1 0
asher/internal/api/codebuilder/php/core/var_assignment.go:26.46,28.2 1 0
asher/internal/api/codebuilder/php/core/var_assignment.go:30.37,32.2 1 0
asher/internal/api/codebuilder/php/core/var_assignment.go:34.41,39.2 3 0
asher/internal/api/tabbed_unit.go:11.40,12.17 1 0
asher/internal/api/tabbed_unit.go:15.2,15.11 1 0
asher/internal/api/tabbed_unit.go:12.17,14.3 1 0
asher/internal/api/codebuilder/php/core/function.go:20.30,29.2 1 0
asher/internal/api/codebuilder/php/core/function.go:31.40,33.2 1 0
asher/internal/api/codebuilder/php/core/function.go:35.32,36.18 1 0
asher/internal/api/codebuilder/php/core/function.go:39.2,39.15 1 0
asher/internal/api/codebuilder/php/core/function.go:36.18,38.3 1 0
asher/internal/api/codebuilder/php/core/function.go:42.36,48.38 5 0
asher/internal/api/codebuilder/php/core/function.go:52.2,53.25 2 0
asher/internal/api/codebuilder/php/core/function.go:48.38,51.3 2 0
asher/internal/api/codebuilder/php/core/function.go:59.75,60.39 1 0
asher/internal/api/codebuilder/php/core/function.go:66.2,66.48 1 0
asher/internal/api/codebuilder/php/core/function.go:60.39,62.27 2 0
asher/internal/api/codebuilder/php/core/function.go:62.27,64.4 1 0
asher/internal/api/codebuilder/php/core/function.go:72.65,73.39 1 0
asher/internal/api/codebuilder/php/core/function.go:78.2,78.83 1 0
asher/internal/api/codebuilder/php/core/function.go:73.39,74.29 1 0
asher/internal/api/codebuilder/php/core/function.go:74.29,76.4 1 0
asher/internal/api/codebuilder/php/core/function.go:84.58,86.2 1 0
asher/internal/api/codebuilder/php/core/php_emitter_file.go:17.105,24.2 1 0
asher/internal/api/codebuilder/php/core/php_emitter_file.go:26.44,28.2 1 0
asher/internal/api/codebuilder/php/core/php_emitter_file.go:30.40,32.2 1 0
asher/internal/api/codebuilder/php/core/php_emitter_file.go:34.54,36.2 1 0
asher/internal/api/codebuilder/php/core/php_emitter_file.go:38.41,40.2 1 0
asher/internal/api/codebuilder/php/core/php_emitter_file.go:42.42,45.35 3 0
asher/internal/api/codebuilder/php/core/php_emitter_file.go:48.2,48.25 1 0
asher/internal/api/codebuilder/php/core/php_emitter_file.go:45.35,47.3 1 0
asher/internal/api/codebuilder/php/builder/class.go:17.31,21.2 1 2
asher/internal/api/codebuilder/php/builder/class.go:26.56,30.2 1 1
asher/internal/api/codebuilder/php/builder/class.go:35.59,38.2 2 2
asher/internal/api/codebuilder/php/builder/class.go:43.70,45.2 1 3
asher/internal/api/codebuilder/php/builder/class.go:50.74,53.2 2 3
asher/internal/api/codebuilder/php/builder/class.go:58.70,61.2 2 1
asher/internal/api/codebuilder/php/builder/class.go:66.75,69.2 2 3
asher/internal/api/codebuilder/php/builder/class.go:74.66,77.2 2 0
asher/internal/api/codebuilder/php/builder/class.go:82.67,85.2 2 2
asher/internal/api/codebuilder/php/builder/class.go:90.66,92.2 1 2
asher/internal/api/codebuilder/php/builder/class.go:97.61,100.2 2 3
asher/internal/api/codebuilder/php/builder/class.go:102.44,104.2 1 3
asher/internal/api/codebuilder/php/core/simple_statement.go:15.66,19.2 1 6
asher/internal/api/codebuilder/php/core/simple_statement.go:21.51,23.2 1 8
asher/internal/api/codebuilder/php/core/simple_statement.go:25.42,27.2 1 0
asher/internal/api/codebuilder/php/core/simple_statement.go:29.46,33.2 3 8
asher/internal/impl/laravel/5.8/handler/helper/audit_col_input.go:18.95,22.2 1 0
asher/internal/impl/laravel/5.8/handler/helper/audit_col_input.go:24.50,26.2 1 0
asher/internal/impl/laravel/5.8/handler/helper/audit_col_input.go:28.53,30.2 1 0
asher/internal/impl/laravel/5.8/handler/helper/audit_col_input.go:32.51,34.2 1 0
asher/internal/impl/laravel/5.8/handler/helper/audit_col_input.go:39.57,41.28 2 0
asher/internal/impl/laravel/5.8/handler/helper/audit_col_input.go:44.2,44.30 1 0
asher/internal/impl/laravel/5.8/handler/helper/audit_col_input.go:47.2,47.12 1 0
asher/internal/impl/laravel/5.8/handler/helper/audit_col_input.go:41.28,43.3 1 0
asher/internal/impl/laravel/5.8/handler/helper/audit_col_input.go:44.30,46.3 1 0
asher/internal/impl/laravel/5.8/handler/helper/audit_col_input.go:50.64,52.26 2 0
asher/internal/impl/laravel/5.8/handler/helper/audit_col_input.go:55.2,55.12 1 0
asher/internal/impl/laravel/5.8/handler/helper/audit_col_input.go:52.26,54.3 1 0
asher/internal/impl/laravel/5.8/handler/helper/audit_col_input.go:58.65,60.26 2 0
asher/internal/impl/laravel/5.8/handler/helper/audit_col_input.go:63.2,63.30 1 0
asher/internal/impl/laravel/5.8/handler/helper/audit_col_input.go:67.2,67.12 1 0
asher/internal/impl/laravel/5.8/handler/helper/audit_col_input.go:60.26,62.3 1 0
asher/internal/impl/laravel/5.8/handler/helper/audit_col_input.go:63.30,66.3 1 0
asher/internal/impl/laravel/5.8/handler/helper/audit_col_input.go:77.76,79.14 2 0
asher/internal/impl/laravel/5.8/handler/helper/audit_col_input.go:82.2,82.17 1 0
asher/internal/impl/laravel/5.8/handler/helper/audit_col_input.go:85.2,85.15 1 0
asher/internal/impl/laravel/5.8/handler/helper/audit_col_input.go:88.2,88.16 1 0
asher/internal/impl/laravel/5.8/handler/helper/audit_col_input.go:79.14,81.3 1 0
asher/internal/impl/laravel/5.8/handler/helper/audit_col_input.go:82.17,84.3 1 0
asher/internal/impl/laravel/5.8/handler/helper/audit_col_input.go:85.15,87.3 1 0
asher/internal/api/tabbed_unit.go:11.40,12.17 1 23
asher/internal/api/tabbed_unit.go:15.2,15.11 1 9
asher/internal/api/tabbed_unit.go:12.17,14.3 1 14
asher/internal/api/codebuilder/php/core/parameter.go:11.42,15.2 1 0
asher/internal/api/codebuilder/php/core/parameter.go:17.42,19.2 1 0
asher/internal/api/codebuilder/php/core/parameter.go:21.33,23.2 1 0
asher/internal/api/codebuilder/php/core/parameter.go:25.37,27.2 1 0
asher/internal/impl/laravel/5.8/handler/audit_col.go:26.37,28.2 1 0
asher/internal/impl/laravel/5.8/handler/audit_col.go:30.107,36.2 4 0
asher/internal/impl/laravel/5.8/handler/audit_col.go:41.100,43.23 2 0
asher/internal/impl/laravel/5.8/handler/audit_col.go:51.2,51.72 1 0
asher/internal/impl/laravel/5.8/handler/audit_col.go:43.23,50.3 6 0
asher/internal/impl/laravel/5.8/handler/audit_col.go:54.95,56.20 1 0
asher/internal/impl/laravel/5.8/handler/audit_col.go:56.20,59.3 2 0
asher/internal/impl/laravel/5.8/handler/audit_col.go:62.98,64.21 1 0
asher/internal/impl/laravel/5.8/handler/audit_col.go:64.21,67.3 2 0
asher/internal/impl/laravel/5.8/handler/audit_col.go:70.103,72.16 2 0
asher/internal/impl/laravel/5.8/handler/audit_col.go:75.2,77.12 3 0
asher/internal/impl/laravel/5.8/handler/audit_col.go:72.16,74.3 1 0
asher/internal/impl/laravel/5.8/handler/audit_col.go:80.131,84.16 2 0
asher/internal/impl/laravel/5.8/handler/audit_col.go:89.2,90.16 2 0
asher/internal/impl/laravel/5.8/handler/audit_col.go:94.2,96.12 3 0
asher/internal/impl/laravel/5.8/handler/audit_col.go:84.16,86.3 1 0
asher/internal/impl/laravel/5.8/handler/audit_col.go:90.16,92.3 1 0
asher/internal/impl/laravel/5.8/handler/audit_col.go:99.104,102.26 3 0
asher/internal/impl/laravel/5.8/handler/audit_col.go:122.2,122.72 1 0
asher/internal/impl/laravel/5.8/handler/audit_col.go:102.26,107.17 3 0
asher/internal/impl/laravel/5.8/handler/audit_col.go:110.3,110.28 1 0
asher/internal/impl/laravel/5.8/handler/audit_col.go:114.3,114.31 1 0
asher/internal/impl/laravel/5.8/handler/audit_col.go:117.3,117.29 1 0
asher/internal/impl/laravel/5.8/handler/audit_col.go:107.17,109.4 1 0
asher/internal/impl/laravel/5.8/handler/audit_col.go:110.28,113.4 2 0
asher/internal/impl/laravel/5.8/handler/audit_col.go:114.31,116.4 1 0
asher/internal/impl/laravel/5.8/handler/audit_col.go:117.29,119.4 1 0
asher/internal/impl/laravel/5.8/handler/audit_col.go:126.96,128.16 2 0
asher/internal/impl/laravel/5.8/handler/audit_col.go:128.16,133.3 3 0
asher/internal/impl/laravel/5.8/handler/audit_col.go:136.71,138.66 2 0
asher/internal/impl/laravel/5.8/handler/audit_col.go:142.2,142.45 1 0
asher/internal/impl/laravel/5.8/handler/audit_col.go:138.66,141.3 1 0
asher/internal/impl/laravel/5.8/handler/audit_col.go:146.90,149.16 3 0
asher/internal/impl/laravel/5.8/handler/audit_col.go:154.2,155.16 2 0
asher/internal/impl/laravel/5.8/handler/audit_col.go:158.2,159.16 2 0
asher/internal/impl/laravel/5.8/handler/audit_col.go:162.2,162.39 1 0
asher/internal/impl/laravel/5.8/handler/audit_col.go:149.16,151.3 1 0
asher/internal/impl/laravel/5.8/handler/audit_col.go:155.16,157.3 1 0
asher/internal/impl/laravel/5.8/handler/audit_col.go:159.16,161.3 1 0
asher/internal/impl/laravel/5.8/handler/audit_col.go:165.57,167.23 1 0
asher/internal/impl/laravel/5.8/handler/audit_col.go:173.2,173.29 1 0
asher/internal/impl/laravel/5.8/handler/audit_col.go:168.28,169.30 1 0
asher/internal/impl/laravel/5.8/handler/audit_col.go:170.20,171.22 1 0
asher/internal/api/codebuilder/php/core/class.go:22.24,33.2 1 3
asher/internal/api/codebuilder/php/core/class.go:35.33,37.2 1 0
asher/internal/api/codebuilder/php/core/class.go:39.42,41.2 1 0
asher/internal/api/codebuilder/php/core/class.go:43.36,57.2 12 3
asher/internal/api/codebuilder/php/core/class.go:62.76,63.40 1 0
asher/internal/api/codebuilder/php/core/class.go:68.2,68.91 1 0
asher/internal/api/codebuilder/php/core/class.go:63.40,64.36 1 0
asher/internal/api/codebuilder/php/core/class.go:64.36,66.4 1 0
asher/internal/api/codebuilder/php/core/class.go:74.72,75.42 1 0
asher/internal/api/codebuilder/php/core/class.go:80.2,80.93 1 0
asher/internal/api/codebuilder/php/core/class.go:75.42,76.33 1 0
asher/internal/api/codebuilder/php/core/class.go:76.33,78.4 1 0
asher/internal/api/codebuilder/php/core/class.go:86.55,88.2 1 0
asher/internal/api/codebuilder/php/core/class.go:90.61,91.25 1 3
asher/internal/api/codebuilder/php/core/class.go:91.25,93.3 1 3
asher/internal/api/codebuilder/php/core/class.go:96.61,97.28 1 3
asher/internal/api/codebuilder/php/core/class.go:97.28,98.41 1 2
asher/internal/api/codebuilder/php/core/class.go:101.3,101.28 1 2
asher/internal/api/codebuilder/php/core/class.go:98.41,100.4 1 2
asher/internal/api/codebuilder/php/core/class.go:105.61,106.25 1 3
asher/internal/api/codebuilder/php/core/class.go:106.25,108.3 1 1
asher/internal/api/codebuilder/php/core/class.go:111.61,112.28 1 3
asher/internal/api/codebuilder/php/core/class.go:112.28,113.41 1 3
asher/internal/api/codebuilder/php/core/class.go:113.41,116.18 3 3
asher/internal/api/codebuilder/php/core/class.go:116.18,118.5 1 0
asher/internal/api/codebuilder/php/core/class.go:123.68,124.35 1 3
asher/internal/api/codebuilder/php/core/class.go:124.35,126.17 2 0
asher/internal/api/codebuilder/php/core/class.go:126.17,128.4 1 0
asher/internal/api/codebuilder/php/core/class.go:132.63,133.30 1 3
asher/internal/api/codebuilder/php/core/class.go:133.30,134.43 1 3
asher/internal/api/codebuilder/php/core/class.go:134.43,137.4 2 3
asher/internal/api/codebuilder/php/core/return_array.go:15.48,19.2 1 0
asher/internal/api/codebuilder/php/core/return_array.go:21.44,23.2 1 0
asher/internal/api/codebuilder/php/core/return_array.go:25.35,27.2 1 0
asher/internal/api/codebuilder/php/core/return_array.go:29.39,33.2 3 0
asher/internal/api/codebuilder/php/core/return_array.go:38.53,40.2 1 0
asher/internal/api/codebuilder/php/core/return_statement.go:15.55,19.2 1 0
asher/internal/api/codebuilder/php/core/return_statement.go:21.48,23.2 1 0
asher/internal/api/codebuilder/php/core/return_statement.go:25.39,27.2 1 0
asher/internal/api/codebuilder/php/core/return_statement.go:29.43,33.2 3 0
asher/internal/api/codebuilder/php/builder/function.go:17.37,21.2 1 4
asher/internal/api/codebuilder/php/builder/function.go:23.72,27.2 1 1
asher/internal/api/codebuilder/php/builder/function.go:29.61,32.2 2 4
asher/internal/api/codebuilder/php/builder/function.go:34.65,36.2 1 6
asher/internal/api/codebuilder/php/builder/function.go:38.68,41.2 2 6
asher/internal/api/codebuilder/php/builder/function.go:43.80,45.2 1 6
asher/internal/api/codebuilder/php/builder/function.go:47.84,50.2 2 6
asher/internal/api/codebuilder/php/builder/function.go:52.66,55.2 2 4
asher/internal/api/codebuilder/php/builder/function.go:57.49,59.2 1 6
asher/internal/api/asher_object_walker.go:15.89,17.2 1 0
asher/internal/api/asher_object_walker.go:22.40,27.2 2 0
asher/internal/api/asher_object_walker.go:29.46,30.50 1 0
asher/internal/api/asher_object_walker.go:30.50,32.3 1 0
asher/internal/impl/laravel/5.8/handler/context/migration.go:17.51,19.2 1 0
asher/internal/impl/laravel/5.8/handler/context/migration.go:21.39,23.2 1 1
asher/internal/impl/laravel/5.8/handler/context/migration.go:28.69,30.2 1 0
asher/internal/impl/laravel/5.8/handler/context/migration.go:36.60,38.2 1 0
asher/internal/api/codebuilder/php/core/function.go:20.30,29.2 1 5
asher/internal/api/codebuilder/php/core/function.go:31.40,33.2 1 3
asher/internal/api/codebuilder/php/core/function.go:35.32,36.18 1 0
asher/internal/api/codebuilder/php/core/function.go:39.2,39.15 1 0
asher/internal/api/codebuilder/php/core/function.go:36.18,38.3 1 0
asher/internal/api/codebuilder/php/core/function.go:42.36,48.38 5 6
asher/internal/api/codebuilder/php/core/function.go:52.2,53.25 2 6
asher/internal/api/codebuilder/php/core/function.go:48.38,51.3 2 8
asher/internal/api/codebuilder/php/core/function.go:59.75,60.39 1 0
asher/internal/api/codebuilder/php/core/function.go:66.2,66.48 1 0
asher/internal/api/codebuilder/php/core/function.go:60.39,62.27 2 0
asher/internal/api/codebuilder/php/core/function.go:62.27,64.4 1 0
asher/internal/api/codebuilder/php/core/function.go:72.65,73.39 1 0
asher/internal/api/codebuilder/php/core/function.go:78.2,78.83 1 0
asher/internal/api/codebuilder/php/core/function.go:73.39,74.29 1 0
asher/internal/api/codebuilder/php/core/function.go:74.29,76.4 1 0
asher/internal/api/codebuilder/php/core/function.go:84.58,86.2 1 0
asher/internal/impl/laravel/5.8/handler/context/registry.go:12.46,14.2 1 0
asher/internal/api/codebuilder/php/core/var_assignment.go:17.80,24.2 1 0
asher/internal/api/codebuilder/php/core/var_assignment.go:26.46,28.2 1 0
asher/internal/api/codebuilder/php/core/var_assignment.go:30.37,32.2 1 0
asher/internal/api/codebuilder/php/core/var_assignment.go:34.41,39.2 3 0
asher/internal/api/codebuilder/php/core/var_declaration.go:16.70,22.2 1 3
asher/internal/api/codebuilder/php/core/var_declaration.go:24.47,26.2 1 3
asher/internal/api/codebuilder/php/core/var_declaration.go:28.38,30.2 1 0
asher/internal/api/codebuilder/php/core/var_declaration.go:32.42,37.2 3 3
asher/internal/impl/laravel/5.8/handler/context/model.go:10.31,12.2 1 1
asher/internal/impl/laravel/5.8/handler/context/model.go:14.57,16.2 1 0
asher/internal/impl/laravel/5.8/handler/context/model.go:18.48,20.2 1 0
asher/internal/api/codebuilder/php/core/array_assignment.go:17.94,23.2 1 0
asher/internal/api/codebuilder/php/core/array_assignment.go:25.50,27.2 1 0
asher/internal/api/codebuilder/php/core/array_assignment.go:29.41,31.2 1 0
asher/internal/api/codebuilder/php/core/array_assignment.go:33.45,38.2 3 0
asher/internal/api/codebuilder/php/core/function_call.go:17.48,22.2 1 0
asher/internal/api/codebuilder/php/core/function_call.go:24.45,26.2 1 0
asher/internal/api/codebuilder/php/core/function_call.go:28.36,30.2 1 0
asher/internal/api/codebuilder/php/core/function_call.go:36.67,39.2 2 0
asher/internal/api/codebuilder/php/core/function_call.go:41.69,42.33 1 0
asher/internal/api/codebuilder/php/core/function_call.go:47.2,47.83 1 0
asher/internal/api/codebuilder/php/core/function_call.go:42.33,43.29 1 0
asher/internal/api/codebuilder/php/core/function_call.go:43.29,45.4 1 0
asher/internal/api/codebuilder/php/core/function_call.go:50.40,54.32 4 0
asher/internal/api/codebuilder/php/core/function_call.go:62.2,63.25 2 0
asher/internal/api/codebuilder/php/core/function_call.go:54.32,57.22 3 0
asher/internal/api/codebuilder/php/core/function_call.go:60.3,60.30 1 0
asher/internal/api/codebuilder/php/core/function_call.go:57.22,59.4 1 0
asher/internal/impl/laravel/5.8/handler/helper/audit_col_input.go:18.95,22.2 1 9
asher/internal/impl/laravel/5.8/handler/helper/audit_col_input.go:24.50,26.2 1 19
asher/internal/impl/laravel/5.8/handler/helper/audit_col_input.go:28.53,30.2 1 19
asher/internal/impl/laravel/5.8/handler/helper/audit_col_input.go:32.51,34.2 1 9
asher/internal/impl/laravel/5.8/handler/helper/audit_col_input.go:39.57,41.28 2 5
asher/internal/impl/laravel/5.8/handler/helper/audit_col_input.go:44.2,44.30 1 5
asher/internal/impl/laravel/5.8/handler/helper/audit_col_input.go:47.2,47.12 1 5
asher/internal/impl/laravel/5.8/handler/helper/audit_col_input.go:41.28,43.3 1 3
asher/internal/impl/laravel/5.8/handler/helper/audit_col_input.go:44.30,46.3 1 3
asher/internal/impl/laravel/5.8/handler/helper/audit_col_input.go:50.64,52.26 2 5
asher/internal/impl/laravel/5.8/handler/helper/audit_col_input.go:55.2,55.12 1 5
asher/internal/impl/laravel/5.8/handler/helper/audit_col_input.go:52.26,54.3 1 3
asher/internal/impl/laravel/5.8/handler/helper/audit_col_input.go:58.65,60.26 2 5
asher/internal/impl/laravel/5.8/handler/helper/audit_col_input.go:63.2,63.30 1 5
asher/internal/impl/laravel/5.8/handler/helper/audit_col_input.go:67.2,67.12 1 5
asher/internal/impl/laravel/5.8/handler/helper/audit_col_input.go:60.26,62.3 1 3
asher/internal/impl/laravel/5.8/handler/helper/audit_col_input.go:63.30,66.3 1 3
asher/internal/impl/laravel/5.8/handler/helper/audit_col_input.go:77.76,79.14 2 9
asher/internal/impl/laravel/5.8/handler/helper/audit_col_input.go:82.2,82.17 1 9
asher/internal/impl/laravel/5.8/handler/helper/audit_col_input.go:85.2,85.15 1 9
asher/internal/impl/laravel/5.8/handler/helper/audit_col_input.go:88.2,88.16 1 9
asher/internal/impl/laravel/5.8/handler/helper/audit_col_input.go:79.14,81.3 1 6
asher/internal/impl/laravel/5.8/handler/helper/audit_col_input.go:82.17,84.3 1 6
asher/internal/impl/laravel/5.8/handler/helper/audit_col_input.go:85.15,87.3 1 5
asher/internal/api/codebuilder/php/core/function_call.go:17.48,22.2 1 4
asher/internal/api/codebuilder/php/core/function_call.go:24.45,26.2 1 0
asher/internal/api/codebuilder/php/core/function_call.go:28.36,30.2 1 8
asher/internal/api/codebuilder/php/core/function_call.go:36.67,39.2 2 4
asher/internal/api/codebuilder/php/core/function_call.go:41.69,42.33 1 8
asher/internal/api/codebuilder/php/core/function_call.go:47.2,47.83 1 0
asher/internal/api/codebuilder/php/core/function_call.go:42.33,43.29 1 8
asher/internal/api/codebuilder/php/core/function_call.go:43.29,45.4 1 8
asher/internal/api/codebuilder/php/core/function_call.go:50.40,54.32 4 0
asher/internal/api/codebuilder/php/core/function_call.go:62.2,63.25 2 0
asher/internal/api/codebuilder/php/core/function_call.go:54.32,57.22 3 0
asher/internal/api/codebuilder/php/core/function_call.go:60.3,60.30 1 0
asher/internal/api/codebuilder/php/core/function_call.go:57.22,59.4 1 0
asher/internal/api/codebuilder/php/core/class.go:22.24,33.2 1 9
asher/internal/api/codebuilder/php/core/class.go:35.33,37.2 1 0
asher/internal/api/codebuilder/php/core/class.go:39.42,41.2 1 0
asher/internal/api/codebuilder/php/core/class.go:43.36,57.2 12 0
asher/internal/api/codebuilder/php/core/class.go:62.76,63.40 1 15
asher/internal/api/codebuilder/php/core/class.go:68.2,68.91 1 0
asher/internal/api/codebuilder/php/core/class.go:63.40,64.36 1 37
asher/internal/api/codebuilder/php/core/class.go:64.36,66.4 1 15
asher/internal/api/codebuilder/php/core/class.go:74.72,75.42 1 28
asher/internal/api/codebuilder/php/core/class.go:80.2,80.93 1 0
asher/internal/api/codebuilder/php/core/class.go:75.42,76.33 1 58
asher/internal/api/codebuilder/php/core/class.go:76.33,78.4 1 28
asher/internal/api/codebuilder/php/core/class.go:86.55,88.2 1 5
asher/internal/api/codebuilder/php/core/class.go:90.61,91.25 1 0
asher/internal/api/codebuilder/php/core/class.go:91.25,93.3 1 0
asher/internal/api/codebuilder/php/core/class.go:96.61,97.28 1 0
asher/internal/api/codebuilder/php/core/class.go:97.28,98.41 1 0
asher/internal/api/codebuilder/php/core/class.go:101.3,101.28 1 0
asher/internal/api/codebuilder/php/core/class.go:98.41,100.4 1 0
asher/internal/api/codebuilder/php/core/class.go:105.61,106.25 1 0
asher/internal/api/codebuilder/php/core/class.go:106.25,108.3 1 0
asher/internal/api/codebuilder/php/core/class.go:111.61,112.28 1 0
asher/internal/api/codebuilder/php/core/class.go:112.28,113.41 1 0
asher/internal/api/codebuilder/php/core/class.go:113.41,116.18 3 0
asher/internal/api/codebuilder/php/core/class.go:116.18,118.5 1 0
asher/internal/api/codebuilder/php/core/class.go:123.68,124.35 1 0
asher/internal/api/codebuilder/php/core/class.go:124.35,126.17 2 0
asher/internal/api/codebuilder/php/core/class.go:126.17,128.4 1 0
asher/internal/api/codebuilder/php/core/class.go:132.63,133.30 1 0
asher/internal/api/codebuilder/php/core/class.go:133.30,134.43 1 0
asher/internal/api/codebuilder/php/core/class.go:134.43,137.4 2 0
asher/internal/api/codebuilder/php/core/parameter.go:11.42,15.2 1 0
asher/internal/api/codebuilder/php/core/parameter.go:17.42,19.2 1 0
asher/internal/api/codebuilder/php/core/parameter.go:21.33,23.2 1 0
asher/internal/api/codebuilder/php/core/parameter.go:25.37,27.2 1 0
asher/internal/impl/laravel/5.8/handler/context/model.go:10.31,12.2 1 1
asher/internal/impl/laravel/5.8/handler/context/model.go:14.57,16.2 1 5
asher/internal/impl/laravel/5.8/handler/context/model.go:18.48,20.2 1 9
asher/internal/api/tabbed_unit.go:11.40,12.17 1 0
asher/internal/api/tabbed_unit.go:15.2,15.11 1 0
asher/internal/api/tabbed_unit.go:12.17,14.3 1 0
asher/internal/api/codebuilder/php/core/var_assignment.go:17.80,24.2 1 2
asher/internal/api/codebuilder/php/core/var_assignment.go:26.46,28.2 1 0
asher/internal/api/codebuilder/php/core/var_assignment.go:30.37,32.2 1 4
asher/internal/api/codebuilder/php/core/var_assignment.go:34.41,39.2 3 0
asher/internal/api/asher_object_walker.go:15.89,17.2 1 0
asher/internal/api/asher_object_walker.go:22.40,27.2 2 0
asher/internal/api/asher_object_walker.go:29.46,30.50 1 0
asher/internal/api/asher_object_walker.go:30.50,32.3 1 0
asher/internal/api/codebuilder/php/core/php_emitter_file.go:17.105,24.2 1 0
asher/internal/api/codebuilder/php/core/php_emitter_file.go:26.44,28.2 1 0
asher/internal/api/codebuilder/php/core/php_emitter_file.go:30.40,32.2 1 0
asher/internal/api/codebuilder/php/core/php_emitter_file.go:34.54,36.2 1 0
asher/internal/api/codebuilder/php/core/php_emitter_file.go:38.41,40.2 1 0
asher/internal/api/codebuilder/php/core/php_emitter_file.go:42.42,45.35 3 0
asher/internal/api/codebuilder/php/core/php_emitter_file.go:48.2,48.25 1 0
asher/internal/api/codebuilder/php/core/php_emitter_file.go:45.35,47.3 1 0
asher/internal/api/codebuilder/php/core/return_statement.go:15.55,19.2 1 0
asher/internal/api/codebuilder/php/core/return_statement.go:21.48,23.2 1 0
asher/internal/api/codebuilder/php/core/return_statement.go:25.39,27.2 1 0
asher/internal/api/codebuilder/php/core/return_statement.go:29.43,33.2 3 0
asher/internal/impl/laravel/5.8/handler/audit_col.go:26.37,28.2 1 9
asher/internal/impl/laravel/5.8/handler/audit_col.go:30.107,36.2 4 9
asher/internal/impl/laravel/5.8/handler/audit_col.go:41.100,43.23 2 9
asher/internal/impl/laravel/5.8/handler/audit_col.go:51.2,51.72 1 4
asher/internal/impl/laravel/5.8/handler/audit_col.go:43.23,50.3 6 5
asher/internal/impl/laravel/5.8/handler/audit_col.go:54.95,56.20 1 5
asher/internal/impl/laravel/5.8/handler/audit_col.go:56.20,59.3 2 2
asher/internal/impl/laravel/5.8/handler/audit_col.go:62.98,64.21 1 5
asher/internal/impl/laravel/5.8/handler/audit_col.go:64.21,67.3 2 3
asher/internal/impl/laravel/5.8/handler/audit_col.go:70.103,72.16 2 5
asher/internal/impl/laravel/5.8/handler/audit_col.go:75.2,77.12 3 5
asher/internal/impl/laravel/5.8/handler/audit_col.go:72.16,74.3 1 0
asher/internal/impl/laravel/5.8/handler/audit_col.go:80.131,84.16 2 10
asher/internal/impl/laravel/5.8/handler/audit_col.go:89.2,90.16 2 10
asher/internal/impl/laravel/5.8/handler/audit_col.go:94.2,96.12 3 10
asher/internal/impl/laravel/5.8/handler/audit_col.go:84.16,86.3 1 0
asher/internal/impl/laravel/5.8/handler/audit_col.go:90.16,92.3 1 0
asher/internal/impl/laravel/5.8/handler/audit_col.go:99.104,102.26 3 9
asher/internal/impl/laravel/5.8/handler/audit_col.go:122.2,122.72 1 9
asher/internal/impl/laravel/5.8/handler/audit_col.go:102.26,107.17 3 4
asher/internal/impl/laravel/5.8/handler/audit_col.go:110.3,110.28 1 4
asher/internal/impl/laravel/5.8/handler/audit_col.go:114.3,114.31 1 4
asher/internal/impl/laravel/5.8/handler/audit_col.go:117.3,117.29 1 4
asher/internal/impl/laravel/5.8/handler/audit_col.go:107.17,109.4 1 0
asher/internal/impl/laravel/5.8/handler/audit_col.go:110.28,113.4 2 3
asher/internal/impl/laravel/5.8/handler/audit_col.go:114.31,116.4 1 3
asher/internal/impl/laravel/5.8/handler/audit_col.go:117.29,119.4 1 3
asher/internal/impl/laravel/5.8/handler/audit_col.go:126.96,128.16 2 12
asher/internal/impl/laravel/5.8/handler/audit_col.go:128.16,133.3 3 12
asher/internal/impl/laravel/5.8/handler/audit_col.go:136.71,138.66 2 4
asher/internal/impl/laravel/5.8/handler/audit_col.go:142.2,142.45 1 4
asher/internal/impl/laravel/5.8/handler/audit_col.go:138.66,141.3 1 0
asher/internal/impl/laravel/5.8/handler/audit_col.go:146.90,149.16 3 4
asher/internal/impl/laravel/5.8/handler/audit_col.go:154.2,155.16 2 4
asher/internal/impl/laravel/5.8/handler/audit_col.go:158.2,159.16 2 4
asher/internal/impl/laravel/5.8/handler/audit_col.go:162.2,162.39 1 4
asher/internal/impl/laravel/5.8/handler/audit_col.go:149.16,151.3 1 0
asher/internal/impl/laravel/5.8/handler/audit_col.go:155.16,157.3 1 0
asher/internal/impl/laravel/5.8/handler/audit_col.go:159.16,161.3 1 0
asher/internal/impl/laravel/5.8/handler/audit_col.go:165.57,167.23 1 4
asher/internal/impl/laravel/5.8/handler/audit_col.go:173.2,173.29 1 4
asher/internal/impl/laravel/5.8/handler/audit_col.go:168.28,169.30 1 0
asher/internal/impl/laravel/5.8/handler/audit_col.go:170.20,171.22 1 0
asher/internal/api/codebuilder/php/core/simple_statement.go:15.66,19.2 1 24
asher/internal/api/codebuilder/php/core/simple_statement.go:21.51,23.2 1 0
asher/internal/api/codebuilder/php/core/simple_statement.go:25.42,27.2 1 65
asher/internal/api/codebuilder/php/core/simple_statement.go:29.46,33.2 3 0
asher/internal/api/codebuilder/php/core/var_declaration.go:16.70,22.2 1 5
asher/internal/api/codebuilder/php/core/var_declaration.go:24.47,26.2 1 0
asher/internal/api/codebuilder/php/core/var_declaration.go:28.38,30.2 1 15
asher/internal/api/codebuilder/php/core/var_declaration.go:32.42,37.2 3 0
asher/internal/impl/laravel/5.8/handler/context/migration.go:17.51,19.2 1 0
asher/internal/impl/laravel/5.8/handler/context/migration.go:21.39,23.2 1 1
asher/internal/impl/laravel/5.8/handler/context/migration.go:28.69,30.2 1 4
asher/internal/impl/laravel/5.8/handler/context/migration.go:36.60,38.2 1 13
asher/internal/impl/laravel/5.8/handler/context/registry.go:12.46,14.2 1 27
asher/internal/api/codebuilder/php/core/function.go:20.30,29.2 1 23
asher/internal/api/codebuilder/php/core/function.go:31.40,33.2 1 0
asher/internal/api/codebuilder/php/core/function.go:35.32,36.18 1 66
asher/internal/api/codebuilder/php/core/function.go:39.2,39.15 1 58
asher/internal/api/codebuilder/php/core/function.go:36.18,38.3 1 8
asher/internal/api/codebuilder/php/core/function.go:42.36,48.38 5 0
asher/internal/api/codebuilder/php/core/function.go:52.2,53.25 2 0
asher/internal/api/codebuilder/php/core/function.go:48.38,51.3 2 0
asher/internal/api/codebuilder/php/core/function.go:59.75,60.39 1 12
asher/internal/api/codebuilder/php/core/function.go:66.2,66.48 1 12
asher/internal/api/codebuilder/php/core/function.go:60.39,62.27 2 25
asher/internal/api/codebuilder/php/core/function.go:62.27,64.4 1 0
asher/internal/api/codebuilder/php/core/function.go:72.65,73.39 1 40
asher/internal/api/codebuilder/php/core/function.go:78.2,78.83 1 0
asher/internal/api/codebuilder/php/core/function.go:73.39,74.29 1 65
asher/internal/api/codebuilder/php/core/function.go:74.29,76.4 1 40
asher/internal/api/codebuilder/php/core/function.go:84.58,86.2 1 12
asher/internal/api/codebuilder/php/core/return_array.go:15.48,19.2 1 10
asher/internal/api/codebuilder/php/core/return_array.go:21.44,23.2 1 0
asher/internal/api/codebuilder/php/core/return_array.go:25.35,27.2 1 20
asher/internal/api/codebuilder/php/core/return_array.go:29.39,33.2 3 0
asher/internal/api/codebuilder/php/core/return_array.go:38.53,40.2 1 10
asher/internal/api/codebuilder/php/builder/class.go:17.31,21.2 1 9
asher/internal/api/codebuilder/php/builder/class.go:26.56,30.2 1 0
asher/internal/api/codebuilder/php/builder/class.go:35.59,38.2 2 9
asher/internal/api/codebuilder/php/builder/class.go:43.70,45.2 1 10
asher/internal/api/codebuilder/php/builder/class.go:50.74,53.2 2 10
asher/internal/api/codebuilder/php/builder/class.go:58.70,61.2 2 5
asher/internal/api/codebuilder/php/builder/class.go:66.75,69.2 2 19
asher/internal/api/codebuilder/php/builder/class.go:74.66,77.2 2 0
asher/internal/api/codebuilder/php/builder/class.go:82.67,85.2 2 5
asher/internal/api/codebuilder/php/builder/class.go:90.66,92.2 1 5
asher/internal/api/codebuilder/php/builder/class.go:97.61,100.2 2 5
asher/internal/api/codebuilder/php/builder/class.go:102.44,104.2 1 9
asher/internal/api/codebuilder/php/builder/function.go:17.37,21.2 1 23
asher/internal/api/codebuilder/php/builder/function.go:23.72,27.2 1 0
asher/internal/api/codebuilder/php/builder/function.go:29.61,32.2 2 19
asher/internal/api/codebuilder/php/builder/function.go:34.65,36.2 1 9
asher/internal/api/codebuilder/php/builder/function.go:38.68,41.2 2 9
asher/internal/api/codebuilder/php/builder/function.go:43.80,45.2 1 23
asher/internal/api/codebuilder/php/builder/function.go:47.84,50.2 2 23
asher/internal/api/codebuilder/php/builder/function.go:52.66,55.2 2 19
asher/internal/api/codebuilder/php/builder/function.go:57.49,59.2 1 23
asher/internal/api/codebuilder/php/core/array_assignment.go:17.94,23.2 1 5
asher/internal/api/codebuilder/php/core/array_assignment.go:25.50,27.2 1 0
asher/internal/api/codebuilder/php/core/array_assignment.go:29.41,31.2 1 15
asher/internal/api/codebuilder/php/core/array_assignment.go:33.45,38.2 3 0
